#
# A fatal error has been detected by the Java Runtime Environment:
#
#  EXCEPTION_ACCESS_VIOLATION (0xc0000005) at pc=0x0000000070c17ed3, pid=4820, tid=8528
#
# JRE version: Java(TM) SE Runtime Environment (17.0.6+9) (build 17.0.6+9-LTS-190)
# Java VM: Java HotSpot(TM) 64-Bit Server VM (17.0.6+9-LTS-190, mixed mode, emulated-client, sharing, tiered, compressed oops, compressed class ptrs, g1 gc, windows-amd64)
# Problematic frame:
# C  [sqlite-3.36.0.3-da88441d-e1c8-41f5-893c-cd627661adca-sqlitejdbc.dll+0x57ed3]
#
# No core dump will be written. Minidumps are not enabled by default on client versions of Windows
#
# If you would like to submit a bug report, please visit:
#   https://bugreport.java.com/bugreport/crash.jsp
# The crash happened outside the Java Virtual Machine in native code.
# See problematic frame for where to report the bug.
#

---------------  S U M M A R Y ------------

Command Line: -XX:TieredStopAtLevel=1 -Dspring.output.ansi.enabled=always -Dcom.sun.management.jmxremote -Dspring.jmx.enabled=true -Dspring.liveBeansView.mbeanDomain -Dspring.application.admin.enabled=true -Dmanagement.endpoints.jmx.exposure.include=* -javaagent:C:\Program Files\JetBrains\IntelliJ IDEA 2023.1\lib\idea_rt.jar=14457:C:\Program Files\JetBrains\IntelliJ IDEA 2023.1\bin -Dfile.encoding=UTF-8 com.company.enroller.App

Host: 12th Gen Intel(R) Core(TM) i5-1235U, 12 cores, 15G,  Windows 11 , 64 bit Build 22621 (10.0.22621.1485)
Time: Thu Apr 27 01:21:27 2023  Windows 11 , 64 bit Build 22621 (10.0.22621.1485) elapsed time: 15.108418 seconds (0d 0h 0m 15s)

---------------  T H R E A D  ---------------

Current thread (0x000002317c24a580):  JavaThread "http-nio-8080-exec-8" daemon [_thread_in_native, id=8528, stack(0x000000d108b00000,0x000000d108c00000)]

Stack: [0x000000d108b00000,0x000000d108c00000],  sp=0x000000d108bfafc0,  free space=1003k
Native frames: (J=compiled Java code, j=interpreted, Vv=VM code, C=native code)
C  [sqlite-3.36.0.3-da88441d-e1c8-41f5-893c-cd627661adca-sqlitejdbc.dll+0x57ed3]

Java frames: (J=compiled Java code, j=interpreted, Vv=VM code)
j  org.sqlite.core.NativeDB.reset(J)I+0
j  org.sqlite.jdbc3.JDBC3PreparedStatement.executeQuery()Ljava/sql/ResultSet;+39
j  org.hibernate.engine.jdbc.internal.ResultSetReturnImpl.extract(Ljava/sql/PreparedStatement;)Ljava/sql/ResultSet;+23
j  org.hibernate.loader.plan.exec.internal.AbstractLoadPlanBasedLoader.getResultSet(Ljava/sql/PreparedStatement;Lorg/hibernate/engine/spi/RowSelection;Lorg/hibernate/dialect/pagination/LimitHandler;ZLorg/hibernate/engine/spi/SharedSessionContractImplementor;)Ljava/sql/ResultSet;+13
j  org.hibernate.loader.plan.exec.internal.AbstractLoadPlanBasedLoader.executeQueryStatement(Ljava/lang/String;Lorg/hibernate/engine/spi/QueryParameters;ZLorg/hibernate/engine/spi/SharedSessionContractImplementor;)Lorg/hibernate/loader/plan/exec/internal/AbstractLoadPlanBasedLoader$SqlStatementWrapper;+108
j  org.hibernate.loader.plan.exec.internal.AbstractLoadPlanBasedLoader.executeLoad(Lorg/hibernate/engine/spi/SharedSessionContractImplementor;Lorg/hibernate/engine/spi/QueryParameters;Lorg/hibernate/loader/plan/exec/spi/LoadQueryDetails;ZLorg/hibernate/transform/ResultTransformer;)Ljava/util/List;+73
j  org.hibernate.loader.entity.plan.AbstractLoadPlanBasedEntityLoader.load(Ljava/io/Serializable;Ljava/lang/Object;Lorg/hibernate/engine/spi/SharedSessionContractImplementor;Lorg/hibernate/LockOptions;Ljava/lang/Boolean;)Ljava/lang/Object;+101
j  org.hibernate.persister.entity.AbstractEntityPersister.doLoad(Ljava/io/Serializable;Ljava/lang/Object;Lorg/hibernate/LockOptions;Lorg/hibernate/engine/spi/SharedSessionContractImplementor;Ljava/lang/Boolean;)Ljava/lang/Object;+49
j  org.hibernate.persister.entity.AbstractEntityPersister.load(Ljava/io/Serializable;Ljava/lang/Object;Lorg/hibernate/LockOptions;Lorg/hibernate/engine/spi/SharedSessionContractImplementor;Ljava/lang/Boolean;)Ljava/lang/Object;+8
j  org.hibernate.event.internal.DefaultLoadEventListener.loadFromDatasource(Lorg/hibernate/event/spi/LoadEvent;Lorg/hibernate/persister/entity/EntityPersister;)Ljava/lang/Object;+21
j  org.hibernate.event.internal.DefaultLoadEventListener.doLoad(Lorg/hibernate/event/spi/LoadEvent;Lorg/hibernate/persister/entity/EntityPersister;Lorg/hibernate/engine/spi/EntityKey;Lorg/hibernate/event/spi/LoadEventListener$LoadType;)Ljava/lang/Object;+167
j  org.hibernate.event.internal.DefaultLoadEventListener.load(Lorg/hibernate/event/spi/LoadEvent;Lorg/hibernate/persister/entity/EntityPersister;Lorg/hibernate/engine/spi/EntityKey;Lorg/hibernate/event/spi/LoadEventListener$LoadType;)Ljava/lang/Object;+95
j  org.hibernate.event.internal.DefaultLoadEventListener.proxyOrLoad(Lorg/hibernate/event/spi/LoadEvent;Lorg/hibernate/persister/entity/EntityPersister;Lorg/hibernate/engine/spi/EntityKey;Lorg/hibernate/event/spi/LoadEventListener$LoadType;)Ljava/lang/Object;+386
j  org.hibernate.event.internal.DefaultLoadEventListener.doOnLoad(Lorg/hibernate/persister/entity/EntityPersister;Lorg/hibernate/event/spi/LoadEvent;Lorg/hibernate/event/spi/LoadEventListener$LoadType;)V+60
j  org.hibernate.event.internal.DefaultLoadEventListener.onLoad(Lorg/hibernate/event/spi/LoadEvent;Lorg/hibernate/event/spi/LoadEventListener$LoadType;)V+95
j  org.hibernate.internal.SessionImpl$$Lambda$850+0x0000000801377b90.applyEventToListener(Ljava/lang/Object;Ljava/lang/Object;Ljava/lang/Object;)V+12
j  org.hibernate.event.service.internal.EventListenerGroupImpl.fireEventOnEachListener(Ljava/lang/Object;Ljava/lang/Object;Lorg/hibernate/event/service/spi/EventActionWithParameter;)V+30
j  org.hibernate.internal.SessionImpl.fireLoadNoChecks(Lorg/hibernate/event/spi/LoadEvent;Lorg/hibernate/event/spi/LoadEventListener$LoadType;)V+18
j  org.hibernate.internal.SessionImpl.fireLoad(Lorg/hibernate/event/spi/LoadEvent;Lorg/hibernate/event/spi/LoadEventListener$LoadType;)V+7
j  org.hibernate.internal.SessionImpl.access$2100(Lorg/hibernate/internal/SessionImpl;Lorg/hibernate/event/spi/LoadEvent;Lorg/hibernate/event/spi/LoadEventListener$LoadType;)V+3
j  org.hibernate.internal.SessionImpl$IdentifierLoadAccessImpl.doLoad(Ljava/io/Serializable;)Ljava/lang/Object;+103
j  org.hibernate.internal.SessionImpl$IdentifierLoadAccessImpl.lambda$load$1(Ljava/io/Serializable;)Ljava/lang/Object;+2
j  org.hibernate.internal.SessionImpl$IdentifierLoadAccessImpl$$Lambda$849+0x0000000801376df8.get()Ljava/lang/Object;+8
j  org.hibernate.internal.SessionImpl$IdentifierLoadAccessImpl.perform(Ljava/util/function/Supplier;)Ljava/lang/Object;+84
j  org.hibernate.internal.SessionImpl$IdentifierLoadAccessImpl.load(Ljava/io/Serializable;)Ljava/lang/Object;+8
j  org.hibernate.internal.SessionImpl.get(Ljava/lang/Class;Ljava/io/Serializable;)Ljava/lang/Object;+6
j  com.company.enroller.persistence.MeetingService.findById(J)Lcom/company/enroller/model/Meeting;+10
j  com.company.enroller.controllers.MeetingRestController.getMeeting(J)Lorg/springframework/http/ResponseEntity;+5
v  ~StubRoutines::call_stub
J 2473  jdk.internal.reflect.NativeMethodAccessorImpl.invoke0(Ljava/lang/reflect/Method;Ljava/lang/Object;[Ljava/lang/Object;)Ljava/lang/Object; java.base@17.0.6 (0 bytes) @ 0x000002316a228027 [0x000002316a227fa0+0x0000000000000087]
J 2472 c1 jdk.internal.reflect.NativeMethodAccessorImpl.invoke(Ljava/lang/Object;[Ljava/lang/Object;)Ljava/lang/Object; java.base@17.0.6 (137 bytes) @ 0x000002316a228dcc [0x000002316a228a80+0x000000000000034c]
J 2252 c1 jdk.internal.reflect.DelegatingMethodAccessorImpl.invoke(Ljava/lang/Object;[Ljava/lang/Object;)Ljava/lang/Object; java.base@17.0.6 (10 bytes) @ 0x000002316a1cd0e4 [0x000002316a1cd0a0+0x0000000000000044]
J 2264 c1 java.lang.reflect.Method.invoke(Ljava/lang/Object;[Ljava/lang/Object;)Ljava/lang/Object; java.base@17.0.6 (65 bytes) @ 0x000002316a1d1aec [0x000002316a1d19e0+0x000000000000010c]
j  org.springframework.web.method.support.InvocableHandlerMethod.doInvoke([Ljava/lang/Object;)Ljava/lang/Object;+28
j  org.springframework.web.method.support.InvocableHandlerMethod.invokeForRequest(Lorg/springframework/web/context/request/NativeWebRequest;Lorg/springframework/web/method/support/ModelAndViewContainer;[Ljava/lang/Object;)Ljava/lang/Object;+54
j  org.springframework.web.servlet.mvc.method.annotation.ServletInvocableHandlerMethod.invokeAndHandle(Lorg/springframework/web/context/request/ServletWebRequest;Lorg/springframework/web/method/support/ModelAndViewContainer;[Ljava/lang/Object;)V+4
j  org.springframework.web.servlet.mvc.method.annotation.RequestMappingHandlerAdapter.invokeHandlerMethod(Ljavax/servlet/http/HttpServletRequest;Ljavax/servlet/http/HttpServletResponse;Lorg/springframework/web/method/HandlerMethod;)Lorg/springframework/web/servlet/ModelAndView;+244
j  org.springframework.web.servlet.mvc.method.annotation.RequestMappingHandlerAdapter.handleInternal(Ljavax/servlet/http/HttpServletRequest;Ljavax/servlet/http/HttpServletResponse;Lorg/springframework/web/method/HandlerMethod;)Lorg/springframework/web/servlet/ModelAndView;+81
j  org.springframework.web.servlet.mvc.method.AbstractHandlerMethodAdapter.handle(Ljavax/servlet/http/HttpServletRequest;Ljavax/servlet/http/HttpServletResponse;Ljava/lang/Object;)Lorg/springframework/web/servlet/ModelAndView;+7
j  org.springframework.web.servlet.DispatcherServlet.doDispatch(Ljavax/servlet/http/HttpServletRequest;Ljavax/servlet/http/HttpServletResponse;)V+259
j  org.springframework.web.servlet.DispatcherServlet.doService(Ljavax/servlet/http/HttpServletRequest;Ljavax/servlet/http/HttpServletResponse;)V+241
j  org.springframework.web.servlet.FrameworkServlet.processRequest(Ljavax/servlet/http/HttpServletRequest;Ljavax/servlet/http/HttpServletResponse;)V+71
j  org.springframework.web.servlet.FrameworkServlet.doGet(Ljavax/servlet/http/HttpServletRequest;Ljavax/servlet/http/HttpServletResponse;)V+3
j  javax.servlet.http.HttpServlet.service(Ljavax/servlet/http/HttpServletRequest;Ljavax/servlet/http/HttpServletResponse;)V+35
j  org.springframework.web.servlet.FrameworkServlet.service(Ljavax/servlet/http/HttpServletRequest;Ljavax/servlet/http/HttpServletResponse;)V+33
j  javax.servlet.http.HttpServlet.service(Ljavax/servlet/ServletRequest;Ljavax/servlet/ServletResponse;)V+36
j  org.apache.catalina.core.ApplicationFilterChain.internalDoFilter(Ljavax/servlet/ServletRequest;Ljavax/servlet/ServletResponse;)V+304
j  org.apache.catalina.core.ApplicationFilterChain.doFilter(Ljavax/servlet/ServletRequest;Ljavax/servlet/ServletResponse;)V+99
j  org.apache.tomcat.websocket.server.WsFilter.doFilter(Ljavax/servlet/ServletRequest;Ljavax/servlet/ServletResponse;Ljavax/servlet/FilterChain;)V+21
j  org.apache.catalina.core.ApplicationFilterChain.internalDoFilter(Ljavax/servlet/ServletRequest;Ljavax/servlet/ServletResponse;)V+135
j  org.apache.catalina.core.ApplicationFilterChain.doFilter(Ljavax/servlet/ServletRequest;Ljavax/servlet/ServletResponse;)V+99
j  org.springframework.security.web.FilterChainProxy$VirtualFilterChain.doFilter(Ljavax/servlet/ServletRequest;Ljavax/servlet/ServletResponse;)V+52
j  org.springframework.security.web.access.intercept.FilterSecurityInterceptor.invoke(Lorg/springframework/security/web/FilterInvocation;)V+79
j  org.springframework.security.web.access.intercept.FilterSecurityInterceptor.doFilter(Ljavax/servlet/ServletRequest;Ljavax/servlet/ServletResponse;Ljavax/servlet/FilterChain;)V+11
j  org.springframework.security.web.FilterChainProxy$VirtualFilterChain.doFilter(Ljavax/servlet/ServletRequest;Ljavax/servlet/ServletResponse;)V+136
j  org.springframework.security.web.access.ExceptionTranslationFilter.doFilter(Ljavax/servlet/http/HttpServletRequest;Ljavax/servlet/http/HttpServletResponse;Ljavax/servlet/FilterChain;)V+3
j  org.springframework.security.web.access.ExceptionTranslationFilter.doFilter(Ljavax/servlet/ServletRequest;Ljavax/servlet/ServletResponse;Ljavax/servlet/FilterChain;)V+10
j  org.springframework.security.web.FilterChainProxy$VirtualFilterChain.doFilter(Ljavax/servlet/ServletRequest;Ljavax/servlet/ServletResponse;)V+136
j  org.springframework.security.web.session.SessionManagementFilter.doFilter(Ljavax/servlet/http/HttpServletRequest;Ljavax/servlet/http/HttpServletResponse;Ljavax/servlet/FilterChain;)V+210
j  org.springframework.security.web.session.SessionManagementFilter.doFilter(Ljavax/servlet/ServletRequest;Ljavax/servlet/ServletResponse;Ljavax/servlet/FilterChain;)V+10
j  org.springframework.security.web.FilterChainProxy$VirtualFilterChain.doFilter(Ljavax/servlet/ServletRequest;Ljavax/servlet/ServletResponse;)V+136
j  org.springframework.security.web.authentication.AnonymousAuthenticationFilter.doFilter(Ljavax/servlet/ServletRequest;Ljavax/servlet/ServletResponse;Ljavax/servlet/FilterChain;)V+118
j  org.springframework.security.web.FilterChainProxy$VirtualFilterChain.doFilter(Ljavax/servlet/ServletRequest;Ljavax/servlet/ServletResponse;)V+136
j  org.springframework.security.web.servletapi.SecurityContextHolderAwareRequestFilter.doFilter(Ljavax/servlet/ServletRequest;Ljavax/servlet/ServletResponse;Ljavax/servlet/FilterChain;)V+19
j  org.springframework.security.web.FilterChainProxy$VirtualFilterChain.doFilter(Ljavax/servlet/ServletRequest;Ljavax/servlet/ServletResponse;)V+136
j  org.springframework.security.web.savedrequest.RequestCacheAwareFilter.doFilter(Ljavax/servlet/ServletRequest;Ljavax/servlet/ServletResponse;Ljavax/servlet/FilterChain;)V+32
j  org.springframework.security.web.FilterChainProxy$VirtualFilterChain.doFilter(Ljavax/servlet/ServletRequest;Ljavax/servlet/ServletResponse;)V+136
j  com.company.enroller.security.JWTAuthorizationFilter.doFilterInternal(Ljavax/servlet/http/HttpServletRequest;Ljavax/servlet/http/HttpServletResponse;Ljavax/servlet/FilterChain;)V+58
j  org.springframework.web.filter.OncePerRequestFilter.doFilter(Ljavax/servlet/ServletRequest;Ljavax/servlet/ServletResponse;Ljavax/servlet/FilterChain;)V+147
j  org.springframework.security.web.FilterChainProxy$VirtualFilterChain.doFilter(Ljavax/servlet/ServletRequest;Ljavax/servlet/ServletResponse;)V+136
j  org.springframework.security.web.authentication.AbstractAuthenticationProcessingFilter.doFilter(Ljavax/servlet/http/HttpServletRequest;Ljavax/servlet/http/HttpServletResponse;Ljavax/servlet/FilterChain;)V+12
j  org.springframework.security.web.authentication.AbstractAuthenticationProcessingFilter.doFilter(Ljavax/servlet/ServletRequest;Ljavax/servlet/ServletResponse;Ljavax/servlet/FilterChain;)V+10
j  org.springframework.security.web.FilterChainProxy$VirtualFilterChain.doFilter(Ljavax/servlet/ServletRequest;Ljavax/servlet/ServletResponse;)V+136
j  org.springframework.security.web.authentication.logout.LogoutFilter.doFilter(Ljavax/servlet/http/HttpServletRequest;Ljavax/servlet/http/HttpServletResponse;Ljavax/servlet/FilterChain;)V+77
j  org.springframework.security.web.authentication.logout.LogoutFilter.doFilter(Ljavax/servlet/ServletRequest;Ljavax/servlet/ServletResponse;Ljavax/servlet/FilterChain;)V+10
j  org.springframework.security.web.FilterChainProxy$VirtualFilterChain.doFilter(Ljavax/servlet/ServletRequest;Ljavax/servlet/ServletResponse;)V+136
j  org.springframework.security.web.header.HeaderWriterFilter.doHeadersAfter(Ljavax/servlet/http/HttpServletRequest;Ljavax/servlet/http/HttpServletResponse;Ljavax/servlet/FilterChain;)V+29
j  org.springframework.security.web.header.HeaderWriterFilter.doFilterInternal(Ljavax/servlet/http/HttpServletRequest;Ljavax/servlet/http/HttpServletResponse;Ljavax/servlet/FilterChain;)V+21
j  org.springframework.web.filter.OncePerRequestFilter.doFilter(Ljavax/servlet/ServletRequest;Ljavax/servlet/ServletResponse;Ljavax/servlet/FilterChain;)V+147
j  org.springframework.security.web.FilterChainProxy$VirtualFilterChain.doFilter(Ljavax/servlet/ServletRequest;Ljavax/servlet/ServletResponse;)V+136
j  org.springframework.security.web.context.SecurityContextPersistenceFilter.doFilter(Ljavax/servlet/http/HttpServletRequest;Ljavax/servlet/http/HttpServletResponse;Ljavax/servlet/FilterChain;)V+181
j  org.springframework.security.web.context.SecurityContextPersistenceFilter.doFilter(Ljavax/servlet/ServletRequest;Ljavax/servlet/ServletResponse;Ljavax/servlet/FilterChain;)V+10
j  org.springframework.security.web.FilterChainProxy$VirtualFilterChain.doFilter(Ljavax/servlet/ServletRequest;Ljavax/servlet/ServletResponse;)V+136
j  org.springframework.security.web.context.request.async.WebAsyncManagerIntegrationFilter.doFilterInternal(Ljavax/servlet/http/HttpServletRequest;Ljavax/servlet/http/HttpServletResponse;Ljavax/servlet/FilterChain;)V+42
j  org.springframework.web.filter.OncePerRequestFilter.doFilter(Ljavax/servlet/ServletRequest;Ljavax/servlet/ServletResponse;Ljavax/servlet/FilterChain;)V+147
j  org.springframework.security.web.FilterChainProxy$VirtualFilterChain.doFilter(Ljavax/servlet/ServletRequest;Ljavax/servlet/ServletResponse;)V+136
j  org.springframework.security.web.FilterChainProxy.doFilterInternal(Ljavax/servlet/ServletRequest;Ljavax/servlet/ServletResponse;Ljavax/servlet/FilterChain;)V+148
j  org.springframework.security.web.FilterChainProxy.doFilter(Ljavax/servlet/ServletRequest;Ljavax/servlet/ServletResponse;Ljavax/servlet/FilterChain;)V+48
j  org.springframework.web.filter.DelegatingFilterProxy.invokeDelegate(Ljavax/servlet/Filter;Ljavax/servlet/ServletRequest;Ljavax/servlet/ServletResponse;Ljavax/servlet/FilterChain;)V+5
j  org.springframework.web.filter.DelegatingFilterProxy.doFilter(Ljavax/servlet/ServletRequest;Ljavax/servlet/ServletResponse;Ljavax/servlet/FilterChain;)V+85
j  org.apache.catalina.core.ApplicationFilterChain.internalDoFilter(Ljavax/servlet/ServletRequest;Ljavax/servlet/ServletResponse;)V+135
j  org.apache.catalina.core.ApplicationFilterChain.doFilter(Ljavax/servlet/ServletRequest;Ljavax/servlet/ServletResponse;)V+99
j  org.springframework.web.filter.RequestContextFilter.doFilterInternal(Ljavax/servlet/http/HttpServletRequest;Ljavax/servlet/http/HttpServletResponse;Ljavax/servlet/FilterChain;)V+21
j  org.springframework.web.filter.OncePerRequestFilter.doFilter(Ljavax/servlet/ServletRequest;Ljavax/servlet/ServletResponse;Ljavax/servlet/FilterChain;)V+147
j  org.apache.catalina.core.ApplicationFilterChain.internalDoFilter(Ljavax/servlet/ServletRequest;Ljavax/servlet/ServletResponse;)V+135
j  org.apache.catalina.core.ApplicationFilterChain.doFilter(Ljavax/servlet/ServletRequest;Ljavax/servlet/ServletResponse;)V+99
j  org.springframework.web.filter.FormContentFilter.doFilterInternal(Ljavax/servlet/http/HttpServletRequest;Ljavax/servlet/http/HttpServletResponse;Ljavax/servlet/FilterChain;)V+38
j  org.springframework.web.filter.OncePerRequestFilter.doFilter(Ljavax/servlet/ServletRequest;Ljavax/servlet/ServletResponse;Ljavax/servlet/FilterChain;)V+147
j  org.apache.catalina.core.ApplicationFilterChain.internalDoFilter(Ljavax/servlet/ServletRequest;Ljavax/servlet/ServletResponse;)V+135
j  org.apache.catalina.core.ApplicationFilterChain.doFilter(Ljavax/servlet/ServletRequest;Ljavax/servlet/ServletResponse;)V+99
j  org.springframework.web.filter.CharacterEncodingFilter.doFilterInternal(Ljavax/servlet/http/HttpServletRequest;Ljavax/servlet/http/HttpServletResponse;Ljavax/servlet/FilterChain;)V+53
j  org.springframework.web.filter.OncePerRequestFilter.doFilter(Ljavax/servlet/ServletRequest;Ljavax/servlet/ServletResponse;Ljavax/servlet/FilterChain;)V+147
j  org.apache.catalina.core.ApplicationFilterChain.internalDoFilter(Ljavax/servlet/ServletRequest;Ljavax/servlet/ServletResponse;)V+135
j  org.apache.catalina.core.ApplicationFilterChain.doFilter(Ljavax/servlet/ServletRequest;Ljavax/servlet/ServletResponse;)V+99
j  org.apache.catalina.core.StandardWrapperValve.invoke(Lorg/apache/catalina/connector/Request;Lorg/apache/catalina/connector/Response;)V+694
j  org.apache.catalina.core.StandardContextValve.invoke(Lorg/apache/catalina/connector/Request;Lorg/apache/catalina/connector/Response;)V+169
j  org.apache.catalina.authenticator.AuthenticatorBase.invoke(Lorg/apache/catalina/connector/Request;Lorg/apache/catalina/connector/Response;)V+260
j  org.apache.catalina.core.StandardHostValve.invoke(Lorg/apache/catalina/connector/Request;Lorg/apache/catalina/connector/Response;)V+128
j  org.apache.catalina.valves.ErrorReportValve.invoke(Lorg/apache/catalina/connector/Request;Lorg/apache/catalina/connector/Response;)V+6
j  org.apache.catalina.core.StandardEngineValve.invoke(Lorg/apache/catalina/connector/Request;Lorg/apache/catalina/connector/Response;)V+59
j  org.apache.catalina.connector.CoyoteAdapter.service(Lorg/apache/coyote/Request;Lorg/apache/coyote/Response;)V+203
j  org.apache.coyote.http11.Http11Processor.service(Lorg/apache/tomcat/util/net/SocketWrapperBase;)Lorg/apache/tomcat/util/net/AbstractEndpoint$Handler$SocketState;+796
j  org.apache.coyote.AbstractProcessorLight.process(Lorg/apache/tomcat/util/net/SocketWrapperBase;Lorg/apache/tomcat/util/net/SocketEvent;)Lorg/apache/tomcat/util/net/AbstractEndpoint$Handler$SocketState;+170
j  org.apache.coyote.AbstractProtocol$ConnectionHandler.process(Lorg/apache/tomcat/util/net/SocketWrapperBase;Lorg/apache/tomcat/util/net/SocketEvent;)Lorg/apache/tomcat/util/net/AbstractEndpoint$Handler$SocketState;+495
j  org.apache.tomcat.util.net.NioEndpoint$SocketProcessor.doRun()V+216
j  org.apache.tomcat.util.net.SocketProcessorBase.run()V+21
j  org.apache.tomcat.util.threads.ThreadPoolExecutor.runWorker(Lorg/apache/tomcat/util/threads/ThreadPoolExecutor$Worker;)V+92
j  org.apache.tomcat.util.threads.ThreadPoolExecutor$Worker.run()V+5
j  org.apache.tomcat.util.threads.TaskThread$WrappingRunnable.run()V+4
j  java.lang.Thread.run()V+11 java.base@17.0.6
v  ~StubRoutines::call_stub

siginfo: EXCEPTION_ACCESS_VIOLATION (0xc0000005), reading address 0xffffffffffffffff


Register to memory mapping:

RIP=0x0000000070c17ed3 sqlite-3.36.0.3-da88441d-e1c8-41f5-893c-cd627661adca-sqlitejdbc.dll
RAX=0x0 is NULL
RBX=0x00000231796caad8 points into unknown readable memory: 0x6d207463656c6573 | 73 65 6c 65 63 74 20 6d
RCX=0x00000231796caad8 points into unknown readable memory: 0x6d207463656c6573 | 73 65 6c 65 63 74 20 6d
RDX=0x000000d108bfb0d0 is pointing into the stack for thread: 0x000002317c24a580
RSP=0x000000d108bfafc0 is pointing into the stack for thread: 0x000002317c24a580
RBP=0x000000d108bfb0a0 is pointing into the stack for thread: 0x000002317c24a580
RSI=0x6d207463656c6573 is an unknown value
RDI=0x0 is NULL
R8 =0x00000231796caad8 points into unknown readable memory: 0x6d207463656c6573 | 73 65 6c 65 63 74 20 6d
R9 =0x0 is NULL
R10=0x0000023169bbdafd is at code_begin+1149 in an Interpreter codelet
method entry point (kind = native_synchronized)  [0x0000023169bbd680, 0x0000023169bbe0e0]  2656 bytes
R11=0x0000000000000121 is an unknown value
R12=0x0 is NULL
R13={method} {0x000002317d6be4e0} 'reset' '(J)I' in 'org/sqlite/core/NativeDB'
R14=0x000000d108bfb0d0 is pointing into the stack for thread: 0x000002317c24a580
R15=0x000002317c24a580 is a thread


Registers:
RAX=0x0000000000000000, RBX=0x00000231796caad8, RCX=0x00000231796caad8, RDX=0x000000d108bfb0d0
RSP=0x000000d108bfafc0, RBP=0x000000d108bfb0a0, RSI=0x6d207463656c6573, RDI=0x0000000000000000
R8 =0x00000231796caad8, R9 =0x0000000000000000, R10=0x0000023169bbdafd, R11=0x0000000000000121
R12=0x0000000000000000, R13=0x000002317d6be4d8, R14=0x000000d108bfb0d0, R15=0x000002317c24a580
RIP=0x0000000070c17ed3, EFLAGS=0x0000000000010206

Top of Stack: (sp=0x000000d108bfafc0)
0x000000d108bfafc0:   000002317c6ee400 0000000000000005
0x000000d108bfafd0:   000000d100000002 000002317c6b49b0
0x000000d108bfafe0:   000002317c6b48f0 00007ffa0742c25d
0x000000d108bfaff0:   000002317c24a580 000002317d6be4d8
0x000000d108bfb000:   0000000000000000 0000023169bbdb2c
0x000000d108bfb010:   0000000000000000 0000023169bbd88b
0x000000d108bfb020:   000002317d6be4d8 000000d108bfb0a0
0x000000d108bfb030:   0000000000000000 000000d108bfb0b0
0x000000d108bfb040:   0000023169bbd832 0000000000000003
0x000000d108bfb050:   0000000704e57410 000000d108bfb048
0x000000d108bfb060:   000002317d6be4d8 000000d108bfb0d0
0x000000d108bfb070:   000002317d50c210 0000000000000000
0x000000d108bfb080:   0000000704fd0340 000002317d6be4d8
0x000000d108bfb090:   0000000000000000 000000d108bfb0c0
0x000000d108bfb0a0:   000000d108bfb120 0000023169bb94ea
0x000000d108bfb0b0:   0000000000000000 0000023169bbac16 

Instructions: (pc=0x0000000070c17ed3)
0x0000000070c17dd3:   20 48 8b 13 e8 2c af fb ff 48 8b 43 10 48 89 43
0x0000000070c17de3:   28 eb 17 48 8b 4c 24 40 49 89 c0 48 89 da 48 81
0x0000000070c17df3:   c1 cf 01 00 00 e8 89 b0 fb ff 45 31 ed 48 8b 43
0x0000000070c17e03:   18 45 89 2c 24 48 89 45 28 48 81 c4 28 01 00 00
0x0000000070c17e13:   5b 5e 5f 5d 41 5c 41 5d 41 5e 41 5f c3 48 83 ec
0x0000000070c17e23:   38 48 8d 05 6d 8c ff ff 48 89 44 24 20 e8 17 f3
0x0000000070c17e33:   ff ff 48 83 c4 38 c3 56 53 48 83 ec 28 48 8b 31
0x0000000070c17e43:   48 89 cb 48 8b 49 10 48 85 c9 74 05 e8 78 cc ff
0x0000000070c17e53:   ff 48 8b 93 58 01 00 00 48 89 f1 e8 63 53 fc ff
0x0000000070c17e63:   48 8b 93 60 01 00 00 48 85 d2 74 15 48 8b 42 28
0x0000000070c17e73:   48 89 f1 48 89 83 60 01 00 00 e8 1e 44 fc ff eb
0x0000000070c17e83:   df 48 8b 93 68 01 00 00 48 89 f1 e8 b6 54 fc ff
0x0000000070c17e93:   48 8b 53 08 48 89 f1 e8 a8 51 fb ff 48 8b 93 a8
0x0000000070c17ea3:   01 00 00 48 89 f1 e8 5f 53 fb ff 48 89 d9 48 83
0x0000000070c17eb3:   c4 28 5b 5e e9 27 42 fc ff 56 53 48 83 ec 38 31
0x0000000070c17ec3:   c0 48 85 c9 48 89 cb 0f 84 84 00 00 00 48 8b 31
0x0000000070c17ed3:   48 8b 4e 18 e8 3d c1 fa ff 48 83 bb b8 00 00 00
0x0000000070c17ee3:   00 7e 0b 48 89 da 48 89 f1 e8 15 4f fb ff 48 89
0x0000000070c17ef3:   d9 e8 0f cb ff ff 48 89 f1 89 c2 c7 43 24 a3 0d
0x0000000070c17f03:   f2 2d c7 43 34 ff ff ff ff c7 43 38 00 00 00 00
0x0000000070c17f13:   c6 83 c2 00 00 00 02 c7 43 3c 00 00 00 00 c7 43
0x0000000070c17f23:   30 01 00 00 00 c6 83 c3 00 00 00 ff c7 43 40 00
0x0000000070c17f33:   00 00 00 48 c7 43 50 00 00 00 00 e8 6c a4 fb ff
0x0000000070c17f43:   48 8b 4e 18 89 44 24 2c e8 e5 c0 fa ff 8b 44 24
0x0000000070c17f53:   2c 48 83 c4 38 5b 5e c3 55 57 56 53 48 83 ec 28
0x0000000070c17f63:   48 8b 31 48 89 cf 48 8b 89 a0 00 00 00 e8 fa 4f
0x0000000070c17f73:   fb ff 48 8b 8f b0 00 00 00 e8 ee 4f fb ff 48 8b
0x0000000070c17f83:   5f 38 48 85 db 74 36 83 7f 20 05 b8 02 00 00 00
0x0000000070c17f93:   75 09 31 c0 83 7f 24 00 0f 95 c0 48 8b 56 28 48
0x0000000070c17fa3:   89 d9 48 8d 2c c2 48 83 7d 28 00 75 0b e8 07 ff
0x0000000070c17fb3:   ff ff 48 89 5d 28 eb 05 e8 47 cb ff ff 48 8b 5f
0x0000000070c17fc3:   48 48 85 db 74 10 48 8b 0b e8 36 cb ff ff 48 89 


Stack slot to memory mapping:
stack at sp + 0 slots: 0x000002317c6ee400 points into unknown readable memory: 0x0000000705c207e8 | e8 07 c2 05 07 00 00 00
stack at sp + 1 slots: 0x0000000000000005 is an unknown value
stack at sp + 2 slots: 0x000000d100000002 is an unknown value
stack at sp + 3 slots: 0x000002317c6b49b0 points into unknown readable memory: 0x0000000000000000 | 00 00 00 00 00 00 00 00
stack at sp + 4 slots: 0x000002317c6b48f0 points into unknown readable memory: 0x0000000000000002 | 02 00 00 00 00 00 00 00
stack at sp + 5 slots: 0x00007ffa0742c25d jvm.dll
stack at sp + 6 slots: 0x000002317c24a580 is a thread
stack at sp + 7 slots: {method} {0x000002317d6be4e0} 'reset' '(J)I' in 'org/sqlite/core/NativeDB'


---------------  P R O C E S S  ---------------

Threads class SMR info:
_java_thread_list=0x000002317a396c90, length=34, elements={
0x00000231791810f0, 0x0000023179181aa0, 0x0000023179195570, 0x0000023179195f20,
0x00000231791968d0, 0x0000023179197280, 0x000002317919a7b0, 0x00000231791bcc40,
0x0000023178e39710, 0x000002317956eaf0, 0x000002317a0712c0, 0x000002317a1db9c0,
0x000002317bd7c950, 0x000002317bd46030, 0x000002317beb7720, 0x000002317beb7e60,
0x000002317be3eb90, 0x000002317c247a30, 0x000002317c247f00, 0x000002317c2483d0,
0x000002317c248d70, 0x000002317c24aa50, 0x000002317c247090, 0x000002317c247560,
0x000002317c2488a0, 0x000002317c24a580, 0x000002317c249240, 0x000002317c249710,
0x000002317c249be0, 0x000002317c24a0b0, 0x000002317e894f50, 0x000002317e88ef10,
0x000002317e88f3e0, 0x000002317e8a7080
}

Java Threads: ( => current thread )
  0x00000231791810f0 JavaThread "Reference Handler" daemon [_thread_blocked, id=14416, stack(0x000000d106100000,0x000000d106200000)]
  0x0000023179181aa0 JavaThread "Finalizer" daemon [_thread_blocked, id=17836, stack(0x000000d106200000,0x000000d106300000)]
  0x0000023179195570 JavaThread "Signal Dispatcher" daemon [_thread_blocked, id=17984, stack(0x000000d106300000,0x000000d106400000)]
  0x0000023179195f20 JavaThread "Attach Listener" daemon [_thread_blocked, id=18508, stack(0x000000d106400000,0x000000d106500000)]
  0x00000231791968d0 JavaThread "Service Thread" daemon [_thread_blocked, id=2988, stack(0x000000d106500000,0x000000d106600000)]
  0x0000023179197280 JavaThread "Monitor Deflation Thread" daemon [_thread_blocked, id=16696, stack(0x000000d106600000,0x000000d106700000)]
  0x000002317919a7b0 JavaThread "C1 CompilerThread0" daemon [_thread_blocked, id=13620, stack(0x000000d106700000,0x000000d106800000)]
  0x00000231791bcc40 JavaThread "Sweeper thread" daemon [_thread_blocked, id=5132, stack(0x000000d106800000,0x000000d106900000)]
  0x0000023178e39710 JavaThread "Common-Cleaner" daemon [_thread_blocked, id=15900, stack(0x000000d106900000,0x000000d106a00000)]
  0x000002317956eaf0 JavaThread "Monitor Ctrl-Break" daemon [_thread_in_native, id=13348, stack(0x000000d106d00000,0x000000d106e00000)]
  0x000002317a0712c0 JavaThread "Notification Thread" daemon [_thread_blocked, id=3244, stack(0x000000d106e00000,0x000000d106f00000)]
  0x000002317a1db9c0 JavaThread "RMI TCP Accept-0" daemon [_thread_in_native, id=19120, stack(0x000000d106f00000,0x000000d107000000)]
  0x000002317bd7c950 JavaThread "RMI TCP Connection(1)-192.168.0.227" daemon [_thread_in_native, id=18360, stack(0x000000d107e00000,0x000000d107f00000)]
  0x000002317bd46030 JavaThread "RMI Scheduler(0)" daemon [_thread_blocked, id=8876, stack(0x000000d107f00000,0x000000d108000000)]
  0x000002317beb7720 JavaThread "Catalina-utility-1" [_thread_blocked, id=10944, stack(0x000000d108000000,0x000000d108100000)]
  0x000002317beb7e60 JavaThread "Catalina-utility-2" [_thread_blocked, id=19156, stack(0x000000d108100000,0x000000d108200000)]
  0x000002317be3eb90 JavaThread "container-0" [_thread_blocked, id=13624, stack(0x000000d108200000,0x000000d108300000)]
  0x000002317c247a30 JavaThread "Hibernate Connection Pool Validation Thread" daemon [_thread_blocked, id=18912, stack(0x000000d108300000,0x000000d108400000)]
  0x000002317c247f00 JavaThread "http-nio-8080-exec-1" daemon [_thread_blocked, id=5076, stack(0x000000d108400000,0x000000d108500000)]
  0x000002317c2483d0 JavaThread "http-nio-8080-exec-2" daemon [_thread_blocked, id=10368, stack(0x000000d108500000,0x000000d108600000)]
  0x000002317c248d70 JavaThread "http-nio-8080-exec-3" daemon [_thread_blocked, id=10308, stack(0x000000d108600000,0x000000d108700000)]
  0x000002317c24aa50 JavaThread "http-nio-8080-exec-4" daemon [_thread_blocked, id=15444, stack(0x000000d108700000,0x000000d108800000)]
  0x000002317c247090 JavaThread "http-nio-8080-exec-5" daemon [_thread_blocked, id=1648, stack(0x000000d108800000,0x000000d108900000)]
  0x000002317c247560 JavaThread "http-nio-8080-exec-6" daemon [_thread_blocked, id=1860, stack(0x000000d108900000,0x000000d108a00000)]
  0x000002317c2488a0 JavaThread "http-nio-8080-exec-7" daemon [_thread_blocked, id=1700, stack(0x000000d108a00000,0x000000d108b00000)]
=>0x000002317c24a580 JavaThread "http-nio-8080-exec-8" daemon [_thread_in_native, id=8528, stack(0x000000d108b00000,0x000000d108c00000)]
  0x000002317c249240 JavaThread "http-nio-8080-exec-9" daemon [_thread_blocked, id=19040, stack(0x000000d108c00000,0x000000d108d00000)]
  0x000002317c249710 JavaThread "http-nio-8080-exec-10" daemon [_thread_blocked, id=12836, stack(0x000000d108d00000,0x000000d108e00000)]
  0x000002317c249be0 JavaThread "http-nio-8080-Poller" daemon [_thread_in_native, id=11252, stack(0x000000d108e00000,0x000000d108f00000)]
  0x000002317c24a0b0 JavaThread "http-nio-8080-Acceptor" daemon [_thread_in_native, id=5960, stack(0x000000d108f00000,0x000000d109000000)]
  0x000002317e894f50 JavaThread "DestroyJavaVM" [_thread_blocked, id=19288, stack(0x000000d105a00000,0x000000d105b00000)]
  0x000002317e88ef10 JavaThread "RMI TCP Connection(2)-192.168.0.227" daemon [_thread_in_native, id=8048, stack(0x000000d109000000,0x000000d109100000)]
  0x000002317e88f3e0 JavaThread "RMI TCP Connection(3)-192.168.0.227" daemon [_thread_in_native, id=12020, stack(0x000000d109100000,0x000000d109200000)]
  0x000002317e8a7080 JavaThread "C1 CompilerThread1" daemon [_thread_blocked, id=2112, stack(0x000000d106a00000,0x000000d106b00000)]

Other Threads:
  0x000002317917a3d0 VMThread "VM Thread" [stack: 0x000000d106000000,0x000000d106100000] [id=16804]
  0x00000231623e4d50 WatcherThread [stack: 0x000000d107000000,0x000000d107100000] [id=9000]
  0x00000231623cce40 GCTaskThread "GC Thread#0" [stack: 0x000000d105b00000,0x000000d105c00000] [id=6892]
  0x000002317a5ce780 GCTaskThread "GC Thread#1" [stack: 0x000000d107100000,0x000000d107200000] [id=6308]
  0x000002317a5cea30 GCTaskThread "GC Thread#2" [stack: 0x000000d107200000,0x000000d107300000] [id=13160]
  0x000002317a5cf0f0 GCTaskThread "GC Thread#3" [stack: 0x000000d107300000,0x000000d107400000] [id=6956]
  0x000002317a5e4480 GCTaskThread "GC Thread#4" [stack: 0x000000d107400000,0x000000d107500000] [id=3288]
  0x000002317a5e5b70 GCTaskThread "GC Thread#5" [stack: 0x000000d107500000,0x000000d107600000] [id=1336]
  0x000002317a60b6b0 GCTaskThread "GC Thread#6" [stack: 0x000000d107600000,0x000000d107700000] [id=14428]
  0x000002317a60bd70 GCTaskThread "GC Thread#7" [stack: 0x000000d107700000,0x000000d107800000] [id=18936]
  0x000002317a60c430 GCTaskThread "GC Thread#8" [stack: 0x000000d107800000,0x000000d107900000] [id=11248]
  0x000002317a751b90 GCTaskThread "GC Thread#9" [stack: 0x000000d107c00000,0x000000d107d00000] [id=6688]
  0x00000231623ddab0 ConcurrentGCThread "G1 Main Marker" [stack: 0x000000d105c00000,0x000000d105d00000] [id=2568]
  0x00000231623def30 ConcurrentGCThread "G1 Conc#0" [stack: 0x000000d105d00000,0x000000d105e00000] [id=7944]
  0x000002317bd74cf0 ConcurrentGCThread "G1 Conc#1" [stack: 0x000000d107b00000,0x000000d107c00000] [id=10012]
  0x000002317bd757b0 ConcurrentGCThread "G1 Conc#2" [stack: 0x000000d107d00000,0x000000d107e00000] [id=9204]
  0x00000231623febe0 ConcurrentGCThread "G1 Refine#0" [stack: 0x000000d105e00000,0x000000d105f00000] [id=6012]
  0x000002317a60da10 ConcurrentGCThread "G1 Refine#1" [stack: 0x000000d107900000,0x000000d107a00000] [id=6356]
  0x000002317a60dcf0 ConcurrentGCThread "G1 Refine#2" [stack: 0x000000d107a00000,0x000000d107b00000] [id=17524]
  0x0000023178cfdad0 ConcurrentGCThread "G1 Service" [stack: 0x000000d105f00000,0x000000d106000000] [id=19232]

Threads with active compile tasks:

VM state: not at safepoint (normal execution)

VM Mutex/Monitor currently owned by a thread: None

Heap address: 0x0000000704800000, size: 4024 MB, Compressed Oops mode: Zero based, Oop shift amount: 3

CDS archive(s) mapped at: [0x0000000800000000-0x0000000800bd0000-0x0000000800bd0000), size 12386304, SharedBaseAddress: 0x0000000800000000, ArchiveRelocationMode: 0.
Compressed class space mapped at: 0x0000000800c00000-0x0000000840c00000, reserved size: 1073741824
Narrow klass base: 0x0000000800000000, Narrow klass shift: 0, Narrow klass range: 0x100000000

GC Precious Log:
 CPUs: 12 total, 12 available
 Memory: 16088M
 Large Page Support: Disabled
 NUMA Support: Disabled
 Compressed Oops: Enabled (Zero based)
 Heap Region Size: 2M
 Heap Min Capacity: 8M
 Heap Initial Capacity: 252M
 Heap Max Capacity: 4024M
 Pre-touch: Disabled
 Parallel Workers: 10
 Concurrent Workers: 3
 Concurrent Refinement Workers: 10
 Periodic GC: Disabled

Heap:
 garbage-first heap   total 61440K, used 24525K [0x0000000704800000, 0x0000000800000000)
  region size 2048K, 4 young (8192K), 1 survivors (2048K)
 Metaspace       used 53617K, committed 54016K, reserved 1097728K
  class space    used 7531K, committed 7744K, reserved 1048576K

Heap Regions: E=young(eden), S=young(survivor), O=old, HS=humongous(starts), HC=humongous(continues), CS=collection set, F=free, OA=open archive, CA=closed archive, TAMS=top-at-mark-start (previous, next)
|   0|0x0000000704800000, 0x0000000704a00000, 0x0000000704a00000|100%| O|  |TAMS 0x0000000704a00000, 0x0000000704800000| Untracked 
|   1|0x0000000704a00000, 0x0000000704c00000, 0x0000000704c00000|100%| O|  |TAMS 0x0000000704c00000, 0x0000000704a00000| Untracked 
|   2|0x0000000704c00000, 0x0000000704e00000, 0x0000000704e00000|100%| O|  |TAMS 0x0000000704e00000, 0x0000000704c00000| Untracked 
|   3|0x0000000704e00000, 0x0000000705000000, 0x0000000705000000|100%| O|  |TAMS 0x0000000704e00000, 0x0000000704e00000| Untracked 
|   4|0x0000000705000000, 0x0000000705200000, 0x0000000705200000|100%| O|  |TAMS 0x0000000705200000, 0x0000000705000000| Untracked 
|   5|0x0000000705200000, 0x0000000705400000, 0x0000000705400000|100%| O|  |TAMS 0x0000000705400000, 0x0000000705200000| Untracked 
|   6|0x0000000705400000, 0x0000000705600000, 0x0000000705600000|100%| O|  |TAMS 0x0000000705400000, 0x0000000705400000| Untracked 
|   7|0x0000000705600000, 0x0000000705800000, 0x0000000705800000|100%| O|  |TAMS 0x0000000705600000, 0x0000000705600000| Untracked 
|   8|0x0000000705800000, 0x0000000705845200, 0x0000000705a00000| 13%| O|  |TAMS 0x0000000705800000, 0x0000000705800000| Untracked 
|   9|0x0000000705a00000, 0x0000000705a00000, 0x0000000705c00000|  0%| F|  |TAMS 0x0000000705a00000, 0x0000000705a00000| Untracked 
|  10|0x0000000705c00000, 0x0000000705e00000, 0x0000000705e00000|100%| O|  |TAMS 0x0000000705e00000, 0x0000000705c00000| Untracked 
|  11|0x0000000705e00000, 0x0000000705e00000, 0x0000000706000000|  0%| F|  |TAMS 0x0000000705e00000, 0x0000000705e00000| Untracked 
|  12|0x0000000706000000, 0x0000000706000000, 0x0000000706200000|  0%| F|  |TAMS 0x0000000706000000, 0x0000000706000000| Untracked 
|  13|0x0000000706200000, 0x0000000706200000, 0x0000000706400000|  0%| F|  |TAMS 0x0000000706200000, 0x0000000706200000| Untracked 
|  14|0x0000000706400000, 0x0000000706400000, 0x0000000706600000|  0%| F|  |TAMS 0x0000000706400000, 0x0000000706400000| Untracked 
|  15|0x0000000706600000, 0x0000000706600000, 0x0000000706800000|  0%| F|  |TAMS 0x0000000706600000, 0x0000000706600000| Untracked 
|  16|0x0000000706800000, 0x0000000706800000, 0x0000000706a00000|  0%| F|  |TAMS 0x0000000706800000, 0x0000000706800000| Untracked 
|  17|0x0000000706a00000, 0x0000000706bae450, 0x0000000706c00000| 84%| S|CS|TAMS 0x0000000706a00000, 0x0000000706a00000| Complete 
|  18|0x0000000706c00000, 0x0000000706c00000, 0x0000000706e00000|  0%| F|  |TAMS 0x0000000706c00000, 0x0000000706c00000| Untracked 
|  19|0x0000000706e00000, 0x0000000706e00000, 0x0000000707000000|  0%| F|  |TAMS 0x0000000706e00000, 0x0000000706e00000| Untracked 
|  20|0x0000000707000000, 0x0000000707000000, 0x0000000707200000|  0%| F|  |TAMS 0x0000000707000000, 0x0000000707000000| Untracked 
|  21|0x0000000707200000, 0x0000000707200000, 0x0000000707400000|  0%| F|  |TAMS 0x0000000707200000, 0x0000000707200000| Untracked 
|  22|0x0000000707400000, 0x0000000707400000, 0x0000000707600000|  0%| F|  |TAMS 0x0000000707400000, 0x0000000707400000| Untracked 
|  23|0x0000000707600000, 0x0000000707600000, 0x0000000707800000|  0%| F|  |TAMS 0x0000000707600000, 0x0000000707600000| Untracked 
|  24|0x0000000707800000, 0x0000000707800000, 0x0000000707a00000|  0%| F|  |TAMS 0x0000000707800000, 0x0000000707800000| Untracked 
|  25|0x0000000707a00000, 0x0000000707a00000, 0x0000000707c00000|  0%| F|  |TAMS 0x0000000707a00000, 0x0000000707a00000| Untracked 
|  26|0x0000000707c00000, 0x0000000707c00000, 0x0000000707e00000|  0%| F|  |TAMS 0x0000000707c00000, 0x0000000707c00000| Untracked 
|  27|0x0000000707e00000, 0x0000000707ef8e60, 0x0000000708000000| 48%| E|  |TAMS 0x0000000707e00000, 0x0000000707e00000| Complete 
|  70|0x000000070d400000, 0x000000070d600000, 0x000000070d600000|100%| E|CS|TAMS 0x000000070d400000, 0x000000070d400000| Complete 
| 125|0x0000000714200000, 0x0000000714400000, 0x0000000714400000|100%| E|CS|TAMS 0x0000000714200000, 0x0000000714200000| Complete 

Card table byte_map: [0x000002316d6c0000,0x000002316dea0000] _byte_map_base: 0x0000023169e9c000

Marking Bits (Prev, Next): (CMBitMap*) 0x00000231623cd350, (CMBitMap*) 0x00000231623cd390
 Prev Bits: [0x000002316e680000, 0x0000023172560000)
 Next Bits: [0x0000023172560000, 0x0000023176440000)

Polling page: 0x0000023161b00000

Metaspace:

Usage:
  Non-class:     45.01 MB used.
      Class:      7.35 MB used.
       Both:     52.36 MB used.

Virtual space:
  Non-class space:       48.00 MB reserved,      45.19 MB ( 94%) committed,  6 nodes.
      Class space:        1.00 GB reserved,       7.56 MB ( <1%) committed,  1 nodes.
             Both:        1.05 GB reserved,      52.75 MB (  5%) committed. 

Chunk freelists:
   Non-Class:  2.57 MB
       Class:  398.00 KB
        Both:  2.95 MB

MaxMetaspaceSize: unlimited
CompressedClassSpaceSize: 1.00 GB
Initial GC threshold: 21.00 MB
Current GC threshold: 59.06 MB
CDS: on
MetaspaceReclaimPolicy: balanced
 - commit_granule_bytes: 65536.
 - commit_granule_words: 8192.
 - virtual_space_node_default_size: 1048576.
 - enlarge_chunks_in_place: 1.
 - new_chunks_are_fully_committed: 0.
 - uncommit_free_chunks: 1.
 - use_allocation_guard: 0.
 - handle_deallocations: 1.


Internal statistics:

num_allocs_failed_limit: 6.
num_arena_births: 526.
num_arena_deaths: 0.
num_vsnodes_births: 7.
num_vsnodes_deaths: 0.
num_space_committed: 844.
num_space_uncommitted: 0.
num_chunks_returned_to_freelist: 6.
num_chunks_taken_from_freelist: 2344.
num_chunk_merges: 6.
num_chunk_splits: 1675.
num_chunks_enlarged: 1315.
num_purges: 0.
num_inconsistent_stats: 0.

CodeCache: size=49152Kb used=8337Kb max_used=9254Kb free=40814Kb
 bounds [0x0000023169bb0000, 0x000002316a4c0000, 0x000002316cbb0000]
 total_blobs=4800 nmethods=4173 adapters=553
 compilation: enabled
              stopped_count=0, restarted_count=0
 full_count=0

Compilation events (20 events):
Event: 15.100 Thread 0x000002317e8a7080 4160       1       org.apache.catalina.connector.Request::getContext (8 bytes)
Event: 15.100 Thread 0x000002317919a7b0 nmethod 4159 0x0000023169d2b710 code [0x0000023169d2b900, 0x0000023169d2be48]
Event: 15.100 Thread 0x000002317e8a7080 nmethod 4160 0x0000023169d2b410 code [0x0000023169d2b5a0, 0x0000023169d2b678]
Event: 15.100 Thread 0x000002317919a7b0 4161       1       java.util.ArrayList::add (65 bytes)
Event: 15.100 Thread 0x000002317e8a7080 4162       1       org.springframework.core.annotation.SynthesizedMergedAnnotationInvocationHandler::invoke (107 bytes)
Event: 15.100 Thread 0x000002317919a7b0 nmethod 4161 0x0000023169d2ac10 code [0x0000023169d2ade0, 0x0000023169d2b1d8]
Event: 15.100 Thread 0x000002317919a7b0 4163       1       org.springframework.util.ReflectionUtils::isHashCodeMethod (29 bytes)
Event: 15.100 Thread 0x000002317919a7b0 nmethod 4163 0x0000023169d2a810 code [0x0000023169d2a9a0, 0x0000023169d2aac8]
Event: 15.100 Thread 0x000002317919a7b0 4164       1       org.springframework.core.annotation.SynthesizedMergedAnnotationInvocationHandler::isAnnotationTypeMethod (25 bytes)
Event: 15.100 Thread 0x000002317919a7b0 nmethod 4164 0x0000023169d2a410 code [0x0000023169d2a5a0, 0x0000023169d2a6e8]
Event: 15.100 Thread 0x000002317919a7b0 4165       1       org.springframework.util.ReflectionUtils::isToStringMethod (29 bytes)
Event: 15.100 Thread 0x000002317919a7b0 nmethod 4165 0x0000023169d2a010 code [0x0000023169d2a1a0, 0x0000023169d2a2c8]
Event: 15.100 Thread 0x000002317919a7b0 4166       1       org.springframework.core.annotation.SynthesizedMergedAnnotationInvocationHandler::getAttributeValue (46 bytes)
Event: 15.100 Thread 0x000002317919a7b0 nmethod 4166 0x0000023169d29910 code [0x0000023169d29b00, 0x0000023169d29e28]
Event: 15.100 Thread 0x000002317919a7b0 4168       1       org.springframework.util.ReflectionUtils::isEqualsMethod (47 bytes)
Event: 15.100 Thread 0x000002317919a7b0 nmethod 4168 0x0000023169d29310 code [0x0000023169d294e0, 0x0000023169d29738]
Event: 15.100 Thread 0x000002317919a7b0 4167       1       org.springframework.core.annotation.SynthesizedMergedAnnotationInvocationHandler$$Lambda$451/0x0000000800f18b60::<init> (15 bytes)
Event: 15.100 Thread 0x000002317919a7b0 nmethod 4167 0x0000023169d28f90 code [0x0000023169d29120, 0x0000023169d29298]
Event: 15.100 Thread 0x000002317e8a7080 nmethod 4162 0x0000023169d27a90 code [0x0000023169d27d60, 0x0000023169d28968]
Event: 15.101 Thread 0x000002317e8a7080 4169       1       java.util.HashMap::forEach (112 bytes)

GC Heap History (20 events):
Event: 0.633 GC heap before
{Heap before GC invocations=1 (full 0):
 garbage-first heap   total 258048K, used 28916K [0x0000000704800000, 0x0000000800000000)
  region size 2048K, 14 young (28672K), 2 survivors (4096K)
 Metaspace       used 12813K, committed 13120K, reserved 1064960K
  class space    used 1721K, committed 1856K, reserved 1048576K
}
Event: 0.636 GC heap after
{Heap after GC invocations=2 (full 0):
 garbage-first heap   total 258048K, used 8257K [0x0000000704800000, 0x0000000800000000)
  region size 2048K, 1 young (2048K), 1 survivors (2048K)
 Metaspace       used 12813K, committed 13120K, reserved 1064960K
  class space    used 1721K, committed 1856K, reserved 1048576K
}
Event: 1.078 GC heap before
{Heap before GC invocations=2 (full 0):
 garbage-first heap   total 258048K, used 61505K [0x0000000704800000, 0x0000000800000000)
  region size 2048K, 28 young (57344K), 1 survivors (2048K)
 Metaspace       used 21228K, committed 21504K, reserved 1073152K
  class space    used 2864K, committed 3008K, reserved 1048576K
}
Event: 1.082 GC heap after
{Heap after GC invocations=3 (full 0):
 garbage-first heap   total 258048K, used 11651K [0x0000000704800000, 0x0000000800000000)
  region size 2048K, 3 young (6144K), 3 survivors (6144K)
 Metaspace       used 21228K, committed 21504K, reserved 1073152K
  class space    used 2864K, committed 3008K, reserved 1048576K
}
Event: 1.315 GC heap before
{Heap before GC invocations=4 (full 0):
 garbage-first heap   total 55296K, used 38275K [0x0000000704800000, 0x0000000800000000)
  region size 2048K, 17 young (34816K), 3 survivors (6144K)
 Metaspace       used 25926K, committed 26304K, reserved 1073152K
  class space    used 3484K, committed 3712K, reserved 1048576K
}
Event: 1.321 GC heap after
{Heap after GC invocations=5 (full 0):
 garbage-first heap   total 55296K, used 14407K [0x0000000704800000, 0x0000000800000000)
  region size 2048K, 4 young (8192K), 4 survivors (8192K)
 Metaspace       used 25926K, committed 26304K, reserved 1073152K
  class space    used 3484K, committed 3712K, reserved 1048576K
}
Event: 1.342 GC heap before
{Heap before GC invocations=5 (full 0):
 garbage-first heap   total 55296K, used 16455K [0x0000000704800000, 0x0000000800000000)
  region size 2048K, 5 young (10240K), 4 survivors (8192K)
 Metaspace       used 26449K, committed 26880K, reserved 1073152K
  class space    used 3581K, committed 3776K, reserved 1048576K
}
Event: 1.348 GC heap after
{Heap after GC invocations=6 (full 0):
 garbage-first heap   total 55296K, used 14620K [0x0000000704800000, 0x0000000800000000)
  region size 2048K, 1 young (2048K), 1 survivors (2048K)
 Metaspace       used 26449K, committed 26880K, reserved 1073152K
  class space    used 3581K, committed 3776K, reserved 1048576K
}
Event: 1.528 GC heap before
{Heap before GC invocations=6 (full 0):
 garbage-first heap   total 55296K, used 35100K [0x0000000704800000, 0x0000000800000000)
  region size 2048K, 11 young (22528K), 1 survivors (2048K)
 Metaspace       used 31505K, committed 31808K, reserved 1081344K
  class space    used 4339K, committed 4480K, reserved 1048576K
}
Event: 1.529 GC heap after
{Heap after GC invocations=7 (full 0):
 garbage-first heap   total 157696K, used 14906K [0x0000000704800000, 0x0000000800000000)
  region size 2048K, 1 young (2048K), 1 survivors (2048K)
 Metaspace       used 31505K, committed 31808K, reserved 1081344K
  class space    used 4339K, committed 4480K, reserved 1048576K
}
Event: 1.638 GC heap before
{Heap before GC invocations=7 (full 0):
 garbage-first heap   total 157696K, used 25146K [0x0000000704800000, 0x0000000800000000)
  region size 2048K, 7 young (14336K), 1 survivors (2048K)
 Metaspace       used 35779K, committed 36160K, reserved 1081344K
  class space    used 4968K, committed 5184K, reserved 1048576K
}
Event: 1.641 GC heap after
{Heap after GC invocations=8 (full 0):
 garbage-first heap   total 157696K, used 15407K [0x0000000704800000, 0x0000000800000000)
  region size 2048K, 1 young (2048K), 1 survivors (2048K)
 Metaspace       used 35779K, committed 36160K, reserved 1081344K
  class space    used 4968K, committed 5184K, reserved 1048576K
}
Event: 2.039 GC heap before
{Heap before GC invocations=9 (full 0):
 garbage-first heap   total 61440K, used 50223K [0x0000000704800000, 0x0000000800000000)
  region size 2048K, 18 young (36864K), 1 survivors (2048K)
 Metaspace       used 43631K, committed 43968K, reserved 1089536K
  class space    used 6171K, committed 6336K, reserved 1048576K
}
Event: 2.042 GC heap after
{Heap after GC invocations=10 (full 0):
 garbage-first heap   total 61440K, used 16749K [0x0000000704800000, 0x0000000800000000)
  region size 2048K, 2 young (4096K), 2 survivors (4096K)
 Metaspace       used 43631K, committed 43968K, reserved 1089536K
  class space    used 6171K, committed 6336K, reserved 1048576K
}
Event: 2.059 GC heap before
{Heap before GC invocations=10 (full 0):
 garbage-first heap   total 61440K, used 18797K [0x0000000704800000, 0x0000000800000000)
  region size 2048K, 3 young (6144K), 2 survivors (4096K)
 Metaspace       used 44058K, committed 44416K, reserved 1089536K
  class space    used 6243K, committed 6400K, reserved 1048576K
}
Event: 2.062 GC heap after
{Heap after GC invocations=11 (full 0):
 garbage-first heap   total 61440K, used 16819K [0x0000000704800000, 0x0000000800000000)
  region size 2048K, 1 young (2048K), 1 survivors (2048K)
 Metaspace       used 44058K, committed 44416K, reserved 1089536K
  class space    used 6243K, committed 6400K, reserved 1048576K
}
Event: 2.334 GC heap before
{Heap before GC invocations=11 (full 0):
 garbage-first heap   total 61440K, used 43443K [0x0000000704800000, 0x0000000800000000)
  region size 2048K, 14 young (28672K), 1 survivors (2048K)
 Metaspace       used 48789K, committed 49152K, reserved 1097728K
  class space    used 6903K, committed 7104K, reserved 1048576K
}
Event: 2.338 GC heap after
{Heap after GC invocations=12 (full 0):
 garbage-first heap   total 61440K, used 18837K [0x0000000704800000, 0x0000000800000000)
  region size 2048K, 2 young (4096K), 2 survivors (4096K)
 Metaspace       used 48789K, committed 49152K, reserved 1097728K
  class space    used 6903K, committed 7104K, reserved 1048576K
}
Event: 14.663 GC heap before
{Heap before GC invocations=12 (full 0):
 garbage-first heap   total 61440K, used 43413K [0x0000000704800000, 0x0000000800000000)
  region size 2048K, 14 young (28672K), 2 survivors (4096K)
 Metaspace       used 53136K, committed 53632K, reserved 1097728K
  class space    used 7467K, committed 7680K, reserved 1048576K
}
Event: 14.668 GC heap after
{Heap after GC invocations=13 (full 0):
 garbage-first heap   total 61440K, used 20429K [0x0000000704800000, 0x0000000800000000)
  region size 2048K, 1 young (2048K), 1 survivors (2048K)
 Metaspace       used 53136K, committed 53632K, reserved 1097728K
  class space    used 7467K, committed 7680K, reserved 1048576K
}

Deoptimization events (6 events):
Event: 0.654 Thread 0x00000231623618c0 DEOPT PACKING pc=0x000002316a12e579 sp=0x000000d105afd060
Event: 0.654 Thread 0x00000231623618c0 DEOPT UNPACKING pc=0x0000023169c02b43 sp=0x000000d105afc540 mode 3
Event: 2.414 Thread 0x00000231623618c0 DEOPT PACKING pc=0x000002316a14e489 sp=0x000000d105afe2b0
Event: 2.414 Thread 0x00000231623618c0 DEOPT UNPACKING pc=0x0000023169c02b43 sp=0x000000d105afd740 mode 3
Event: 2.414 Thread 0x000002317beb7e60 DEOPT PACKING pc=0x000002316a11f21f sp=0x000000d1081ff180
Event: 2.414 Thread 0x000002317beb7e60 DEOPT UNPACKING pc=0x0000023169c02b43 sp=0x000000d1081fe5d8 mode 3

Classes unloaded (0 events):
No events

Classes redefined (0 events):
No events

Internal exceptions (20 events):
Event: 2.168 Thread 0x00000231623618c0 Exception <a 'java/lang/ClassNotFoundException'{0x0000000707834550}: org/springframework/web/context/ServletContextAwareCustomizer> (0x0000000707834550) 
thrown [s\open\src\hotspot\share\classfile\systemDictionary.cpp, line 256]
Event: 2.169 Thread 0x00000231623618c0 Exception <a 'java/lang/ClassNotFoundException'{0x000000070783a710}: org/springframework/beans/factory/AwareCustomizer> (0x000000070783a710) 
thrown [s\open\src\hotspot\share\classfile\systemDictionary.cpp, line 256]
Event: 2.180 Thread 0x00000231623618c0 Exception <a 'java/lang/ClassNotFoundException'{0x00000007079125c0}: java/lang/ObjectCustomizer> (0x00000007079125c0) 
thrown [s\open\src\hotspot\share\classfile\systemDictionary.cpp, line 256]
Event: 2.180 Thread 0x00000231623618c0 Exception <a 'java/lang/ClassNotFoundException'{0x000000070791b790}: org/springframework/security/config/annotation/web/configuration/WebSecurityConfigurationCustomizer> (0x000000070791b790) 
thrown [s\open\src\hotspot\share\classfile\systemDictionary.cpp, line 256]
Event: 2.180 Thread 0x00000231623618c0 Exception <a 'java/lang/ClassNotFoundException'{0x000000070792b070}: org/springframework/context/annotation/ImportAwareCustomizer> (0x000000070792b070) 
thrown [s\open\src\hotspot\share\classfile\systemDictionary.cpp, line 256]
Event: 2.181 Thread 0x00000231623618c0 Exception <a 'java/lang/ClassNotFoundException'{0x0000000707931298}: org/springframework/beans/factory/AwareCustomizer> (0x0000000707931298) 
thrown [s\open\src\hotspot\share\classfile\systemDictionary.cpp, line 256]
Event: 2.181 Thread 0x00000231623618c0 Exception <a 'java/lang/ClassNotFoundException'{0x00000007079365f8}: org/springframework/beans/factory/BeanClassLoaderAwareCustomizer> (0x00000007079365f8) 
thrown [s\open\src\hotspot\share\classfile\systemDictionary.cpp, line 256]
Event: 2.181 Thread 0x00000231623618c0 Exception <a 'java/lang/ClassNotFoundException'{0x000000070793ce00}: org/springframework/beans/factory/AwareCustomizer> (0x000000070793ce00) 
thrown [s\open\src\hotspot\share\classfile\systemDictionary.cpp, line 256]
Event: 2.228 Thread 0x00000231623618c0 Exception <a 'java/lang/NoSuchMethodError'{0x00000007073b5938}: 'java.lang.Object java.lang.invoke.DirectMethodHandle$Holder.newInvokeSpecial(java.lang.Object, java.lang.Object, long)'> (0x00000007073b5938) 
thrown [s\open\src\hotspot\share\interpreter\linkResolver.cpp, line 759]
Event: 2.249 Thread 0x00000231623618c0 Exception <a 'java/lang/ClassNotFoundException'{0x00000007071f2970}: java/lang/ObjectCustomizer> (0x00000007071f2970) 
thrown [s\open\src\hotspot\share\classfile\systemDictionary.cpp, line 256]
Event: 2.249 Thread 0x00000231623618c0 Exception <a 'java/lang/ClassNotFoundException'{0x00000007071fbb60}: org/springframework/security/config/annotation/web/configuration/HttpSecurityConfigurationCustomizer> (0x00000007071fbb60) 
thrown [s\open\src\hotspot\share\classfile\systemDictionary.cpp, line 256]
Event: 2.301 Thread 0x00000231623618c0 Exception <a 'java/lang/NoSuchMethodError'{0x0000000706a5f458}: 'void java.lang.invoke.DirectMethodHandle$Holder.invokeVirtual(java.lang.Object, java.lang.Object, int)'> (0x0000000706a5f458) 
thrown [s\open\src\hotspot\share\interpreter\linkResolver.cpp, line 759]
Event: 2.301 Thread 0x00000231623618c0 Exception <a 'java/lang/NoSuchMethodError'{0x0000000706a79fb0}: 'void java.lang.invoke.DirectMethodHandle$Holder.invokeVirtual(java.lang.Object, java.lang.Object, long)'> (0x0000000706a79fb0) 
thrown [s\open\src\hotspot\share\interpreter\linkResolver.cpp, line 759]
Event: 2.360 Thread 0x00000231623618c0 Exception <a 'java/lang/IncompatibleClassChangeError'{0x00000007143b10b0}: Found class java.lang.Object, but interface was expected> (0x00000007143b10b0) 
thrown [s\open\src\hotspot\share\interpreter\linkResolver.cpp, line 826]
Event: 2.374 Thread 0x00000231623618c0 Exception <a 'java/lang/NoSuchMethodError'{0x000000070d503318}: 'int java.lang.invoke.DirectMethodHandle$Holder.invokeStaticInit(java.lang.Object, java.lang.Object, java.lang.Object, java.lang.Object)'> (0x000000070d503318) 
thrown [s\open\src\hotspot\share\interpreter\linkResolver.cpp, line 759]
Event: 2.401 Thread 0x00000231623618c0 Exception <a 'java/lang/NoSuchMethodError'{0x0000000707f88788}: 'java.lang.Object java.lang.invoke.DirectMethodHandle$Holder.invokeSpecial(java.lang.Object, java.lang.Object, int, java.lang.Object, int, java.lang.Object)'> (0x0000000707f88788) 
thrown [s\open\src\hotspot\share\interpreter\linkResolver.cpp, line 759]
Event: 2.401 Thread 0x00000231623618c0 Exception <a 'java/lang/NoSuchMethodError'{0x0000000707f90588}: 'java.lang.Object java.lang.invoke.DirectMethodHandle$Holder.newInvokeSpecial(java.lang.Object, java.lang.Object, int, java.lang.Object, int)'> (0x0000000707f90588) 
thrown [s\open\src\hotspot\share\interpreter\linkResolver.cpp, line 759]
Event: 2.401 Thread 0x00000231623618c0 Exception <a 'java/lang/NoSuchMethodError'{0x0000000707f94688}: 'java.lang.Object java.lang.invoke.DirectMethodHandle$Holder.invokeSpecial(java.lang.Object, java.lang.Object, java.lang.Object, int, java.lang.Object, int)'> (0x0000000707f94688) 
thrown [s\open\src\hotspot\share\interpreter\linkResolver.cpp, line 759]
Event: 14.762 Thread 0x000002317c247f00 Exception <a 'java/lang/NoSuchMethodError'{0x000000070d4f0c60}: 'java.lang.Object java.lang.invoke.DirectMethodHandle$Holder.invokeStatic(java.lang.Object, int, java.lang.Object)'> (0x000000070d4f0c60) 
thrown [s\open\src\hotspot\share\interpreter\linkResolver.cpp, line 759]
Event: 14.767 Thread 0x000002317c247f00 Exception <a 'sun/nio/fs/WindowsException'{0x000000070d551be0}> (0x000000070d551be0) 
thrown [s\open\src\hotspot\share\prims\jni.cpp, line 516]

VM Operations (20 events):
Event: 2.363 Executing VM operation: HandshakeAllThreads
Event: 2.363 Executing VM operation: HandshakeAllThreads done
Event: 3.365 Executing VM operation: Cleanup
Event: 3.365 Executing VM operation: Cleanup done
Event: 12.959 Executing VM operation: HandshakeAllThreads
Event: 12.959 Executing VM operation: HandshakeAllThreads done
Event: 12.959 Executing VM operation: Cleanup
Event: 12.959 Executing VM operation: Cleanup done
Event: 12.970 Executing VM operation: HandshakeAllThreads
Event: 12.970 Executing VM operation: HandshakeAllThreads done
Event: 12.999 Executing VM operation: HandshakeAllThreads
Event: 12.999 Executing VM operation: HandshakeAllThreads done
Event: 13.115 Executing VM operation: HandshakeAllThreads
Event: 13.115 Executing VM operation: HandshakeAllThreads done
Event: 14.126 Executing VM operation: Cleanup
Event: 14.126 Executing VM operation: Cleanup done
Event: 14.663 Executing VM operation: G1CollectForAllocation
Event: 14.668 Executing VM operation: G1CollectForAllocation done
Event: 14.770 Executing VM operation: HandshakeAllThreads
Event: 14.770 Executing VM operation: HandshakeAllThreads done

Events (20 events):
Event: 14.770 loading class javax/crypto/ProviderVerifier$1
Event: 14.770 loading class javax/crypto/ProviderVerifier$1 done
Event: 14.770 loading class javax/crypto/spec/SecretKeySpec
Event: 14.770 loading class javax/crypto/SecretKey
Event: 14.770 loading class javax/crypto/SecretKey done
Event: 14.770 loading class javax/crypto/spec/SecretKeySpec done
Event: 14.770 loading class javax/crypto/spec/SecretKeySpec$1
Event: 14.770 loading class jdk/internal/access/JavaxCryptoSpecAccess
Event: 14.770 loading class jdk/internal/access/JavaxCryptoSpecAccess done
Event: 14.770 loading class javax/crypto/spec/SecretKeySpec$1 done
Event: 14.770 loading class com/sun/crypto/provider/HmacCore$HmacSHA256
Event: 14.770 loading class com/sun/crypto/provider/HmacCore
Event: 14.770 loading class javax/crypto/MacSpi
Event: 14.770 loading class javax/crypto/MacSpi done
Event: 14.770 loading class com/sun/crypto/provider/HmacCore done
Event: 14.770 loading class com/sun/crypto/provider/HmacCore$HmacSHA256 done
Event: 15.089 loading class java/util/Base64$Decoder
Event: 15.090 loading class java/util/Base64$Decoder done
Event: 15.098 loading class java/util/concurrent/locks/ReentrantReadWriteLock$Sync$HoldCounter
Event: 15.098 loading class java/util/concurrent/locks/ReentrantReadWriteLock$Sync$HoldCounter done


Dynamic libraries:
0x00007ff7bf800000 - 0x00007ff7bf810000 	C:\Program Files\Java\jdk-17\bin\java.exe
0x00007ffa54f50000 - 0x00007ffa55164000 	C:\WINDOWS\SYSTEM32\ntdll.dll
0x00007ffa540b0000 - 0x00007ffa54172000 	C:\WINDOWS\System32\KERNEL32.DLL
0x00007ffa52880000 - 0x00007ffa52c1c000 	C:\WINDOWS\System32\KERNELBASE.dll
0x00000000656b0000 - 0x00000000659e1000 	C:\Program Files\Norton Security\NortonData\22.23.1.21\Definitions\IPSDefs\20230425.061\IPSEng64.dll
0x00007ffa539e0000 - 0x00007ffa53a8e000 	C:\WINDOWS\System32\ADVAPI32.dll
0x00007ffa53e50000 - 0x00007ffa53ef7000 	C:\WINDOWS\System32\msvcrt.dll
0x00007ffa54e60000 - 0x00007ffa54f04000 	C:\WINDOWS\System32\sechost.dll
0x00007ffa52d60000 - 0x00007ffa52e77000 	C:\WINDOWS\System32\RPCRT4.dll
0x00007ffa53aa0000 - 0x00007ffa53aa8000 	C:\WINDOWS\System32\PSAPI.DLL
0x00007ffa524d0000 - 0x00007ffa525e1000 	C:\WINDOWS\System32\ucrtbase.dll
0x00007ffa27780000 - 0x00007ffa2779b000 	C:\Program Files\Java\jdk-17\bin\VCRUNTIME140.dll
0x00007ffa24940000 - 0x00007ffa24958000 	C:\Program Files\Java\jdk-17\bin\jli.dll
0x00007ffa537d0000 - 0x00007ffa5397b000 	C:\WINDOWS\System32\USER32.dll
0x00007ffa52400000 - 0x00007ffa52426000 	C:\WINDOWS\System32\win32u.dll
0x00007ffa53f00000 - 0x00007ffa53f29000 	C:\WINDOWS\System32\GDI32.dll
0x00007ffa525f0000 - 0x00007ffa52703000 	C:\WINDOWS\System32\gdi32full.dll
0x00007ffa52430000 - 0x00007ffa524ca000 	C:\WINDOWS\System32\msvcp_win.dll
0x00007ffa33bd0000 - 0x00007ffa33e5e000 	C:\WINDOWS\WinSxS\amd64_microsoft.windows.common-controls_6595b64144ccf1df_6.0.22621.608_none_a9444ca7c10bb01d\COMCTL32.dll
0x00007ffa3afb0000 - 0x00007ffa3afba000 	C:\WINDOWS\SYSTEM32\VERSION.dll
0x00007ffa54180000 - 0x00007ffa541b1000 	C:\WINDOWS\System32\IMM32.DLL
0x00007ffa30590000 - 0x00007ffa3059c000 	C:\Program Files\Java\jdk-17\bin\vcruntime140_1.dll
0x00007ffa10b50000 - 0x00007ffa10bde000 	C:\Program Files\Java\jdk-17\bin\msvcp140.dll
0x00007ffa070b0000 - 0x00007ffa07c87000 	C:\Program Files\Java\jdk-17\bin\server\jvm.dll
0x00007ffa49da0000 - 0x00007ffa49dd4000 	C:\WINDOWS\SYSTEM32\WINMM.dll
0x00007ffa4d0d0000 - 0x00007ffa4d0d9000 	C:\WINDOWS\SYSTEM32\WSOCK32.dll
0x00007ffa54030000 - 0x00007ffa540a1000 	C:\WINDOWS\System32\WS2_32.dll
0x00007ffa51350000 - 0x00007ffa51368000 	C:\WINDOWS\SYSTEM32\kernel.appcore.dll
0x00007ffa2e840000 - 0x00007ffa2e84a000 	C:\Program Files\Java\jdk-17\bin\jimage.dll
0x00007ffa4fc50000 - 0x00007ffa4fe7e000 	C:\WINDOWS\SYSTEM32\DBGHELP.DLL
0x00007ffa53ab0000 - 0x00007ffa53e39000 	C:\WINDOWS\System32\combase.dll
0x00007ffa536f0000 - 0x00007ffa537c7000 	C:\WINDOWS\System32\OLEAUT32.dll
0x00007ffa37cf0000 - 0x00007ffa37d22000 	C:\WINDOWS\SYSTEM32\dbgcore.DLL
0x00007ffa52c20000 - 0x00007ffa52c9b000 	C:\WINDOWS\System32\bcryptPrimitives.dll
0x00007ffa4f090000 - 0x00007ffa4f09e000 	C:\Program Files\Java\jdk-17\bin\instrument.dll
0x00007ffa18d60000 - 0x00007ffa18d85000 	C:\Program Files\Java\jdk-17\bin\java.dll
0x00007ffa10a70000 - 0x00007ffa10b47000 	C:\Program Files\Java\jdk-17\bin\jsvml.dll
0x00007ffa54510000 - 0x00007ffa54d00000 	C:\WINDOWS\System32\SHELL32.dll
0x00007ffa50350000 - 0x00007ffa50c1d000 	C:\WINDOWS\SYSTEM32\windows.storage.dll
0x00007ffa50210000 - 0x00007ffa5034e000 	C:\WINDOWS\SYSTEM32\wintypes.dll
0x00007ffa54240000 - 0x00007ffa54331000 	C:\WINDOWS\System32\SHCORE.dll
0x00007ffa53980000 - 0x00007ffa539de000 	C:\WINDOWS\System32\shlwapi.dll
0x00007ffa522c0000 - 0x00007ffa522e1000 	C:\WINDOWS\SYSTEM32\profapi.dll
0x00007ffa18d40000 - 0x00007ffa18d58000 	C:\Program Files\Java\jdk-17\bin\zip.dll
0x00007ffa22430000 - 0x00007ffa22449000 	C:\Program Files\Java\jdk-17\bin\net.dll
0x00007ffa4ca30000 - 0x00007ffa4cb67000 	C:\WINDOWS\SYSTEM32\WINHTTP.dll
0x00007ffa51820000 - 0x00007ffa51889000 	C:\WINDOWS\system32\mswsock.dll
0x00007ffa1da40000 - 0x00007ffa1da56000 	C:\Program Files\Java\jdk-17\bin\nio.dll
0x00007ffa4d070000 - 0x00007ffa4d08a000 	C:\Program Files\JetBrains\IntelliJ IDEA 2023.1\bin\breakgen64.dll
0x00007ffa50ee0000 - 0x00007ffa50fd3000 	C:\WINDOWS\SYSTEM32\DNSAPI.dll
0x00007ffa50e70000 - 0x00007ffa50e9d000 	C:\WINDOWS\SYSTEM32\IPHLPAPI.DLL
0x00007ffa53e40000 - 0x00007ffa53e49000 	C:\WINDOWS\System32\NSI.dll
0x00007ffa49450000 - 0x00007ffa4945a000 	C:\Windows\System32\rasadhlp.dll
0x00007ffa47370000 - 0x00007ffa473f3000 	C:\WINDOWS\System32\fwpuclnt.dll
0x00007ffa4f080000 - 0x00007ffa4f08a000 	C:\Program Files\Java\jdk-17\bin\management.dll
0x00007ffa4d520000 - 0x00007ffa4d52b000 	C:\Program Files\Java\jdk-17\bin\management_ext.dll
0x00007ffa51a90000 - 0x00007ffa51aab000 	C:\WINDOWS\SYSTEM32\CRYPTSP.dll
0x00007ffa51310000 - 0x00007ffa51345000 	C:\WINDOWS\system32\rsaenh.dll
0x00007ffa518f0000 - 0x00007ffa51918000 	C:\WINDOWS\SYSTEM32\USERENV.dll
0x00007ffa51c50000 - 0x00007ffa51c78000 	C:\WINDOWS\SYSTEM32\bcrypt.dll
0x00007ffa51ab0000 - 0x00007ffa51abc000 	C:\WINDOWS\SYSTEM32\CRYPTBASE.dll
0x00007ffa4aed0000 - 0x00007ffa4aee9000 	C:\WINDOWS\SYSTEM32\dhcpcsvc6.DLL
0x00007ffa4a0d0000 - 0x00007ffa4a0ef000 	C:\WINDOWS\SYSTEM32\dhcpcsvc.DLL
0x00007ff9ec300000 - 0x00007ff9ec317000 	C:\WINDOWS\system32\napinsp.dll
0x00007ff9ec2e0000 - 0x00007ff9ec2fb000 	C:\WINDOWS\system32\pnrpnsp.dll
0x00007ff9ec2c0000 - 0x00007ff9ec2d1000 	C:\WINDOWS\System32\winrnr.dll
0x00007ffa25e70000 - 0x00007ffa25e85000 	C:\WINDOWS\system32\wshbth.dll
0x00007ff9f3730000 - 0x00007ff9f3751000 	C:\WINDOWS\system32\nlansp_c.dll
0x00007ffa2e160000 - 0x00007ffa2e170000 	C:\Program Files\Java\jdk-17\bin\verify.dll
0x00007ffa4d150000 - 0x00007ffa4d15d000 	C:\Program Files\Java\jdk-17\bin\sunmscapi.dll
0x00007ffa52710000 - 0x00007ffa52876000 	C:\WINDOWS\System32\CRYPT32.dll
0x00007ffa51c20000 - 0x00007ffa51c4e000 	C:\WINDOWS\SYSTEM32\ncrypt.dll
0x00007ffa51be0000 - 0x00007ffa51c17000 	C:\WINDOWS\SYSTEM32\NTASN1.dll
0x0000000070bc0000 - 0x0000000070c9c000 	C:\Users\longs\AppData\Local\Temp\sqlite-3.36.0.3-da88441d-e1c8-41f5-893c-cd627661adca-sqlitejdbc.dll
0x00007ffa2b410000 - 0x00007ffa2b418000 	C:\WINDOWS\system32\wshunix.dll

dbghelp: loaded successfully - version: 4.0.5 - missing functions: none
symbol engine: initialized successfully - sym options: 0x614 - pdb path: .;C:\Program Files\Java\jdk-17\bin;C:\WINDOWS\SYSTEM32;C:\Program Files\Norton Security\NortonData\22.23.1.21\Definitions\IPSDefs\20230425.061;C:\WINDOWS\WinSxS\amd64_microsoft.windows.common-controls_6595b64144ccf1df_6.0.22621.608_none_a9444ca7c10bb01d;C:\Program Files\Java\jdk-17\bin\server;C:\Program Files\JetBrains\IntelliJ IDEA 2023.1\bin;C:\Users\longs\AppData\Local\Temp

VM Arguments:
jvm_args: -XX:TieredStopAtLevel=1 -Dspring.output.ansi.enabled=always -Dcom.sun.management.jmxremote -Dspring.jmx.enabled=true -Dspring.liveBeansView.mbeanDomain -Dspring.application.admin.enabled=true -Dmanagement.endpoints.jmx.exposure.include=* -javaagent:C:\Program Files\JetBrains\IntelliJ IDEA 2023.1\lib\idea_rt.jar=14457:C:\Program Files\JetBrains\IntelliJ IDEA 2023.1\bin -Dfile.encoding=UTF-8 
java_command: com.company.enroller.App
java_class_path (initial): C:\Users\longs\Desktop\IT_15032023\AGH najwaniejsze\z zajec sem2 part2\webowka front part2\target\classes;C:\Users\longs\.m2\repository\org\springframework\boot\spring-boot-starter-web\2.6.6\spring-boot-starter-web-2.6.6.jar;C:\Users\longs\.m2\repository\org\springframework\boot\spring-boot-starter\2.6.6\spring-boot-starter-2.6.6.jar;C:\Users\longs\.m2\repository\org\springframework\boot\spring-boot\2.6.6\spring-boot-2.6.6.jar;C:\Users\longs\.m2\repository\org\springframework\boot\spring-boot-autoconfigure\2.6.6\spring-boot-autoconfigure-2.6.6.jar;C:\Users\longs\.m2\repository\org\springframework\boot\spring-boot-starter-logging\2.6.6\spring-boot-starter-logging-2.6.6.jar;C:\Users\longs\.m2\repository\ch\qos\logback\logback-classic\1.2.11\logback-classic-1.2.11.jar;C:\Users\longs\.m2\repository\ch\qos\logback\logback-core\1.2.11\logback-core-1.2.11.jar;C:\Users\longs\.m2\repository\org\apache\logging\log4j\log4j-to-slf4j\2.17.2\log4j-to-slf4j-2.17.2.jar;C:\Users\longs\.m2\repository\org\apache\logging\log4j\log4j-api\2.17.2\log4j-api-2.17.2.jar;C:\Users\longs\.m2\repository\org\slf4j\jul-to-slf4j\1.7.36\jul-to-slf4j-1.7.36.jar;C:\Users\longs\.m2\repository\jakarta\annotation\jakarta.annotation-api\1.3.5\jakarta.annotation-api-1.3.5.jar;C:\Users\longs\.m2\repository\org\yaml\snakeyaml\1.29\snakeyaml-1.29.jar;C:\Users\longs\.m2\repository\org\springframework\boot\spring-boot-starter-json\2.6.6\spring-boot-starter-json-2.6.6.jar;C:\Users\longs\.m2\repository\com\fasterxml\jackson\datatype\jackson-datatype-jdk8\2.13.2\jackson-datatype-jdk8-2.13.2.jar;C:\Users\longs\.m2\repository\com\fasterxml\jackson\datatype\jackson-datatype-jsr310\2.13.2\jackson-datatype-jsr310-2.13.2.jar;C:\Users\longs\.m2\repository\com\fasterxml\jackson\module\jackson-module-parameter-names\2.13.2\jackson-module-parameter-names-2.13.2.jar;C:\Users\longs\.m2\repository\org\springframework\boot\spring-boot-starter-tomcat\2.6.6\spring-boot-starter-tomcat-2.6.6.jar;C:\Use
Launcher Type: SUN_STANDARD

[Global flags]
     intx CICompilerCount                          = 4                                         {product} {ergonomic}
     uint ConcGCThreads                            = 3                                         {product} {ergonomic}
     uint G1ConcRefinementThreads                  = 10                                        {product} {ergonomic}
   size_t G1HeapRegionSize                         = 2097152                                   {product} {ergonomic}
    uintx GCDrainStackTargetSize                   = 64                                        {product} {ergonomic}
   size_t InitialHeapSize                          = 264241152                                 {product} {ergonomic}
     bool ManagementServer                         = true                                      {product} {command line}
   size_t MarkStackSize                            = 4194304                                   {product} {ergonomic}
   size_t MaxHeapSize                              = 4219469824                                {product} {ergonomic}
   size_t MaxNewSize                               = 2531262464                                {product} {ergonomic}
   size_t MinHeapDeltaBytes                        = 2097152                                   {product} {ergonomic}
   size_t MinHeapSize                              = 8388608                                   {product} {ergonomic}
    uintx NonProfiledCodeHeapSize                  = 0                                      {pd product} {ergonomic}
     bool ProfileInterpreter                       = false                                  {pd product} {command line}
    uintx ProfiledCodeHeapSize                     = 0                                      {pd product} {ergonomic}
   size_t SoftMaxHeapSize                          = 4219469824                             {manageable} {ergonomic}
     intx TieredStopAtLevel                        = 1                                         {product} {command line}
     bool UseCompressedClassPointers               = true                           {product lp64_product} {ergonomic}
     bool UseCompressedOops                        = true                           {product lp64_product} {ergonomic}
     bool UseG1GC                                  = true                                      {product} {ergonomic}
     bool UseLargePagesIndividualAllocation        = false                                  {pd product} {ergonomic}

Logging:
Log output configuration:
 #0: stdout all=warning uptime,level,tags
 #1: stderr all=off uptime,level,tags

Environment Variables:
PATH=C:\Python311\Scripts\;C:\Python311\;C:\Program Files\Common Files\Oracle\Java\javapath;C:\WINDOWS\system32;C:\WINDOWS;C:\WINDOWS\System32\Wbem;C:\WINDOWS\System32\WindowsPowerShell\v1.0\;C:\WINDOWS\System32\OpenSSH\;C:\Program Files\dotnet\;C:\ProgramData\chocolatey\bin;C:\Program Files\Git\cmd;C:\msys64\mingw64\bin;C:\Program Files\PuTTY\;C:\Program Files (x86)\nodejs\;C:\Users\longs\AppData\Local\Microsoft\WindowsApps;C:\Program Files\JetBrains\IntelliJ IDEA 2023.1\bin;;C:\Program Files\JetBrains\IntelliJ IDEA Community Edition 2022.3.2\bin;;C:\Users\longs\.dotnet\tools;C:\Users\longs\AppData\Local\Programs\Microsoft VS Code\bin;C:\Users\longs\Desktop\Maven\apache-maven-3.9.0-bin\apache-maven-3.9.0;C:\Users\longs\Desktop\Maven\apache-maven-3.9.0-bin\apache-maven-3.9.0\bin;C:\Program Files (x86)\Nmap;C:\Program Files\JetBrains\WebStorm 2023.1\bin;;C:\Users\longs\AppData\Roaming\npm
USERNAME=longs
OS=Windows_NT
PROCESSOR_IDENTIFIER=Intel64 Family 6 Model 154 Stepping 4, GenuineIntel



---------------  S Y S T E M  ---------------

OS:
 Windows 11 , 64 bit Build 22621 (10.0.22621.1485)
OS uptime: 1 days 4:22 hours
Hyper-V role detected

CPU: total 12 (initial active 12) (6 cores per cpu, 2 threads per core) family 6 model 154 stepping 4 microcode 0x416, cx8, cmov, fxsr, ht, mmx, 3dnowpref, sse, sse2, sse3, ssse3, sse4.1, sse4.2, popcnt, lzcnt, tsc, tscinvbit, avx, avx2, aes, erms, clmul, bmi1, bmi2, adx, sha, fma, vzeroupper, clflush, clflushopt, clwb, hv

Memory: 4k page, system-wide physical 16088M (5225M free)
TotalPageFile size 17112M (AvailPageFile size 3444M)
current process WorkingSet (physical memory assigned to process): 185M, peak: 185M
current process commit charge ("private bytes"): 228M, peak: 381M

vm_info: Java HotSpot(TM) 64-Bit Server VM (17.0.6+9-LTS-190) for windows-amd64 JRE (17.0.6+9-LTS-190), built on Dec  6 2022 15:53:54 by "mach5one" with MS VC++ 17.1 (VS2022)

END.
