#
# A fatal error has been detected by the Java Runtime Environment:
#
#  EXCEPTION_ACCESS_VIOLATION (0xc0000005) at pc=0x00007ffa54f7168d, pid=19564, tid=13336
#
# JRE version: Java(TM) SE Runtime Environment (17.0.6+9) (build 17.0.6+9-LTS-190)
# Java VM: Java HotSpot(TM) 64-Bit Server VM (17.0.6+9-LTS-190, mixed mode, emulated-client, sharing, tiered, compressed oops, compressed class ptrs, g1 gc, windows-amd64)
# Problematic frame:
# C  [ntdll.dll+0x2168d]
#
# No core dump will be written. Minidumps are not enabled by default on client versions of Windows
#
# If you would like to submit a bug report, please visit:
#   https://bugreport.java.com/bugreport/crash.jsp
# The crash happened outside the Java Virtual Machine in native code.
# See problematic frame for where to report the bug.
#

---------------  S U M M A R Y ------------

Command Line: -XX:TieredStopAtLevel=1 -Dspring.output.ansi.enabled=always -Dcom.sun.management.jmxremote -Dspring.jmx.enabled=true -Dspring.liveBeansView.mbeanDomain -Dspring.application.admin.enabled=true -Dmanagement.endpoints.jmx.exposure.include=* -javaagent:C:\Program Files\JetBrains\IntelliJ IDEA 2023.1\lib\idea_rt.jar=1067:C:\Program Files\JetBrains\IntelliJ IDEA 2023.1\bin -Dfile.encoding=UTF-8 com.company.enroller.App

Host: 12th Gen Intel(R) Core(TM) i5-1235U, 12 cores, 15G,  Windows 11 , 64 bit Build 22621 (10.0.22621.1485)
Time: Thu Apr 27 23:28:43 2023  Windows 11 , 64 bit Build 22621 (10.0.22621.1485) elapsed time: 11.923594 seconds (0d 0h 0m 11s)

---------------  T H R E A D  ---------------

Current thread (0x00000179049a0540):  JavaThread "http-nio-8080-exec-4" daemon [_thread_in_native, id=13336, stack(0x0000004a7f000000,0x0000004a7f100000)]

Stack: [0x0000004a7f000000,0x0000004a7f100000],  sp=0x0000004a7f0fa9a0,  free space=1002k
Native frames: (J=compiled Java code, j=interpreted, Vv=VM code, C=native code)
C  [ntdll.dll+0x2168d]
C  [sqlite-3.36.0.3-208f217a-e293-4d12-b3a3-2edeb7ae7fb4-sqlitejdbc.dll+0x57edc]

Java frames: (J=compiled Java code, j=interpreted, Vv=VM code)
j  org.sqlite.core.NativeDB.reset(J)I+0
j  org.sqlite.jdbc3.JDBC3PreparedStatement.executeQuery()Ljava/sql/ResultSet;+39
j  org.hibernate.engine.jdbc.internal.ResultSetReturnImpl.extract(Ljava/sql/PreparedStatement;)Ljava/sql/ResultSet;+23
j  org.hibernate.loader.plan.exec.internal.AbstractLoadPlanBasedLoader.getResultSet(Ljava/sql/PreparedStatement;Lorg/hibernate/engine/spi/RowSelection;Lorg/hibernate/dialect/pagination/LimitHandler;ZLorg/hibernate/engine/spi/SharedSessionContractImplementor;)Ljava/sql/ResultSet;+13
j  org.hibernate.loader.plan.exec.internal.AbstractLoadPlanBasedLoader.executeQueryStatement(Ljava/lang/String;Lorg/hibernate/engine/spi/QueryParameters;ZLorg/hibernate/engine/spi/SharedSessionContractImplementor;)Lorg/hibernate/loader/plan/exec/internal/AbstractLoadPlanBasedLoader$SqlStatementWrapper;+108
j  org.hibernate.loader.plan.exec.internal.AbstractLoadPlanBasedLoader.executeLoad(Lorg/hibernate/engine/spi/SharedSessionContractImplementor;Lorg/hibernate/engine/spi/QueryParameters;Lorg/hibernate/loader/plan/exec/spi/LoadQueryDetails;ZLorg/hibernate/transform/ResultTransformer;)Ljava/util/List;+73
j  org.hibernate.loader.entity.plan.AbstractLoadPlanBasedEntityLoader.load(Ljava/io/Serializable;Ljava/lang/Object;Lorg/hibernate/engine/spi/SharedSessionContractImplementor;Lorg/hibernate/LockOptions;Ljava/lang/Boolean;)Ljava/lang/Object;+101
j  org.hibernate.persister.entity.AbstractEntityPersister.doLoad(Ljava/io/Serializable;Ljava/lang/Object;Lorg/hibernate/LockOptions;Lorg/hibernate/engine/spi/SharedSessionContractImplementor;Ljava/lang/Boolean;)Ljava/lang/Object;+49
j  org.hibernate.persister.entity.AbstractEntityPersister.load(Ljava/io/Serializable;Ljava/lang/Object;Lorg/hibernate/LockOptions;Lorg/hibernate/engine/spi/SharedSessionContractImplementor;Ljava/lang/Boolean;)Ljava/lang/Object;+8
j  org.hibernate.event.internal.DefaultLoadEventListener.loadFromDatasource(Lorg/hibernate/event/spi/LoadEvent;Lorg/hibernate/persister/entity/EntityPersister;)Ljava/lang/Object;+21
j  org.hibernate.event.internal.DefaultLoadEventListener.doLoad(Lorg/hibernate/event/spi/LoadEvent;Lorg/hibernate/persister/entity/EntityPersister;Lorg/hibernate/engine/spi/EntityKey;Lorg/hibernate/event/spi/LoadEventListener$LoadType;)Ljava/lang/Object;+167
j  org.hibernate.event.internal.DefaultLoadEventListener.load(Lorg/hibernate/event/spi/LoadEvent;Lorg/hibernate/persister/entity/EntityPersister;Lorg/hibernate/engine/spi/EntityKey;Lorg/hibernate/event/spi/LoadEventListener$LoadType;)Ljava/lang/Object;+95
j  org.hibernate.event.internal.DefaultLoadEventListener.proxyOrLoad(Lorg/hibernate/event/spi/LoadEvent;Lorg/hibernate/persister/entity/EntityPersister;Lorg/hibernate/engine/spi/EntityKey;Lorg/hibernate/event/spi/LoadEventListener$LoadType;)Ljava/lang/Object;+386
j  org.hibernate.event.internal.DefaultLoadEventListener.doOnLoad(Lorg/hibernate/persister/entity/EntityPersister;Lorg/hibernate/event/spi/LoadEvent;Lorg/hibernate/event/spi/LoadEventListener$LoadType;)V+60
j  org.hibernate.event.internal.DefaultLoadEventListener.onLoad(Lorg/hibernate/event/spi/LoadEvent;Lorg/hibernate/event/spi/LoadEventListener$LoadType;)V+95
j  org.hibernate.internal.SessionImpl$$Lambda$852+0x0000000801379860.applyEventToListener(Ljava/lang/Object;Ljava/lang/Object;Ljava/lang/Object;)V+12
j  org.hibernate.event.service.internal.EventListenerGroupImpl.fireEventOnEachListener(Ljava/lang/Object;Ljava/lang/Object;Lorg/hibernate/event/service/spi/EventActionWithParameter;)V+30
j  org.hibernate.internal.SessionImpl.fireLoadNoChecks(Lorg/hibernate/event/spi/LoadEvent;Lorg/hibernate/event/spi/LoadEventListener$LoadType;)V+18
j  org.hibernate.internal.SessionImpl.fireLoad(Lorg/hibernate/event/spi/LoadEvent;Lorg/hibernate/event/spi/LoadEventListener$LoadType;)V+7
j  org.hibernate.internal.SessionImpl.access$2100(Lorg/hibernate/internal/SessionImpl;Lorg/hibernate/event/spi/LoadEvent;Lorg/hibernate/event/spi/LoadEventListener$LoadType;)V+3
j  org.hibernate.internal.SessionImpl$IdentifierLoadAccessImpl.doLoad(Ljava/io/Serializable;)Ljava/lang/Object;+103
j  org.hibernate.internal.SessionImpl$IdentifierLoadAccessImpl.lambda$load$1(Ljava/io/Serializable;)Ljava/lang/Object;+2
j  org.hibernate.internal.SessionImpl$IdentifierLoadAccessImpl$$Lambda$851+0x0000000801378ac8.get()Ljava/lang/Object;+8
j  org.hibernate.internal.SessionImpl$IdentifierLoadAccessImpl.perform(Ljava/util/function/Supplier;)Ljava/lang/Object;+84
j  org.hibernate.internal.SessionImpl$IdentifierLoadAccessImpl.load(Ljava/io/Serializable;)Ljava/lang/Object;+8
j  org.hibernate.internal.SessionImpl.get(Ljava/lang/Class;Ljava/io/Serializable;)Ljava/lang/Object;+6
j  com.company.enroller.persistence.MeetingService.findById(J)Lcom/company/enroller/model/Meeting;+10
j  com.company.enroller.controllers.MeetingRestController.getMeeting(J)Lorg/springframework/http/ResponseEntity;+5
v  ~StubRoutines::call_stub
J 2479  jdk.internal.reflect.NativeMethodAccessorImpl.invoke0(Ljava/lang/reflect/Method;Ljava/lang/Object;[Ljava/lang/Object;)Ljava/lang/Object; java.base@17.0.6 (0 bytes) @ 0x0000017972b0c6a7 [0x0000017972b0c620+0x0000000000000087]
J 2478 c1 jdk.internal.reflect.NativeMethodAccessorImpl.invoke(Ljava/lang/Object;[Ljava/lang/Object;)Ljava/lang/Object; java.base@17.0.6 (137 bytes) @ 0x0000017972b0d44c [0x0000017972b0d100+0x000000000000034c]
J 2254 c1 jdk.internal.reflect.DelegatingMethodAccessorImpl.invoke(Ljava/lang/Object;[Ljava/lang/Object;)Ljava/lang/Object; java.base@17.0.6 (10 bytes) @ 0x0000017972ab0464 [0x0000017972ab0420+0x0000000000000044]
J 2266 c1 java.lang.reflect.Method.invoke(Ljava/lang/Object;[Ljava/lang/Object;)Ljava/lang/Object; java.base@17.0.6 (65 bytes) @ 0x0000017972ab456c [0x0000017972ab4460+0x000000000000010c]
j  org.springframework.web.method.support.InvocableHandlerMethod.doInvoke([Ljava/lang/Object;)Ljava/lang/Object;+28
j  org.springframework.web.method.support.InvocableHandlerMethod.invokeForRequest(Lorg/springframework/web/context/request/NativeWebRequest;Lorg/springframework/web/method/support/ModelAndViewContainer;[Ljava/lang/Object;)Ljava/lang/Object;+54
j  org.springframework.web.servlet.mvc.method.annotation.ServletInvocableHandlerMethod.invokeAndHandle(Lorg/springframework/web/context/request/ServletWebRequest;Lorg/springframework/web/method/support/ModelAndViewContainer;[Ljava/lang/Object;)V+4
j  org.springframework.web.servlet.mvc.method.annotation.RequestMappingHandlerAdapter.invokeHandlerMethod(Ljavax/servlet/http/HttpServletRequest;Ljavax/servlet/http/HttpServletResponse;Lorg/springframework/web/method/HandlerMethod;)Lorg/springframework/web/servlet/ModelAndView;+244
j  org.springframework.web.servlet.mvc.method.annotation.RequestMappingHandlerAdapter.handleInternal(Ljavax/servlet/http/HttpServletRequest;Ljavax/servlet/http/HttpServletResponse;Lorg/springframework/web/method/HandlerMethod;)Lorg/springframework/web/servlet/ModelAndView;+81
j  org.springframework.web.servlet.mvc.method.AbstractHandlerMethodAdapter.handle(Ljavax/servlet/http/HttpServletRequest;Ljavax/servlet/http/HttpServletResponse;Ljava/lang/Object;)Lorg/springframework/web/servlet/ModelAndView;+7
j  org.springframework.web.servlet.DispatcherServlet.doDispatch(Ljavax/servlet/http/HttpServletRequest;Ljavax/servlet/http/HttpServletResponse;)V+259
j  org.springframework.web.servlet.DispatcherServlet.doService(Ljavax/servlet/http/HttpServletRequest;Ljavax/servlet/http/HttpServletResponse;)V+241
j  org.springframework.web.servlet.FrameworkServlet.processRequest(Ljavax/servlet/http/HttpServletRequest;Ljavax/servlet/http/HttpServletResponse;)V+71
j  org.springframework.web.servlet.FrameworkServlet.doGet(Ljavax/servlet/http/HttpServletRequest;Ljavax/servlet/http/HttpServletResponse;)V+3
j  javax.servlet.http.HttpServlet.service(Ljavax/servlet/http/HttpServletRequest;Ljavax/servlet/http/HttpServletResponse;)V+35
j  org.springframework.web.servlet.FrameworkServlet.service(Ljavax/servlet/http/HttpServletRequest;Ljavax/servlet/http/HttpServletResponse;)V+33
j  javax.servlet.http.HttpServlet.service(Ljavax/servlet/ServletRequest;Ljavax/servlet/ServletResponse;)V+36
j  org.apache.catalina.core.ApplicationFilterChain.internalDoFilter(Ljavax/servlet/ServletRequest;Ljavax/servlet/ServletResponse;)V+304
j  org.apache.catalina.core.ApplicationFilterChain.doFilter(Ljavax/servlet/ServletRequest;Ljavax/servlet/ServletResponse;)V+99
j  org.apache.tomcat.websocket.server.WsFilter.doFilter(Ljavax/servlet/ServletRequest;Ljavax/servlet/ServletResponse;Ljavax/servlet/FilterChain;)V+21
j  org.apache.catalina.core.ApplicationFilterChain.internalDoFilter(Ljavax/servlet/ServletRequest;Ljavax/servlet/ServletResponse;)V+135
j  org.apache.catalina.core.ApplicationFilterChain.doFilter(Ljavax/servlet/ServletRequest;Ljavax/servlet/ServletResponse;)V+99
j  org.springframework.security.web.FilterChainProxy$VirtualFilterChain.doFilter(Ljavax/servlet/ServletRequest;Ljavax/servlet/ServletResponse;)V+52
j  org.springframework.security.web.access.intercept.FilterSecurityInterceptor.invoke(Lorg/springframework/security/web/FilterInvocation;)V+79
j  org.springframework.security.web.access.intercept.FilterSecurityInterceptor.doFilter(Ljavax/servlet/ServletRequest;Ljavax/servlet/ServletResponse;Ljavax/servlet/FilterChain;)V+11
j  org.springframework.security.web.FilterChainProxy$VirtualFilterChain.doFilter(Ljavax/servlet/ServletRequest;Ljavax/servlet/ServletResponse;)V+136
j  org.springframework.security.web.access.ExceptionTranslationFilter.doFilter(Ljavax/servlet/http/HttpServletRequest;Ljavax/servlet/http/HttpServletResponse;Ljavax/servlet/FilterChain;)V+3
j  org.springframework.security.web.access.ExceptionTranslationFilter.doFilter(Ljavax/servlet/ServletRequest;Ljavax/servlet/ServletResponse;Ljavax/servlet/FilterChain;)V+10
j  org.springframework.security.web.FilterChainProxy$VirtualFilterChain.doFilter(Ljavax/servlet/ServletRequest;Ljavax/servlet/ServletResponse;)V+136
j  org.springframework.security.web.session.SessionManagementFilter.doFilter(Ljavax/servlet/http/HttpServletRequest;Ljavax/servlet/http/HttpServletResponse;Ljavax/servlet/FilterChain;)V+210
j  org.springframework.security.web.session.SessionManagementFilter.doFilter(Ljavax/servlet/ServletRequest;Ljavax/servlet/ServletResponse;Ljavax/servlet/FilterChain;)V+10
j  org.springframework.security.web.FilterChainProxy$VirtualFilterChain.doFilter(Ljavax/servlet/ServletRequest;Ljavax/servlet/ServletResponse;)V+136
j  org.springframework.security.web.authentication.AnonymousAuthenticationFilter.doFilter(Ljavax/servlet/ServletRequest;Ljavax/servlet/ServletResponse;Ljavax/servlet/FilterChain;)V+118
j  org.springframework.security.web.FilterChainProxy$VirtualFilterChain.doFilter(Ljavax/servlet/ServletRequest;Ljavax/servlet/ServletResponse;)V+136
j  org.springframework.security.web.servletapi.SecurityContextHolderAwareRequestFilter.doFilter(Ljavax/servlet/ServletRequest;Ljavax/servlet/ServletResponse;Ljavax/servlet/FilterChain;)V+19
j  org.springframework.security.web.FilterChainProxy$VirtualFilterChain.doFilter(Ljavax/servlet/ServletRequest;Ljavax/servlet/ServletResponse;)V+136
j  org.springframework.security.web.savedrequest.RequestCacheAwareFilter.doFilter(Ljavax/servlet/ServletRequest;Ljavax/servlet/ServletResponse;Ljavax/servlet/FilterChain;)V+32
j  org.springframework.security.web.FilterChainProxy$VirtualFilterChain.doFilter(Ljavax/servlet/ServletRequest;Ljavax/servlet/ServletResponse;)V+136
j  com.company.enroller.security.JWTAuthorizationFilter.doFilterInternal(Ljavax/servlet/http/HttpServletRequest;Ljavax/servlet/http/HttpServletResponse;Ljavax/servlet/FilterChain;)V+58
j  org.springframework.web.filter.OncePerRequestFilter.doFilter(Ljavax/servlet/ServletRequest;Ljavax/servlet/ServletResponse;Ljavax/servlet/FilterChain;)V+147
j  org.springframework.security.web.FilterChainProxy$VirtualFilterChain.doFilter(Ljavax/servlet/ServletRequest;Ljavax/servlet/ServletResponse;)V+136
j  org.springframework.security.web.authentication.AbstractAuthenticationProcessingFilter.doFilter(Ljavax/servlet/http/HttpServletRequest;Ljavax/servlet/http/HttpServletResponse;Ljavax/servlet/FilterChain;)V+12
j  org.springframework.security.web.authentication.AbstractAuthenticationProcessingFilter.doFilter(Ljavax/servlet/ServletRequest;Ljavax/servlet/ServletResponse;Ljavax/servlet/FilterChain;)V+10
j  org.springframework.security.web.FilterChainProxy$VirtualFilterChain.doFilter(Ljavax/servlet/ServletRequest;Ljavax/servlet/ServletResponse;)V+136
j  org.springframework.security.web.authentication.logout.LogoutFilter.doFilter(Ljavax/servlet/http/HttpServletRequest;Ljavax/servlet/http/HttpServletResponse;Ljavax/servlet/FilterChain;)V+77
j  org.springframework.security.web.authentication.logout.LogoutFilter.doFilter(Ljavax/servlet/ServletRequest;Ljavax/servlet/ServletResponse;Ljavax/servlet/FilterChain;)V+10
j  org.springframework.security.web.FilterChainProxy$VirtualFilterChain.doFilter(Ljavax/servlet/ServletRequest;Ljavax/servlet/ServletResponse;)V+136
j  org.springframework.security.web.header.HeaderWriterFilter.doHeadersAfter(Ljavax/servlet/http/HttpServletRequest;Ljavax/servlet/http/HttpServletResponse;Ljavax/servlet/FilterChain;)V+29
j  org.springframework.security.web.header.HeaderWriterFilter.doFilterInternal(Ljavax/servlet/http/HttpServletRequest;Ljavax/servlet/http/HttpServletResponse;Ljavax/servlet/FilterChain;)V+21
j  org.springframework.web.filter.OncePerRequestFilter.doFilter(Ljavax/servlet/ServletRequest;Ljavax/servlet/ServletResponse;Ljavax/servlet/FilterChain;)V+147
j  org.springframework.security.web.FilterChainProxy$VirtualFilterChain.doFilter(Ljavax/servlet/ServletRequest;Ljavax/servlet/ServletResponse;)V+136
j  org.springframework.security.web.context.SecurityContextPersistenceFilter.doFilter(Ljavax/servlet/http/HttpServletRequest;Ljavax/servlet/http/HttpServletResponse;Ljavax/servlet/FilterChain;)V+181
j  org.springframework.security.web.context.SecurityContextPersistenceFilter.doFilter(Ljavax/servlet/ServletRequest;Ljavax/servlet/ServletResponse;Ljavax/servlet/FilterChain;)V+10
j  org.springframework.security.web.FilterChainProxy$VirtualFilterChain.doFilter(Ljavax/servlet/ServletRequest;Ljavax/servlet/ServletResponse;)V+136
j  org.springframework.security.web.context.request.async.WebAsyncManagerIntegrationFilter.doFilterInternal(Ljavax/servlet/http/HttpServletRequest;Ljavax/servlet/http/HttpServletResponse;Ljavax/servlet/FilterChain;)V+42
j  org.springframework.web.filter.OncePerRequestFilter.doFilter(Ljavax/servlet/ServletRequest;Ljavax/servlet/ServletResponse;Ljavax/servlet/FilterChain;)V+147
j  org.springframework.security.web.FilterChainProxy$VirtualFilterChain.doFilter(Ljavax/servlet/ServletRequest;Ljavax/servlet/ServletResponse;)V+136
j  org.springframework.security.web.FilterChainProxy.doFilterInternal(Ljavax/servlet/ServletRequest;Ljavax/servlet/ServletResponse;Ljavax/servlet/FilterChain;)V+148
j  org.springframework.security.web.FilterChainProxy.doFilter(Ljavax/servlet/ServletRequest;Ljavax/servlet/ServletResponse;Ljavax/servlet/FilterChain;)V+48
j  org.springframework.web.filter.DelegatingFilterProxy.invokeDelegate(Ljavax/servlet/Filter;Ljavax/servlet/ServletRequest;Ljavax/servlet/ServletResponse;Ljavax/servlet/FilterChain;)V+5
j  org.springframework.web.filter.DelegatingFilterProxy.doFilter(Ljavax/servlet/ServletRequest;Ljavax/servlet/ServletResponse;Ljavax/servlet/FilterChain;)V+85
j  org.apache.catalina.core.ApplicationFilterChain.internalDoFilter(Ljavax/servlet/ServletRequest;Ljavax/servlet/ServletResponse;)V+135
j  org.apache.catalina.core.ApplicationFilterChain.doFilter(Ljavax/servlet/ServletRequest;Ljavax/servlet/ServletResponse;)V+99
j  org.springframework.web.filter.RequestContextFilter.doFilterInternal(Ljavax/servlet/http/HttpServletRequest;Ljavax/servlet/http/HttpServletResponse;Ljavax/servlet/FilterChain;)V+21
j  org.springframework.web.filter.OncePerRequestFilter.doFilter(Ljavax/servlet/ServletRequest;Ljavax/servlet/ServletResponse;Ljavax/servlet/FilterChain;)V+147
j  org.apache.catalina.core.ApplicationFilterChain.internalDoFilter(Ljavax/servlet/ServletRequest;Ljavax/servlet/ServletResponse;)V+135
j  org.apache.catalina.core.ApplicationFilterChain.doFilter(Ljavax/servlet/ServletRequest;Ljavax/servlet/ServletResponse;)V+99
j  org.springframework.web.filter.FormContentFilter.doFilterInternal(Ljavax/servlet/http/HttpServletRequest;Ljavax/servlet/http/HttpServletResponse;Ljavax/servlet/FilterChain;)V+38
j  org.springframework.web.filter.OncePerRequestFilter.doFilter(Ljavax/servlet/ServletRequest;Ljavax/servlet/ServletResponse;Ljavax/servlet/FilterChain;)V+147
j  org.apache.catalina.core.ApplicationFilterChain.internalDoFilter(Ljavax/servlet/ServletRequest;Ljavax/servlet/ServletResponse;)V+135
j  org.apache.catalina.core.ApplicationFilterChain.doFilter(Ljavax/servlet/ServletRequest;Ljavax/servlet/ServletResponse;)V+99
j  org.springframework.web.filter.CharacterEncodingFilter.doFilterInternal(Ljavax/servlet/http/HttpServletRequest;Ljavax/servlet/http/HttpServletResponse;Ljavax/servlet/FilterChain;)V+53
j  org.springframework.web.filter.OncePerRequestFilter.doFilter(Ljavax/servlet/ServletRequest;Ljavax/servlet/ServletResponse;Ljavax/servlet/FilterChain;)V+147
j  org.apache.catalina.core.ApplicationFilterChain.internalDoFilter(Ljavax/servlet/ServletRequest;Ljavax/servlet/ServletResponse;)V+135
j  org.apache.catalina.core.ApplicationFilterChain.doFilter(Ljavax/servlet/ServletRequest;Ljavax/servlet/ServletResponse;)V+99
j  org.apache.catalina.core.StandardWrapperValve.invoke(Lorg/apache/catalina/connector/Request;Lorg/apache/catalina/connector/Response;)V+694
j  org.apache.catalina.core.StandardContextValve.invoke(Lorg/apache/catalina/connector/Request;Lorg/apache/catalina/connector/Response;)V+169
j  org.apache.catalina.authenticator.AuthenticatorBase.invoke(Lorg/apache/catalina/connector/Request;Lorg/apache/catalina/connector/Response;)V+260
j  org.apache.catalina.core.StandardHostValve.invoke(Lorg/apache/catalina/connector/Request;Lorg/apache/catalina/connector/Response;)V+128
j  org.apache.catalina.valves.ErrorReportValve.invoke(Lorg/apache/catalina/connector/Request;Lorg/apache/catalina/connector/Response;)V+6
j  org.apache.catalina.core.StandardEngineValve.invoke(Lorg/apache/catalina/connector/Request;Lorg/apache/catalina/connector/Response;)V+59
j  org.apache.catalina.connector.CoyoteAdapter.service(Lorg/apache/coyote/Request;Lorg/apache/coyote/Response;)V+203
j  org.apache.coyote.http11.Http11Processor.service(Lorg/apache/tomcat/util/net/SocketWrapperBase;)Lorg/apache/tomcat/util/net/AbstractEndpoint$Handler$SocketState;+796
j  org.apache.coyote.AbstractProcessorLight.process(Lorg/apache/tomcat/util/net/SocketWrapperBase;Lorg/apache/tomcat/util/net/SocketEvent;)Lorg/apache/tomcat/util/net/AbstractEndpoint$Handler$SocketState;+170
j  org.apache.coyote.AbstractProtocol$ConnectionHandler.process(Lorg/apache/tomcat/util/net/SocketWrapperBase;Lorg/apache/tomcat/util/net/SocketEvent;)Lorg/apache/tomcat/util/net/AbstractEndpoint$Handler$SocketState;+495
j  org.apache.tomcat.util.net.NioEndpoint$SocketProcessor.doRun()V+216
j  org.apache.tomcat.util.net.SocketProcessorBase.run()V+21
j  org.apache.tomcat.util.threads.ThreadPoolExecutor.runWorker(Lorg/apache/tomcat/util/threads/ThreadPoolExecutor$Worker;)V+92
j  org.apache.tomcat.util.threads.ThreadPoolExecutor$Worker.run()V+5
j  org.apache.tomcat.util.threads.TaskThread$WrappingRunnable.run()V+4
j  java.lang.Thread.run()V+11 java.base@17.0.6
v  ~StubRoutines::call_stub

siginfo: EXCEPTION_ACCESS_VIOLATION (0xc0000005), writing address 0x0000000100000009


Register to memory mapping:

RIP=0x00007ffa54f7168d ntdll.dll
RAX=0x0000004a7bf3b000 points into unknown readable memory: 0x0000000000000000 | 00 00 00 00 00 00 00 00
RBX=0x00000179034b9818 points into unknown readable memory: 0x00000179034b8558 | 58 85 4b 03 79 01 00 00
RCX=0x0000000100000001 is an unknown value
RDX=0x0000004a7f0faae0 is pointing into the stack for thread: 0x00000179049a0540
RSP=0x0000004a7f0fa9a0 is pointing into the stack for thread: 0x00000179049a0540
RBP=0x0000004a7f0faab0 is pointing into the stack for thread: 0x00000179049a0540
RSI=0x00000179034b8558 points into unknown readable memory: 0x00000179034b8eb8 | b8 8e 4b 03 79 01 00 00
RDI=0x0 is NULL
R8 =0x00000179034b9818 points into unknown readable memory: 0x00000179034b8558 | 58 85 4b 03 79 01 00 00
R9 =0x0 is NULL
R10=0x000001797249dafd is at code_begin+1149 in an Interpreter codelet
method entry point (kind = native_synchronized)  [0x000001797249d680, 0x000001797249e0e0]  2656 bytes
R11=0x0000000000000121 is an unknown value
R12=0x0 is NULL
R13={method} {0x0000017905ebe5c8} 'reset' '(J)I' in 'org/sqlite/core/NativeDB'
R14=0x0000004a7f0faae0 is pointing into the stack for thread: 0x00000179049a0540
R15=0x00000179049a0540 is a thread


Registers:
RAX=0x0000004a7bf3b000, RBX=0x00000179034b9818, RCX=0x0000000100000001, RDX=0x0000004a7f0faae0
RSP=0x0000004a7f0fa9a0, RBP=0x0000004a7f0faab0, RSI=0x00000179034b8558, RDI=0x0000000000000000
R8 =0x00000179034b9818, R9 =0x0000000000000000, R10=0x000001797249dafd, R11=0x0000000000000121
R12=0x0000000000000000, R13=0x0000017905ebe5c0, R14=0x0000004a7f0faae0, R15=0x00000179049a0540
RIP=0x00007ffa54f7168d, EFLAGS=0x0000000000010206

Top of Stack: (sp=0x0000004a7f0fa9a0)
0x0000004a7f0fa9a0:   0000000000000000 0000004a7f0faa58
0x0000004a7f0fa9b0:   00000179049a0540 0000004a7f0faa58
0x0000004a7f0fa9c0:   0000017904dd3528 0000000070c17edc
0x0000004a7f0fa9d0:   0000017904dd3500 0000000000000005
0x0000004a7f0fa9e0:   0000004a00000002 000001790703e680
0x0000004a7f0fa9f0:   000001790703ea80 00007ff9f056c25d
0x0000004a7f0faa00:   00000179049a0540 0000017905ebe5c0
0x0000004a7f0faa10:   0000000000000000 000001797249db2c
0x0000004a7f0faa20:   0000000000000000 000001797249d88b
0x0000004a7f0faa30:   0000017905ebe5c0 0000004a7f0faab0
0x0000004a7f0faa40:   0000000000000000 0000004a7f0faac0
0x0000004a7f0faa50:   000001797249d832 0000000000000003
0x0000004a7f0faa60:   0000000704e38738 0000004a7f0faa58
0x0000004a7f0faa70:   0000017905ebe5c0 0000004a7f0faae0
0x0000004a7f0faa80:   0000017905d0c210 0000000000000000
0x0000004a7f0faa90:   0000000704f688d0 0000017905ebe5c0 

Instructions: (pc=0x00007ffa54f7168d)
0x00007ffa54f7158d:   00 00 00 3b a9 84 00 00 00 73 7a 8b 94 e9 88 00
0x00007ffa54f7159d:   00 00 85 d2 74 32 8b 84 e9 8c 00 00 00 41 89 07
0x00007ffa54f715ad:   40 84 f6 74 3d 48 8d 04 17 49 89 06 8b c3 48 8b
0x00007ffa54f715bd:   5c 24 48 48 8b 6c 24 50 48 8b 74 24 58 48 83 c4
0x00007ffa54f715cd:   20 41 5f 41 5e 5f c3 cc bb 02 00 00 c0 eb dd 3b
0x00007ffa54f715dd:   69 74 73 31 8b 54 e9 78 85 d2 74 ec 8b 44 e9 7c
0x00007ffa54f715ed:   eb bb 3b 51 54 72 be 44 8b c2 48 8b d7 e8 71 95
0x00007ffa54f715fd:   00 00 49 89 06 bb 0d 00 00 c0 48 f7 d8 1b c9 f7
0x00007ffa54f7160d:   d1 23 d9 eb a7 bb 0d 00 00 c0 eb a0 cc cc cc cc
0x00007ffa54f7161d:   cc cc cc 33 c0 48 39 05 8f 7d 17 00 74 1d f6 05
0x00007ffa54f7162d:   6a 7d 17 00 01 75 14 48 8b 0d 65 7d 17 00 48 c1
0x00007ffa54f7163d:   e9 28 80 e1 03 80 f9 03 0f 94 c0 c3 cc cc cc cc
0x00007ffa54f7164d:   cc cc cc 48 83 ec 28 48 85 c9 74 10 48 8b 05 b8
0x00007ffa54f7165d:   2b 16 00 48 85 c0 0f 85 6b 64 09 00 32 c0 48 83
0x00007ffa54f7166d:   c4 28 c3 cc cc cc cc cc cc cc cc 71 b9 df 5a a1
0x00007ffa54f7167d:   8f 48 c5 48 83 ec 28 65 48 8b 04 25 30 00 00 00
0x00007ffa54f7168d:   f0 0f ba 71 08 00 48 8b 40 48 73 13 48 89 41 10
0x00007ffa54f7169d:   33 c0 c7 41 0c 01 00 00 00 48 83 c4 28 c3 cc 48
0x00007ffa54f716ad:   39 41 10 75 0b ff 41 0c 33 c0 48 83 c4 28 c3 cc
0x00007ffa54f716bd:   e8 0e 00 00 00 eb e2 cc cc cc cc cc cc cc cc cc
0x00007ffa54f716cd:   cc cc cc 40 53 55 56 57 41 54 41 55 41 56 41 57
0x00007ffa54f716dd:   48 83 ec 38 8b 41 20 4c 8b e9 48 0f ba e0 1a 0f
0x00007ffa54f716ed:   82 29 03 00 00 33 ff 66 83 3c 25 6a 03 fe 7f 01
0x00007ffa54f716fd:   40 88 bc 24 88 00 00 00 76 1d 49 8b 7d 20 48 8b
0x00007ffa54f7170d:   c7 81 e7 ff ff ff 00 25 00 00 00 02 48 85 c0 0f
0x00007ffa54f7171d:   95 84 24 88 00 00 00 40 32 f6 40 32 ed 40 88 ac
0x00007ffa54f7172d:   24 80 00 00 00 41 8b 45 08 4d 8d 65 08 40 84 ed
0x00007ffa54f7173d:   ba 01 00 00 00 41 bf 03 00 00 00 41 bb 6a 03 fe
0x00007ffa54f7174d:   7f 44 0f 44 fa 44 0f b6 d6 48 8b df 84 c2 0f 85
0x00007ffa54f7175d:   b1 01 00 00 45 33 c0 8d 0c bf 03 c9 66 41 83 3b
0x00007ffa54f7176d:   01 0f 86 ec 00 00 00 4d 85 e4 74 0e 80 3c 25 97
0x00007ffa54f7177d:   02 fe 7f 00 0f 85 73 8f 08 00 0f b7 1c 25 d6 02 


Stack slot to memory mapping:
stack at sp + 0 slots: 0x0 is NULL
stack at sp + 1 slots: 0x0000004a7f0faa58 is pointing into the stack for thread: 0x00000179049a0540
stack at sp + 2 slots: 0x00000179049a0540 is a thread
stack at sp + 3 slots: 0x0000004a7f0faa58 is pointing into the stack for thread: 0x00000179049a0540
stack at sp + 4 slots: 0x0000017904dd3528 points into unknown readable memory: 0x0000000704e38738 | 38 87 e3 04 07 00 00 00
stack at sp + 5 slots: 0x0000000070c17edc sqlite-3.36.0.3-208f217a-e293-4d12-b3a3-2edeb7ae7fb4-sqlitejdbc.dll
stack at sp + 6 slots: 0x0000017904dd3500 points into unknown readable memory: 0x0000000706a205c8 | c8 05 a2 06 07 00 00 00
stack at sp + 7 slots: 0x0000000000000005 is an unknown value


---------------  P R O C E S S  ---------------

Threads class SMR info:
_java_thread_list=0x000001790705a0c0, length=35, elements={
0x000001797fa71580, 0x000001797fa72130, 0x000001797fa8a650, 0x000001797fa8d010,
0x000001797fa8f9d0, 0x000001797fa90380, 0x000001797fa93e00, 0x000001797fa98c20,
0x000001797f727940, 0x000001797f727e10, 0x000001797fe57de0, 0x000001797fe5a1b0,
0x0000017902b289d0, 0x0000017902b50500, 0x0000017904596420, 0x000001790458a0b0,
0x0000017904622fa0, 0x0000017904623470, 0x00000179040dc880, 0x00000179049a1880,
0x00000179049a0ee0, 0x00000179049a13b0, 0x00000179049a0070, 0x00000179049a0540,
0x00000179049a0a10, 0x0000017907060590, 0x00000179070600c0, 0x00000179070618d0,
0x0000017907061da0, 0x000001790705f720, 0x0000017907065760, 0x00000179070648f0,
0x0000017907060a60, 0x0000017907064420, 0x0000017907063a80
}

Java Threads: ( => current thread )
  0x000001797fa71580 JavaThread "Reference Handler" daemon [_thread_blocked, id=9332, stack(0x0000004a7cb00000,0x0000004a7cc00000)]
  0x000001797fa72130 JavaThread "Finalizer" daemon [_thread_blocked, id=8544, stack(0x0000004a7cc00000,0x0000004a7cd00000)]
  0x000001797fa8a650 JavaThread "Signal Dispatcher" daemon [_thread_blocked, id=1268, stack(0x0000004a7cd00000,0x0000004a7ce00000)]
  0x000001797fa8d010 JavaThread "Attach Listener" daemon [_thread_blocked, id=12000, stack(0x0000004a7ce00000,0x0000004a7cf00000)]
  0x000001797fa8f9d0 JavaThread "Service Thread" daemon [_thread_blocked, id=21944, stack(0x0000004a7cf00000,0x0000004a7d000000)]
  0x000001797fa90380 JavaThread "Monitor Deflation Thread" daemon [_thread_blocked, id=17696, stack(0x0000004a7d000000,0x0000004a7d100000)]
  0x000001797fa93e00 JavaThread "C1 CompilerThread0" daemon [_thread_blocked, id=22888, stack(0x0000004a7d100000,0x0000004a7d200000)]
  0x000001797fa98c20 JavaThread "Sweeper thread" daemon [_thread_blocked, id=11168, stack(0x0000004a7d200000,0x0000004a7d300000)]
  0x000001797f727940 JavaThread "Common-Cleaner" daemon [_thread_blocked, id=19072, stack(0x0000004a7d300000,0x0000004a7d400000)]
  0x000001797f727e10 JavaThread "C1 CompilerThread1" daemon [_thread_blocked, id=20024, stack(0x0000004a7d400000,0x0000004a7d500000)]
  0x000001797fe57de0 JavaThread "Monitor Ctrl-Break" daemon [_thread_in_native, id=18744, stack(0x0000004a7d500000,0x0000004a7d600000)]
  0x000001797fe5a1b0 JavaThread "Notification Thread" daemon [_thread_blocked, id=5632, stack(0x0000004a7d600000,0x0000004a7d700000)]
  0x0000017902b289d0 JavaThread "RMI TCP Accept-0" daemon [_thread_in_native, id=23044, stack(0x0000004a7d700000,0x0000004a7d800000)]
  0x0000017902b50500 JavaThread "C1 CompilerThread2" daemon [_thread_blocked, id=20020, stack(0x0000004a7d900000,0x0000004a7da00000)]
  0x0000017904596420 JavaThread "RMI TCP Connection(1)-192.168.0.227" daemon [_thread_in_native, id=2392, stack(0x0000004a7e400000,0x0000004a7e500000)]
  0x000001790458a0b0 JavaThread "RMI Scheduler(0)" daemon [_thread_blocked, id=12524, stack(0x0000004a7e600000,0x0000004a7e700000)]
  0x0000017904622fa0 JavaThread "Catalina-utility-1" [_thread_blocked, id=22668, stack(0x0000004a7e700000,0x0000004a7e800000)]
  0x0000017904623470 JavaThread "Catalina-utility-2" [_thread_blocked, id=22192, stack(0x0000004a7ea00000,0x0000004a7eb00000)]
  0x00000179040dc880 JavaThread "container-0" [_thread_blocked, id=3496, stack(0x0000004a7eb00000,0x0000004a7ec00000)]
  0x00000179049a1880 JavaThread "Hibernate Connection Pool Validation Thread" daemon [_thread_blocked, id=4620, stack(0x0000004a7ec00000,0x0000004a7ed00000)]
  0x00000179049a0ee0 JavaThread "http-nio-8080-exec-1" daemon [_thread_blocked, id=18768, stack(0x0000004a7ed00000,0x0000004a7ee00000)]
  0x00000179049a13b0 JavaThread "http-nio-8080-exec-2" daemon [_thread_blocked, id=21604, stack(0x0000004a7ee00000,0x0000004a7ef00000)]
  0x00000179049a0070 JavaThread "http-nio-8080-exec-3" daemon [_thread_blocked, id=5496, stack(0x0000004a7ef00000,0x0000004a7f000000)]
=>0x00000179049a0540 JavaThread "http-nio-8080-exec-4" daemon [_thread_in_native, id=13336, stack(0x0000004a7f000000,0x0000004a7f100000)]
  0x00000179049a0a10 JavaThread "http-nio-8080-exec-5" daemon [_thread_blocked, id=3336, stack(0x0000004a7f100000,0x0000004a7f200000)]
  0x0000017907060590 JavaThread "http-nio-8080-exec-6" daemon [_thread_blocked, id=10540, stack(0x0000004a7f200000,0x0000004a7f300000)]
  0x00000179070600c0 JavaThread "http-nio-8080-exec-7" daemon [_thread_blocked, id=15088, stack(0x0000004a7f300000,0x0000004a7f400000)]
  0x00000179070618d0 JavaThread "http-nio-8080-exec-8" daemon [_thread_blocked, id=20060, stack(0x0000004a7f400000,0x0000004a7f500000)]
  0x0000017907061da0 JavaThread "http-nio-8080-exec-9" daemon [_thread_blocked, id=7060, stack(0x0000004a7f500000,0x0000004a7f600000)]
  0x000001790705f720 JavaThread "http-nio-8080-exec-10" daemon [_thread_blocked, id=19664, stack(0x0000004a7f600000,0x0000004a7f700000)]
  0x0000017907065760 JavaThread "http-nio-8080-Poller" daemon [_thread_in_native, id=20184, stack(0x0000004a7f700000,0x0000004a7f800000)]
  0x00000179070648f0 JavaThread "http-nio-8080-Acceptor" daemon [_thread_in_native, id=19268, stack(0x0000004a7f800000,0x0000004a7f900000)]
  0x0000017907060a60 JavaThread "DestroyJavaVM" [_thread_blocked, id=19248, stack(0x0000004a7c400000,0x0000004a7c500000)]
  0x0000017907064420 JavaThread "RMI TCP Connection(2)-192.168.0.227" daemon [_thread_in_native, id=22232, stack(0x0000004a7f900000,0x0000004a7fa00000)]
  0x0000017907063a80 JavaThread "RMI TCP Connection(3)-192.168.0.227" daemon [_thread_in_native, id=11824, stack(0x0000004a7fa00000,0x0000004a7fb00000)]

Other Threads:
  0x000001797fa6cba0 VMThread "VM Thread" [stack: 0x0000004a7ca00000,0x0000004a7cb00000] [id=8096]
  0x000001796acc8760 WatcherThread [stack: 0x0000004a7d800000,0x0000004a7d900000] [id=9324]
  0x000001796acaa740 GCTaskThread "GC Thread#0" [stack: 0x0000004a7c500000,0x0000004a7c600000] [id=1624]
  0x0000017902d8d2f0 GCTaskThread "GC Thread#1" [stack: 0x0000004a7db00000,0x0000004a7dc00000] [id=22640]
  0x0000017902d8d5a0 GCTaskThread "GC Thread#2" [stack: 0x0000004a7dc00000,0x0000004a7dd00000] [id=7664]
  0x0000017902db0890 GCTaskThread "GC Thread#3" [stack: 0x0000004a7dd00000,0x0000004a7de00000] [id=17272]
  0x0000017902d42b40 GCTaskThread "GC Thread#4" [stack: 0x0000004a7de00000,0x0000004a7df00000] [id=18168]
  0x0000017902d42330 GCTaskThread "GC Thread#5" [stack: 0x0000004a7df00000,0x0000004a7e000000] [id=22792]
  0x0000017902d42890 GCTaskThread "GC Thread#6" [stack: 0x0000004a7e000000,0x0000004a7e100000] [id=1764]
  0x0000017902d42080 GCTaskThread "GC Thread#7" [stack: 0x0000004a7e100000,0x0000004a7e200000] [id=9996]
  0x0000017902df7760 GCTaskThread "GC Thread#8" [stack: 0x0000004a7e200000,0x0000004a7e300000] [id=21416]
  0x0000017902df9d00 GCTaskThread "GC Thread#9" [stack: 0x0000004a7e500000,0x0000004a7e600000] [id=13936]
  0x000001796acbc4c0 ConcurrentGCThread "G1 Main Marker" [stack: 0x0000004a7c600000,0x0000004a7c700000] [id=7992]
  0x000001796acbced0 ConcurrentGCThread "G1 Conc#0" [stack: 0x0000004a7c700000,0x0000004a7c800000] [id=19324]
  0x0000017902df9a50 ConcurrentGCThread "G1 Conc#1" [stack: 0x0000004a7e800000,0x0000004a7e900000] [id=22088]
  0x0000017902df7cc0 ConcurrentGCThread "G1 Conc#2" [stack: 0x0000004a7e900000,0x0000004a7ea00000] [id=9636]
  0x000001797f5f2240 ConcurrentGCThread "G1 Refine#0" [stack: 0x0000004a7c800000,0x0000004a7c900000] [id=23272]
  0x0000017902da44b0 ConcurrentGCThread "G1 Refine#1" [stack: 0x0000004a7e300000,0x0000004a7e400000] [id=21724]
  0x000001797f5f2c60 ConcurrentGCThread "G1 Service" [stack: 0x0000004a7c900000,0x0000004a7ca00000] [id=20196]

Threads with active compile tasks:

VM state: not at safepoint (normal execution)

VM Mutex/Monitor currently owned by a thread: None

Heap address: 0x0000000704800000, size: 4024 MB, Compressed Oops mode: Zero based, Oop shift amount: 3

CDS archive(s) mapped at: [0x0000000800000000-0x0000000800bd0000-0x0000000800bd0000), size 12386304, SharedBaseAddress: 0x0000000800000000, ArchiveRelocationMode: 0.
Compressed class space mapped at: 0x0000000800c00000-0x0000000840c00000, reserved size: 1073741824
Narrow klass base: 0x0000000800000000, Narrow klass shift: 0, Narrow klass range: 0x100000000

GC Precious Log:
 CPUs: 12 total, 12 available
 Memory: 16088M
 Large Page Support: Disabled
 NUMA Support: Disabled
 Compressed Oops: Enabled (Zero based)
 Heap Region Size: 2M
 Heap Min Capacity: 8M
 Heap Initial Capacity: 252M
 Heap Max Capacity: 4024M
 Pre-touch: Disabled
 Parallel Workers: 10
 Concurrent Workers: 3
 Concurrent Refinement Workers: 10
 Periodic GC: Disabled

Heap:
 garbage-first heap   total 61440K, used 24339K [0x0000000704800000, 0x0000000800000000)
  region size 2048K, 4 young (8192K), 1 survivors (2048K)
 Metaspace       used 53676K, committed 54080K, reserved 1097728K
  class space    used 7538K, committed 7744K, reserved 1048576K

Heap Regions: E=young(eden), S=young(survivor), O=old, HS=humongous(starts), HC=humongous(continues), CS=collection set, F=free, OA=open archive, CA=closed archive, TAMS=top-at-mark-start (previous, next)
|   0|0x0000000704800000, 0x0000000704a00000, 0x0000000704a00000|100%| O|  |TAMS 0x0000000704a00000, 0x0000000704800000| Untracked 
|   1|0x0000000704a00000, 0x0000000704c00000, 0x0000000704c00000|100%| O|  |TAMS 0x0000000704c00000, 0x0000000704a00000| Untracked 
|   2|0x0000000704c00000, 0x0000000704e00000, 0x0000000704e00000|100%| O|  |TAMS 0x0000000704e00000, 0x0000000704c00000| Untracked 
|   3|0x0000000704e00000, 0x0000000705000000, 0x0000000705000000|100%| O|  |TAMS 0x0000000704e00000, 0x0000000704e00000| Untracked 
|   4|0x0000000705000000, 0x0000000705200000, 0x0000000705200000|100%| O|  |TAMS 0x0000000705200000, 0x0000000705000000| Untracked 
|   5|0x0000000705200000, 0x0000000705400000, 0x0000000705400000|100%| O|  |TAMS 0x0000000705400000, 0x0000000705200000| Untracked 
|   6|0x0000000705400000, 0x0000000705600000, 0x0000000705600000|100%| O|  |TAMS 0x0000000705400000, 0x0000000705400000| Untracked 
|   7|0x0000000705600000, 0x0000000705800000, 0x0000000705800000|100%| O|  |TAMS 0x0000000705600000, 0x0000000705600000| Untracked 
|   8|0x0000000705800000, 0x0000000705821000, 0x0000000705a00000|  6%| O|  |TAMS 0x0000000705800000, 0x0000000705800000| Untracked 
|   9|0x0000000705a00000, 0x0000000705a00000, 0x0000000705c00000|  0%| F|  |TAMS 0x0000000705a00000, 0x0000000705a00000| Untracked 
|  10|0x0000000705c00000, 0x0000000705e00000, 0x0000000705e00000|100%| O|  |TAMS 0x0000000705e00000, 0x0000000705c00000| Untracked 
|  11|0x0000000705e00000, 0x0000000705e00000, 0x0000000706000000|  0%| F|  |TAMS 0x0000000705e00000, 0x0000000705e00000| Untracked 
|  12|0x0000000706000000, 0x0000000706000000, 0x0000000706200000|  0%| F|  |TAMS 0x0000000706000000, 0x0000000706000000| Untracked 
|  13|0x0000000706200000, 0x0000000706200000, 0x0000000706400000|  0%| F|  |TAMS 0x0000000706200000, 0x0000000706200000| Untracked 
|  14|0x0000000706400000, 0x0000000706400000, 0x0000000706600000|  0%| F|  |TAMS 0x0000000706400000, 0x0000000706400000| Untracked 
|  15|0x0000000706600000, 0x0000000706600000, 0x0000000706800000|  0%| F|  |TAMS 0x0000000706600000, 0x0000000706600000| Untracked 
|  16|0x0000000706800000, 0x0000000706800000, 0x0000000706a00000|  0%| F|  |TAMS 0x0000000706800000, 0x0000000706800000| Untracked 
|  17|0x0000000706a00000, 0x0000000706ba3ed0, 0x0000000706c00000| 82%| S|CS|TAMS 0x0000000706a00000, 0x0000000706a00000| Complete 
|  18|0x0000000706c00000, 0x0000000706c00000, 0x0000000706e00000|  0%| F|  |TAMS 0x0000000706c00000, 0x0000000706c00000| Untracked 
|  19|0x0000000706e00000, 0x0000000706e00000, 0x0000000707000000|  0%| F|  |TAMS 0x0000000706e00000, 0x0000000706e00000| Untracked 
|  20|0x0000000707000000, 0x0000000707000000, 0x0000000707200000|  0%| F|  |TAMS 0x0000000707000000, 0x0000000707000000| Untracked 
|  21|0x0000000707200000, 0x0000000707200000, 0x0000000707400000|  0%| F|  |TAMS 0x0000000707200000, 0x0000000707200000| Untracked 
|  22|0x0000000707400000, 0x0000000707400000, 0x0000000707600000|  0%| F|  |TAMS 0x0000000707400000, 0x0000000707400000| Untracked 
|  23|0x0000000707600000, 0x0000000707600000, 0x0000000707800000|  0%| F|  |TAMS 0x0000000707600000, 0x0000000707600000| Untracked 
|  24|0x0000000707800000, 0x0000000707800000, 0x0000000707a00000|  0%| F|  |TAMS 0x0000000707800000, 0x0000000707800000| Untracked 
|  25|0x0000000707a00000, 0x0000000707a00000, 0x0000000707c00000|  0%| F|  |TAMS 0x0000000707a00000, 0x0000000707a00000| Untracked 
|  26|0x0000000707c00000, 0x0000000707c00000, 0x0000000707e00000|  0%| F|  |TAMS 0x0000000707c00000, 0x0000000707c00000| Untracked 
|  27|0x0000000707e00000, 0x0000000707ecdc38, 0x0000000708000000| 40%| E|  |TAMS 0x0000000707e00000, 0x0000000707e00000| Complete 
|  28|0x0000000708000000, 0x0000000708200000, 0x0000000708200000|100%| E|CS|TAMS 0x0000000708000000, 0x0000000708000000| Complete 
| 125|0x0000000714200000, 0x0000000714400000, 0x0000000714400000|100%| E|CS|TAMS 0x0000000714200000, 0x0000000714200000| Complete 

Card table byte_map: [0x0000017975fa0000,0x0000017976780000] _byte_map_base: 0x000001797277c000

Marking Bits (Prev, Next): (CMBitMap*) 0x000001796acaad50, (CMBitMap*) 0x000001796acaad90
 Prev Bits: [0x0000017976f60000, 0x000001797ae40000)
 Next Bits: [0x000001797ae40000, 0x000001797ed20000)

Polling page: 0x0000017968bc0000

Metaspace:

Usage:
  Non-class:     45.06 MB used.
      Class:      7.36 MB used.
       Both:     52.42 MB used.

Virtual space:
  Non-class space:       48.00 MB reserved,      45.25 MB ( 94%) committed,  6 nodes.
      Class space:        1.00 GB reserved,       7.56 MB ( <1%) committed,  1 nodes.
             Both:        1.05 GB reserved,      52.81 MB (  5%) committed. 

Chunk freelists:
   Non-Class:  2.52 MB
       Class:  400.00 KB
        Both:  2.91 MB

MaxMetaspaceSize: unlimited
CompressedClassSpaceSize: 1.00 GB
Initial GC threshold: 21.00 MB
Current GC threshold: 59.06 MB
CDS: on
MetaspaceReclaimPolicy: balanced
 - commit_granule_bytes: 65536.
 - commit_granule_words: 8192.
 - virtual_space_node_default_size: 1048576.
 - enlarge_chunks_in_place: 1.
 - new_chunks_are_fully_committed: 0.
 - uncommit_free_chunks: 1.
 - use_allocation_guard: 0.
 - handle_deallocations: 1.


Internal statistics:

num_allocs_failed_limit: 6.
num_arena_births: 524.
num_arena_deaths: 0.
num_vsnodes_births: 7.
num_vsnodes_deaths: 0.
num_space_committed: 845.
num_space_uncommitted: 0.
num_chunks_returned_to_freelist: 6.
num_chunks_taken_from_freelist: 2341.
num_chunk_merges: 3.
num_chunk_splits: 1673.
num_chunks_enlarged: 1312.
num_purges: 0.
num_inconsistent_stats: 0.

CodeCache: size=49152Kb used=8880Kb max_used=9255Kb free=40271Kb
 bounds [0x0000017972490000, 0x0000017972da0000, 0x0000017975490000]
 total_blobs=4794 nmethods=4165 adapters=554
 compilation: enabled
              stopped_count=0, restarted_count=0
 full_count=0

Compilation events (20 events):
Event: 11.911 Thread 0x000001797fa93e00 nmethod 4143 0x0000017972878e90 code [0x0000017972879020, 0x00000179728790f8]
Event: 11.911 Thread 0x000001797f727e10 nmethod 4142 0x0000017972878b10 code [0x0000017972878ca0, 0x0000017972878de8]
Event: 11.912 Thread 0x000001797f727e10 4144       1       javax.servlet.ServletRequestWrapper::getAttribute (11 bytes)
Event: 11.912 Thread 0x000001797f727e10 nmethod 4144 0x0000017972878810 code [0x00000179728789a0, 0x0000017972878a88]
Event: 11.914 Thread 0x000001797f727e10 4145       1       java.util.ArrayList::add (65 bytes)
Event: 11.914 Thread 0x0000017902b50500 4146       1       org.springframework.core.annotation.SynthesizedMergedAnnotationInvocationHandler$$Lambda$452/0x0000000800f1f158::<init> (15 bytes)
Event: 11.914 Thread 0x000001797fa93e00 4147       1       org.springframework.core.annotation.SynthesizedMergedAnnotationInvocationHandler::invoke (107 bytes)
Event: 11.914 Thread 0x0000017902b50500 nmethod 4146 0x0000017972878490 code [0x0000017972878620, 0x0000017972878798]
Event: 11.914 Thread 0x0000017902b50500 4148       1       org.springframework.util.ReflectionUtils::isEqualsMethod (47 bytes)
Event: 11.914 Thread 0x000001797f727e10 nmethod 4145 0x0000017972877c90 code [0x0000017972877e60, 0x0000017972878258]
Event: 11.914 Thread 0x000001797f727e10 4149       1       org.springframework.util.ReflectionUtils::isHashCodeMethod (29 bytes)
Event: 11.914 Thread 0x000001797f727e10 nmethod 4149 0x0000017972877890 code [0x0000017972877a20, 0x0000017972877b48]
Event: 11.914 Thread 0x0000017902b50500 nmethod 4148 0x0000017972877290 code [0x0000017972877460, 0x00000179728776b8]
Event: 11.914 Thread 0x0000017902b50500 4150       1       org.springframework.util.ReflectionUtils::isToStringMethod (29 bytes)
Event: 11.914 Thread 0x000001797f727e10 4151       1       org.springframework.core.annotation.SynthesizedMergedAnnotationInvocationHandler::isAnnotationTypeMethod (25 bytes)
Event: 11.914 Thread 0x0000017902b50500 nmethod 4150 0x0000017972876e90 code [0x0000017972877020, 0x0000017972877148]
Event: 11.914 Thread 0x0000017902b50500 4152       1       org.springframework.core.annotation.SynthesizedMergedAnnotationInvocationHandler::getAttributeValue (46 bytes)
Event: 11.914 Thread 0x000001797f727e10 nmethod 4151 0x0000017972876a90 code [0x0000017972876c20, 0x0000017972876d68]
Event: 11.915 Thread 0x0000017902b50500 nmethod 4152 0x0000017972876390 code [0x0000017972876580, 0x00000179728768a8]
Event: 11.915 Thread 0x000001797fa93e00 nmethod 4147 0x0000017972874e90 code [0x0000017972875160, 0x0000017972875d68]

GC Heap History (20 events):
Event: 0.394 GC heap before
{Heap before GC invocations=0 (full 0):
 garbage-first heap   total 258048K, used 22528K [0x0000000704800000, 0x0000000800000000)
  region size 2048K, 11 young (22528K), 0 survivors (0K)
 Metaspace       used 7292K, committed 7424K, reserved 1056768K
  class space    used 917K, committed 960K, reserved 1048576K
}
Event: 0.398 GC heap after
{Heap after GC invocations=1 (full 0):
 garbage-first heap   total 258048K, used 6365K [0x0000000704800000, 0x0000000800000000)
  region size 2048K, 2 young (4096K), 2 survivors (4096K)
 Metaspace       used 7292K, committed 7424K, reserved 1056768K
  class space    used 917K, committed 960K, reserved 1048576K
}
Event: 0.641 GC heap before
{Heap before GC invocations=1 (full 0):
 garbage-first heap   total 258048K, used 30941K [0x0000000704800000, 0x0000000800000000)
  region size 2048K, 15 young (30720K), 2 survivors (4096K)
 Metaspace       used 13327K, committed 13504K, reserved 1064960K
  class space    used 1772K, committed 1856K, reserved 1048576K
}
Event: 0.644 GC heap after
{Heap after GC invocations=2 (full 0):
 garbage-first heap   total 258048K, used 8185K [0x0000000704800000, 0x0000000800000000)
  region size 2048K, 1 young (2048K), 1 survivors (2048K)
 Metaspace       used 13327K, committed 13504K, reserved 1064960K
  class space    used 1772K, committed 1856K, reserved 1048576K
}
Event: 1.072 GC heap before
{Heap before GC invocations=2 (full 0):
 garbage-first heap   total 258048K, used 61433K [0x0000000704800000, 0x0000000800000000)
  region size 2048K, 28 young (57344K), 1 survivors (2048K)
 Metaspace       used 21276K, committed 21504K, reserved 1073152K
  class space    used 2889K, committed 3008K, reserved 1048576K
}
Event: 1.075 GC heap after
{Heap after GC invocations=3 (full 0):
 garbage-first heap   total 258048K, used 11403K [0x0000000704800000, 0x0000000800000000)
  region size 2048K, 3 young (6144K), 3 survivors (6144K)
 Metaspace       used 21276K, committed 21504K, reserved 1073152K
  class space    used 2889K, committed 3008K, reserved 1048576K
}
Event: 1.377 GC heap before
{Heap before GC invocations=4 (full 0):
 garbage-first heap   total 61440K, used 44171K [0x0000000704800000, 0x0000000800000000)
  region size 2048K, 20 young (40960K), 3 survivors (6144K)
 Metaspace       used 27217K, committed 27648K, reserved 1073152K
  class space    used 3684K, committed 3904K, reserved 1048576K
}
Event: 1.381 GC heap after
{Heap after GC invocations=5 (full 0):
 garbage-first heap   total 61440K, used 14325K [0x0000000704800000, 0x0000000800000000)
  region size 2048K, 4 young (8192K), 4 survivors (8192K)
 Metaspace       used 27217K, committed 27648K, reserved 1073152K
  class space    used 3684K, committed 3904K, reserved 1048576K
}
Event: 1.402 GC heap before
{Heap before GC invocations=5 (full 0):
 garbage-first heap   total 61440K, used 16373K [0x0000000704800000, 0x0000000800000000)
  region size 2048K, 5 young (10240K), 4 survivors (8192K)
 Metaspace       used 27685K, committed 28096K, reserved 1081344K
  class space    used 3749K, committed 3968K, reserved 1048576K
}
Event: 1.405 GC heap after
{Heap after GC invocations=6 (full 0):
 garbage-first heap   total 61440K, used 15138K [0x0000000704800000, 0x0000000800000000)
  region size 2048K, 1 young (2048K), 1 survivors (2048K)
 Metaspace       used 27685K, committed 28096K, reserved 1081344K
  class space    used 3749K, committed 3968K, reserved 1048576K
}
Event: 1.652 GC heap before
{Heap before GC invocations=6 (full 0):
 garbage-first heap   total 61440K, used 39714K [0x0000000704800000, 0x0000000800000000)
  region size 2048K, 14 young (28672K), 1 survivors (2048K)
 Metaspace       used 35777K, committed 36160K, reserved 1081344K
  class space    used 4967K, committed 5184K, reserved 1048576K
}
Event: 1.654 GC heap after
{Heap after GC invocations=7 (full 0):
 garbage-first heap   total 159744K, used 15453K [0x0000000704800000, 0x0000000800000000)
  region size 2048K, 1 young (2048K), 1 survivors (2048K)
 Metaspace       used 35777K, committed 36160K, reserved 1081344K
  class space    used 4967K, committed 5184K, reserved 1048576K
}
Event: 2.062 GC heap before
{Heap before GC invocations=8 (full 0):
 garbage-first heap   total 61440K, used 50269K [0x0000000704800000, 0x0000000800000000)
  region size 2048K, 18 young (36864K), 1 survivors (2048K)
 Metaspace       used 43546K, committed 43904K, reserved 1089536K
  class space    used 6156K, committed 6336K, reserved 1048576K
}
Event: 2.064 GC heap after
{Heap after GC invocations=9 (full 0):
 garbage-first heap   total 61440K, used 16699K [0x0000000704800000, 0x0000000800000000)
  region size 2048K, 2 young (4096K), 2 survivors (4096K)
 Metaspace       used 43546K, committed 43904K, reserved 1089536K
  class space    used 6156K, committed 6336K, reserved 1048576K
}
Event: 2.083 GC heap before
{Heap before GC invocations=9 (full 0):
 garbage-first heap   total 61440K, used 18747K [0x0000000704800000, 0x0000000800000000)
  region size 2048K, 3 young (6144K), 2 survivors (4096K)
 Metaspace       used 43997K, committed 44352K, reserved 1089536K
  class space    used 6225K, committed 6400K, reserved 1048576K
}
Event: 2.086 GC heap after
{Heap after GC invocations=10 (full 0):
 garbage-first heap   total 61440K, used 16752K [0x0000000704800000, 0x0000000800000000)
  region size 2048K, 1 young (2048K), 1 survivors (2048K)
 Metaspace       used 43997K, committed 44352K, reserved 1089536K
  class space    used 6225K, committed 6400K, reserved 1048576K
}
Event: 2.371 GC heap before
{Heap before GC invocations=10 (full 0):
 garbage-first heap   total 61440K, used 43376K [0x0000000704800000, 0x0000000800000000)
  region size 2048K, 14 young (28672K), 1 survivors (2048K)
 Metaspace       used 48765K, committed 49088K, reserved 1097728K
  class space    used 6901K, committed 7040K, reserved 1048576K
}
Event: 2.373 GC heap after
{Heap after GC invocations=11 (full 0):
 garbage-first heap   total 61440K, used 18759K [0x0000000704800000, 0x0000000800000000)
  region size 2048K, 2 young (4096K), 2 survivors (4096K)
 Metaspace       used 48765K, committed 49088K, reserved 1097728K
  class space    used 6901K, committed 7040K, reserved 1048576K
}
Event: 11.658 GC heap before
{Heap before GC invocations=11 (full 0):
 garbage-first heap   total 61440K, used 43335K [0x0000000704800000, 0x0000000800000000)
  region size 2048K, 14 young (28672K), 2 survivors (4096K)
 Metaspace       used 53198K, committed 53632K, reserved 1097728K
  class space    used 7475K, committed 7680K, reserved 1048576K
}
Event: 11.664 GC heap after
{Heap after GC invocations=12 (full 0):
 garbage-first heap   total 61440K, used 20243K [0x0000000704800000, 0x0000000800000000)
  region size 2048K, 1 young (2048K), 1 survivors (2048K)
 Metaspace       used 53198K, committed 53632K, reserved 1097728K
  class space    used 7475K, committed 7680K, reserved 1048576K
}

Deoptimization events (8 events):
Event: 0.656 Thread 0x000001796ac40690 DEOPT PACKING pc=0x0000017972a11d79 sp=0x0000004a7c4fd3b0
Event: 0.656 Thread 0x000001796ac40690 DEOPT UNPACKING pc=0x00000179724e2b43 sp=0x0000004a7c4fc890 mode 3
Event: 1.187 Thread 0x000001796ac40690 DEOPT PACKING pc=0x0000017972c1a725 sp=0x0000004a7c4fd3e0
Event: 1.187 Thread 0x000001796ac40690 DEOPT UNPACKING pc=0x00000179724e2b43 sp=0x0000004a7c4fc948 mode 3
Event: 2.446 Thread 0x00000179049a0540 DEOPT PACKING pc=0x0000017972a0009f sp=0x0000004a7f0feda0
Event: 2.446 Thread 0x00000179049a0540 DEOPT UNPACKING pc=0x00000179724e2b43 sp=0x0000004a7f0fe1f8 mode 3
Event: 2.446 Thread 0x000001790705f720 DEOPT PACKING pc=0x0000017972a31289 sp=0x0000004a7f6ff1f0
Event: 2.446 Thread 0x000001790705f720 DEOPT UNPACKING pc=0x00000179724e2b43 sp=0x0000004a7f6fe688 mode 3

Classes unloaded (0 events):
No events

Classes redefined (0 events):
No events

Internal exceptions (20 events):
Event: 2.203 Thread 0x000001796ac40690 Exception <a 'java/lang/ClassNotFoundException'{0x00000007078d8480}: org/springframework/web/context/ServletContextAwareCustomizer> (0x00000007078d8480) 
thrown [s\open\src\hotspot\share\classfile\systemDictionary.cpp, line 256]
Event: 2.203 Thread 0x000001796ac40690 Exception <a 'java/lang/ClassNotFoundException'{0x00000007078de640}: org/springframework/beans/factory/AwareCustomizer> (0x00000007078de640) 
thrown [s\open\src\hotspot\share\classfile\systemDictionary.cpp, line 256]
Event: 2.214 Thread 0x000001796ac40690 Exception <a 'java/lang/ClassNotFoundException'{0x00000007079b6cb8}: java/lang/ObjectCustomizer> (0x00000007079b6cb8) 
thrown [s\open\src\hotspot\share\classfile\systemDictionary.cpp, line 256]
Event: 2.214 Thread 0x000001796ac40690 Exception <a 'java/lang/ClassNotFoundException'{0x00000007079bfe88}: org/springframework/security/config/annotation/web/configuration/WebSecurityConfigurationCustomizer> (0x00000007079bfe88) 
thrown [s\open\src\hotspot\share\classfile\systemDictionary.cpp, line 256]
Event: 2.215 Thread 0x000001796ac40690 Exception <a 'java/lang/ClassNotFoundException'{0x00000007079cf768}: org/springframework/context/annotation/ImportAwareCustomizer> (0x00000007079cf768) 
thrown [s\open\src\hotspot\share\classfile\systemDictionary.cpp, line 256]
Event: 2.215 Thread 0x000001796ac40690 Exception <a 'java/lang/ClassNotFoundException'{0x00000007079d5990}: org/springframework/beans/factory/AwareCustomizer> (0x00000007079d5990) 
thrown [s\open\src\hotspot\share\classfile\systemDictionary.cpp, line 256]
Event: 2.215 Thread 0x000001796ac40690 Exception <a 'java/lang/ClassNotFoundException'{0x00000007079dacf0}: org/springframework/beans/factory/BeanClassLoaderAwareCustomizer> (0x00000007079dacf0) 
thrown [s\open\src\hotspot\share\classfile\systemDictionary.cpp, line 256]
Event: 2.215 Thread 0x000001796ac40690 Exception <a 'java/lang/ClassNotFoundException'{0x00000007079e14f8}: org/springframework/beans/factory/AwareCustomizer> (0x00000007079e14f8) 
thrown [s\open\src\hotspot\share\classfile\systemDictionary.cpp, line 256]
Event: 2.268 Thread 0x000001796ac40690 Exception <a 'java/lang/NoSuchMethodError'{0x0000000707055df0}: 'java.lang.Object java.lang.invoke.DirectMethodHandle$Holder.newInvokeSpecial(java.lang.Object, java.lang.Object, long)'> (0x0000000707055df0) 
thrown [s\open\src\hotspot\share\interpreter\linkResolver.cpp, line 759]
Event: 2.292 Thread 0x000001796ac40690 Exception <a 'java/lang/ClassNotFoundException'{0x0000000706e80330}: java/lang/ObjectCustomizer> (0x0000000706e80330) 
thrown [s\open\src\hotspot\share\classfile\systemDictionary.cpp, line 256]
Event: 2.292 Thread 0x000001796ac40690 Exception <a 'java/lang/ClassNotFoundException'{0x0000000706e89520}: org/springframework/security/config/annotation/web/configuration/HttpSecurityConfigurationCustomizer> (0x0000000706e89520) 
thrown [s\open\src\hotspot\share\classfile\systemDictionary.cpp, line 256]
Event: 2.342 Thread 0x000001796ac40690 Exception <a 'java/lang/NoSuchMethodError'{0x0000000706ae0dc8}: 'void java.lang.invoke.DirectMethodHandle$Holder.invokeVirtual(java.lang.Object, java.lang.Object, int)'> (0x0000000706ae0dc8) 
thrown [s\open\src\hotspot\share\interpreter\linkResolver.cpp, line 759]
Event: 2.342 Thread 0x000001796ac40690 Exception <a 'java/lang/NoSuchMethodError'{0x0000000706afb920}: 'void java.lang.invoke.DirectMethodHandle$Holder.invokeVirtual(java.lang.Object, java.lang.Object, long)'> (0x0000000706afb920) 
thrown [s\open\src\hotspot\share\interpreter\linkResolver.cpp, line 759]
Event: 2.398 Thread 0x000001796ac40690 Exception <a 'java/lang/IncompatibleClassChangeError'{0x00000007080388e0}: Found class java.lang.Object, but interface was expected> (0x00000007080388e0) 
thrown [s\open\src\hotspot\share\interpreter\linkResolver.cpp, line 826]
Event: 2.413 Thread 0x000001796ac40690 Exception <a 'java/lang/NoSuchMethodError'{0x0000000708194d10}: 'int java.lang.invoke.DirectMethodHandle$Holder.invokeStaticInit(java.lang.Object, java.lang.Object, java.lang.Object, java.lang.Object)'> (0x0000000708194d10) 
thrown [s\open\src\hotspot\share\interpreter\linkResolver.cpp, line 759]
Event: 2.440 Thread 0x000001796ac40690 Exception <a 'java/lang/NoSuchMethodError'{0x0000000707c074d0}: 'java.lang.Object java.lang.invoke.DirectMethodHandle$Holder.invokeSpecial(java.lang.Object, java.lang.Object, int, java.lang.Object, int, java.lang.Object)'> (0x0000000707c074d0) 
thrown [s\open\src\hotspot\share\interpreter\linkResolver.cpp, line 759]
Event: 2.441 Thread 0x000001796ac40690 Exception <a 'java/lang/NoSuchMethodError'{0x0000000707c0f2d0}: 'java.lang.Object java.lang.invoke.DirectMethodHandle$Holder.newInvokeSpecial(java.lang.Object, java.lang.Object, int, java.lang.Object, int)'> (0x0000000707c0f2d0) 
thrown [s\open\src\hotspot\share\interpreter\linkResolver.cpp, line 759]
Event: 2.441 Thread 0x000001796ac40690 Exception <a 'java/lang/NoSuchMethodError'{0x0000000707c133d0}: 'java.lang.Object java.lang.invoke.DirectMethodHandle$Holder.invokeSpecial(java.lang.Object, java.lang.Object, java.lang.Object, int, java.lang.Object, int)'> (0x0000000707c133d0) 
thrown [s\open\src\hotspot\share\interpreter\linkResolver.cpp, line 759]
Event: 11.857 Thread 0x00000179049a13b0 Exception <a 'java/lang/NoSuchMethodError'{0x0000000708127428}: 'java.lang.Object java.lang.invoke.DirectMethodHandle$Holder.invokeStatic(java.lang.Object, int, java.lang.Object)'> (0x0000000708127428) 
thrown [s\open\src\hotspot\share\interpreter\linkResolver.cpp, line 759]
Event: 11.868 Thread 0x00000179049a13b0 Exception <a 'sun/nio/fs/WindowsException'{0x0000000708188398}> (0x0000000708188398) 
thrown [s\open\src\hotspot\share\prims\jni.cpp, line 516]

VM Operations (20 events):
Event: 3.406 Executing VM operation: Cleanup
Event: 3.406 Executing VM operation: Cleanup done
Event: 8.950 Executing VM operation: HandshakeAllThreads
Event: 8.950 Executing VM operation: HandshakeAllThreads done
Event: 8.950 Executing VM operation: Cleanup
Event: 8.950 Executing VM operation: Cleanup done
Event: 8.982 Executing VM operation: HandshakeAllThreads
Event: 8.982 Executing VM operation: HandshakeAllThreads done
Event: 9.054 Executing VM operation: HandshakeAllThreads
Event: 9.054 Executing VM operation: HandshakeAllThreads done
Event: 9.287 Executing VM operation: HandshakeAllThreads
Event: 9.287 Executing VM operation: HandshakeAllThreads done
Event: 10.278 Executing VM operation: Cleanup
Event: 10.278 Executing VM operation: Cleanup done
Event: 11.658 Executing VM operation: G1CollectForAllocation
Event: 11.664 Executing VM operation: G1CollectForAllocation done
Event: 11.869 Executing VM operation: HandshakeAllThreads
Event: 11.870 Executing VM operation: HandshakeAllThreads done
Event: 11.874 Executing VM operation: HandshakeAllThreads
Event: 11.874 Executing VM operation: HandshakeAllThreads done

Events (20 events):
Event: 11.875 loading class javax/crypto/ProviderVerifier$1
Event: 11.875 loading class javax/crypto/ProviderVerifier$1 done
Event: 11.875 loading class javax/crypto/spec/SecretKeySpec
Event: 11.875 loading class javax/crypto/SecretKey
Event: 11.875 loading class javax/crypto/SecretKey done
Event: 11.875 loading class javax/crypto/spec/SecretKeySpec done
Event: 11.875 loading class javax/crypto/spec/SecretKeySpec$1
Event: 11.875 loading class jdk/internal/access/JavaxCryptoSpecAccess
Event: 11.875 loading class jdk/internal/access/JavaxCryptoSpecAccess done
Event: 11.875 loading class javax/crypto/spec/SecretKeySpec$1 done
Event: 11.876 loading class com/sun/crypto/provider/HmacCore$HmacSHA256
Event: 11.876 loading class com/sun/crypto/provider/HmacCore
Event: 11.876 loading class javax/crypto/MacSpi
Event: 11.876 loading class javax/crypto/MacSpi done
Event: 11.876 loading class com/sun/crypto/provider/HmacCore done
Event: 11.876 loading class com/sun/crypto/provider/HmacCore$HmacSHA256 done
Event: 11.897 loading class java/util/Base64$Decoder
Event: 11.897 loading class java/util/Base64$Decoder done
Event: 11.911 loading class java/util/concurrent/locks/ReentrantReadWriteLock$Sync$HoldCounter
Event: 11.911 loading class java/util/concurrent/locks/ReentrantReadWriteLock$Sync$HoldCounter done


Dynamic libraries:
0x00007ff60b350000 - 0x00007ff60b360000 	C:\Program Files\Java\jdk-17\bin\java.exe
0x00007ffa54f50000 - 0x00007ffa55164000 	C:\WINDOWS\SYSTEM32\ntdll.dll
0x00007ffa540b0000 - 0x00007ffa54172000 	C:\WINDOWS\System32\KERNEL32.DLL
0x00007ffa52880000 - 0x00007ffa52c1c000 	C:\WINDOWS\System32\KERNELBASE.dll
0x00000000656b0000 - 0x00000000659e1000 	C:\Program Files\Norton Security\NortonData\22.23.1.21\Definitions\IPSDefs\20230426.061\IPSEng64.dll
0x00007ffa539e0000 - 0x00007ffa53a8e000 	C:\WINDOWS\System32\ADVAPI32.dll
0x00007ffa53e50000 - 0x00007ffa53ef7000 	C:\WINDOWS\System32\msvcrt.dll
0x00007ffa54e60000 - 0x00007ffa54f04000 	C:\WINDOWS\System32\sechost.dll
0x00007ffa52d60000 - 0x00007ffa52e77000 	C:\WINDOWS\System32\RPCRT4.dll
0x00007ffa53aa0000 - 0x00007ffa53aa8000 	C:\WINDOWS\System32\PSAPI.DLL
0x00007ffa524d0000 - 0x00007ffa525e1000 	C:\WINDOWS\System32\ucrtbase.dll
0x00007ffa2e160000 - 0x00007ffa2e17b000 	C:\Program Files\Java\jdk-17\bin\VCRUNTIME140.dll
0x00007ffa306c0000 - 0x00007ffa306d8000 	C:\Program Files\Java\jdk-17\bin\jli.dll
0x00007ffa537d0000 - 0x00007ffa5397b000 	C:\WINDOWS\System32\USER32.dll
0x00007ffa52400000 - 0x00007ffa52426000 	C:\WINDOWS\System32\win32u.dll
0x00007ffa53f00000 - 0x00007ffa53f29000 	C:\WINDOWS\System32\GDI32.dll
0x00007ffa525f0000 - 0x00007ffa52703000 	C:\WINDOWS\System32\gdi32full.dll
0x00007ffa52430000 - 0x00007ffa524ca000 	C:\WINDOWS\System32\msvcp_win.dll
0x00007ffa33bd0000 - 0x00007ffa33e5e000 	C:\WINDOWS\WinSxS\amd64_microsoft.windows.common-controls_6595b64144ccf1df_6.0.22621.608_none_a9444ca7c10bb01d\COMCTL32.dll
0x00007ffa3afb0000 - 0x00007ffa3afba000 	C:\WINDOWS\SYSTEM32\VERSION.dll
0x00007ffa54180000 - 0x00007ffa541b1000 	C:\WINDOWS\System32\IMM32.DLL
0x00007ffa3b0d0000 - 0x00007ffa3b0dc000 	C:\Program Files\Java\jdk-17\bin\vcruntime140_1.dll
0x00007ffa18150000 - 0x00007ffa181de000 	C:\Program Files\Java\jdk-17\bin\msvcp140.dll
0x00007ff9f01f0000 - 0x00007ff9f0dc7000 	C:\Program Files\Java\jdk-17\bin\server\jvm.dll
0x00007ffa49da0000 - 0x00007ffa49dd4000 	C:\WINDOWS\SYSTEM32\WINMM.dll
0x00007ffa4f100000 - 0x00007ffa4f109000 	C:\WINDOWS\SYSTEM32\WSOCK32.dll
0x00007ffa54030000 - 0x00007ffa540a1000 	C:\WINDOWS\System32\WS2_32.dll
0x00007ffa51350000 - 0x00007ffa51368000 	C:\WINDOWS\SYSTEM32\kernel.appcore.dll
0x00007ffa2ec10000 - 0x00007ffa2ec1a000 	C:\Program Files\Java\jdk-17\bin\jimage.dll
0x00007ffa4fc50000 - 0x00007ffa4fe7e000 	C:\WINDOWS\SYSTEM32\DBGHELP.DLL
0x00007ffa53ab0000 - 0x00007ffa53e39000 	C:\WINDOWS\System32\combase.dll
0x00007ffa536f0000 - 0x00007ffa537c7000 	C:\WINDOWS\System32\OLEAUT32.dll
0x00007ffa37cf0000 - 0x00007ffa37d22000 	C:\WINDOWS\SYSTEM32\dbgcore.DLL
0x00007ffa52c20000 - 0x00007ffa52c9b000 	C:\WINDOWS\System32\bcryptPrimitives.dll
0x00007ffa4f090000 - 0x00007ffa4f09e000 	C:\Program Files\Java\jdk-17\bin\instrument.dll
0x00007ffa2c980000 - 0x00007ffa2c9a5000 	C:\Program Files\Java\jdk-17\bin\java.dll
0x00007ffa17fc0000 - 0x00007ffa18097000 	C:\Program Files\Java\jdk-17\bin\jsvml.dll
0x00007ffa54510000 - 0x00007ffa54d00000 	C:\WINDOWS\System32\SHELL32.dll
0x00007ffa50350000 - 0x00007ffa50c1d000 	C:\WINDOWS\SYSTEM32\windows.storage.dll
0x00007ffa50210000 - 0x00007ffa5034e000 	C:\WINDOWS\SYSTEM32\wintypes.dll
0x00007ffa54240000 - 0x00007ffa54331000 	C:\WINDOWS\System32\SHCORE.dll
0x00007ffa53980000 - 0x00007ffa539de000 	C:\WINDOWS\System32\shlwapi.dll
0x00007ffa522c0000 - 0x00007ffa522e1000 	C:\WINDOWS\SYSTEM32\profapi.dll
0x00007ffa27c00000 - 0x00007ffa27c18000 	C:\Program Files\Java\jdk-17\bin\zip.dll
0x00007ffa2d070000 - 0x00007ffa2d089000 	C:\Program Files\Java\jdk-17\bin\net.dll
0x00007ffa4ca30000 - 0x00007ffa4cb67000 	C:\WINDOWS\SYSTEM32\WINHTTP.dll
0x00007ffa51820000 - 0x00007ffa51889000 	C:\WINDOWS\system32\mswsock.dll
0x00007ffa29380000 - 0x00007ffa29396000 	C:\Program Files\Java\jdk-17\bin\nio.dll
0x00007ffa4d100000 - 0x00007ffa4d11a000 	C:\Program Files\JetBrains\IntelliJ IDEA 2023.1\bin\breakgen64.dll
0x00007ffa50ee0000 - 0x00007ffa50fd3000 	C:\WINDOWS\SYSTEM32\DNSAPI.dll
0x00007ffa50e70000 - 0x00007ffa50e9d000 	C:\WINDOWS\SYSTEM32\IPHLPAPI.DLL
0x00007ffa53e40000 - 0x00007ffa53e49000 	C:\WINDOWS\System32\NSI.dll
0x00007ffa49450000 - 0x00007ffa4945a000 	C:\Windows\System32\rasadhlp.dll
0x00007ffa47370000 - 0x00007ffa473f3000 	C:\WINDOWS\System32\fwpuclnt.dll
0x00007ffa4f080000 - 0x00007ffa4f08a000 	C:\Program Files\Java\jdk-17\bin\management.dll
0x00007ffa4f060000 - 0x00007ffa4f06b000 	C:\Program Files\Java\jdk-17\bin\management_ext.dll
0x00007ffa51a90000 - 0x00007ffa51aab000 	C:\WINDOWS\SYSTEM32\CRYPTSP.dll
0x00007ffa51310000 - 0x00007ffa51345000 	C:\WINDOWS\system32\rsaenh.dll
0x00007ffa518f0000 - 0x00007ffa51918000 	C:\WINDOWS\SYSTEM32\USERENV.dll
0x00007ffa51c50000 - 0x00007ffa51c78000 	C:\WINDOWS\SYSTEM32\bcrypt.dll
0x00007ffa51ab0000 - 0x00007ffa51abc000 	C:\WINDOWS\SYSTEM32\CRYPTBASE.dll
0x00007ffa4aed0000 - 0x00007ffa4aee9000 	C:\WINDOWS\SYSTEM32\dhcpcsvc6.DLL
0x00007ffa4a0d0000 - 0x00007ffa4a0ef000 	C:\WINDOWS\SYSTEM32\dhcpcsvc.DLL
0x00007ff9ec300000 - 0x00007ff9ec317000 	C:\WINDOWS\system32\napinsp.dll
0x00007ff9ec2e0000 - 0x00007ff9ec2fb000 	C:\WINDOWS\system32\pnrpnsp.dll
0x00007ff9ec2c0000 - 0x00007ff9ec2d1000 	C:\WINDOWS\System32\winrnr.dll
0x00007ffa25e70000 - 0x00007ffa25e85000 	C:\WINDOWS\system32\wshbth.dll
0x00007ff9f3730000 - 0x00007ff9f3751000 	C:\WINDOWS\system32\nlansp_c.dll
0x00007ffa25d30000 - 0x00007ffa25d40000 	C:\Program Files\Java\jdk-17\bin\verify.dll
0x00007ffa4d520000 - 0x00007ffa4d52d000 	C:\Program Files\Java\jdk-17\bin\sunmscapi.dll
0x00007ffa52710000 - 0x00007ffa52876000 	C:\WINDOWS\System32\CRYPT32.dll
0x00007ffa51c20000 - 0x00007ffa51c4e000 	C:\WINDOWS\SYSTEM32\ncrypt.dll
0x00007ffa51be0000 - 0x00007ffa51c17000 	C:\WINDOWS\SYSTEM32\NTASN1.dll
0x0000000070bc0000 - 0x0000000070c9c000 	C:\Users\longs\AppData\Local\Temp\sqlite-3.36.0.3-208f217a-e293-4d12-b3a3-2edeb7ae7fb4-sqlitejdbc.dll
0x00007ffa2b410000 - 0x00007ffa2b418000 	C:\WINDOWS\system32\wshunix.dll

dbghelp: loaded successfully - version: 4.0.5 - missing functions: none
symbol engine: initialized successfully - sym options: 0x614 - pdb path: .;C:\Program Files\Java\jdk-17\bin;C:\WINDOWS\SYSTEM32;C:\Program Files\Norton Security\NortonData\22.23.1.21\Definitions\IPSDefs\20230426.061;C:\WINDOWS\WinSxS\amd64_microsoft.windows.common-controls_6595b64144ccf1df_6.0.22621.608_none_a9444ca7c10bb01d;C:\Program Files\Java\jdk-17\bin\server;C:\Program Files\JetBrains\IntelliJ IDEA 2023.1\bin;C:\Users\longs\AppData\Local\Temp

VM Arguments:
jvm_args: -XX:TieredStopAtLevel=1 -Dspring.output.ansi.enabled=always -Dcom.sun.management.jmxremote -Dspring.jmx.enabled=true -Dspring.liveBeansView.mbeanDomain -Dspring.application.admin.enabled=true -Dmanagement.endpoints.jmx.exposure.include=* -javaagent:C:\Program Files\JetBrains\IntelliJ IDEA 2023.1\lib\idea_rt.jar=1067:C:\Program Files\JetBrains\IntelliJ IDEA 2023.1\bin -Dfile.encoding=UTF-8 
java_command: com.company.enroller.App
java_class_path (initial): C:\Users\longs\Desktop\IT_15032023\AGH najwaniejsze\z zajec sem2 part2\webowka front part2\target\classes;C:\Users\longs\.m2\repository\org\springframework\boot\spring-boot-starter-web\2.6.6\spring-boot-starter-web-2.6.6.jar;C:\Users\longs\.m2\repository\org\springframework\boot\spring-boot-starter\2.6.6\spring-boot-starter-2.6.6.jar;C:\Users\longs\.m2\repository\org\springframework\boot\spring-boot\2.6.6\spring-boot-2.6.6.jar;C:\Users\longs\.m2\repository\org\springframework\boot\spring-boot-autoconfigure\2.6.6\spring-boot-autoconfigure-2.6.6.jar;C:\Users\longs\.m2\repository\org\springframework\boot\spring-boot-starter-logging\2.6.6\spring-boot-starter-logging-2.6.6.jar;C:\Users\longs\.m2\repository\ch\qos\logback\logback-classic\1.2.11\logback-classic-1.2.11.jar;C:\Users\longs\.m2\repository\ch\qos\logback\logback-core\1.2.11\logback-core-1.2.11.jar;C:\Users\longs\.m2\repository\org\apache\logging\log4j\log4j-to-slf4j\2.17.2\log4j-to-slf4j-2.17.2.jar;C:\Users\longs\.m2\repository\org\apache\logging\log4j\log4j-api\2.17.2\log4j-api-2.17.2.jar;C:\Users\longs\.m2\repository\org\slf4j\jul-to-slf4j\1.7.36\jul-to-slf4j-1.7.36.jar;C:\Users\longs\.m2\repository\jakarta\annotation\jakarta.annotation-api\1.3.5\jakarta.annotation-api-1.3.5.jar;C:\Users\longs\.m2\repository\org\yaml\snakeyaml\1.29\snakeyaml-1.29.jar;C:\Users\longs\.m2\repository\org\springframework\boot\spring-boot-starter-json\2.6.6\spring-boot-starter-json-2.6.6.jar;C:\Users\longs\.m2\repository\com\fasterxml\jackson\datatype\jackson-datatype-jdk8\2.13.2\jackson-datatype-jdk8-2.13.2.jar;C:\Users\longs\.m2\repository\com\fasterxml\jackson\datatype\jackson-datatype-jsr310\2.13.2\jackson-datatype-jsr310-2.13.2.jar;C:\Users\longs\.m2\repository\com\fasterxml\jackson\module\jackson-module-parameter-names\2.13.2\jackson-module-parameter-names-2.13.2.jar;C:\Users\longs\.m2\repository\org\springframework\boot\spring-boot-starter-tomcat\2.6.6\spring-boot-starter-tomcat-2.6.6.jar;C:\Use
Launcher Type: SUN_STANDARD

[Global flags]
     intx CICompilerCount                          = 4                                         {product} {ergonomic}
     uint ConcGCThreads                            = 3                                         {product} {ergonomic}
     uint G1ConcRefinementThreads                  = 10                                        {product} {ergonomic}
   size_t G1HeapRegionSize                         = 2097152                                   {product} {ergonomic}
    uintx GCDrainStackTargetSize                   = 64                                        {product} {ergonomic}
   size_t InitialHeapSize                          = 264241152                                 {product} {ergonomic}
     bool ManagementServer                         = true                                      {product} {command line}
   size_t MarkStackSize                            = 4194304                                   {product} {ergonomic}
   size_t MaxHeapSize                              = 4219469824                                {product} {ergonomic}
   size_t MaxNewSize                               = 2531262464                                {product} {ergonomic}
   size_t MinHeapDeltaBytes                        = 2097152                                   {product} {ergonomic}
   size_t MinHeapSize                              = 8388608                                   {product} {ergonomic}
    uintx NonProfiledCodeHeapSize                  = 0                                      {pd product} {ergonomic}
     bool ProfileInterpreter                       = false                                  {pd product} {command line}
    uintx ProfiledCodeHeapSize                     = 0                                      {pd product} {ergonomic}
   size_t SoftMaxHeapSize                          = 4219469824                             {manageable} {ergonomic}
     intx TieredStopAtLevel                        = 1                                         {product} {command line}
     bool UseCompressedClassPointers               = true                           {product lp64_product} {ergonomic}
     bool UseCompressedOops                        = true                           {product lp64_product} {ergonomic}
     bool UseG1GC                                  = true                                      {product} {ergonomic}
     bool UseLargePagesIndividualAllocation        = false                                  {pd product} {ergonomic}

Logging:
Log output configuration:
 #0: stdout all=warning uptime,level,tags
 #1: stderr all=off uptime,level,tags

Environment Variables:
PATH=C:\Python311\Scripts\;C:\Python311\;C:\Program Files\Common Files\Oracle\Java\javapath;C:\WINDOWS\system32;C:\WINDOWS;C:\WINDOWS\System32\Wbem;C:\WINDOWS\System32\WindowsPowerShell\v1.0\;C:\WINDOWS\System32\OpenSSH\;C:\Program Files\dotnet\;C:\ProgramData\chocolatey\bin;C:\Program Files\Git\cmd;C:\msys64\mingw64\bin;C:\Program Files\PuTTY\;C:\Program Files (x86)\nodejs\;C:\Users\longs\AppData\Local\Microsoft\WindowsApps;C:\Program Files\JetBrains\IntelliJ IDEA 2023.1\bin;;C:\Program Files\JetBrains\IntelliJ IDEA Community Edition 2022.3.2\bin;;C:\Users\longs\.dotnet\tools;C:\Users\longs\AppData\Local\Programs\Microsoft VS Code\bin;C:\Users\longs\Desktop\Maven\apache-maven-3.9.0-bin\apache-maven-3.9.0;C:\Users\longs\Desktop\Maven\apache-maven-3.9.0-bin\apache-maven-3.9.0\bin;C:\Program Files (x86)\Nmap;C:\Program Files\JetBrains\WebStorm 2023.1\bin;;C:\Users\longs\AppData\Roaming\npm
USERNAME=longs
OS=Windows_NT
PROCESSOR_IDENTIFIER=Intel64 Family 6 Model 154 Stepping 4, GenuineIntel



---------------  S Y S T E M  ---------------

OS:
 Windows 11 , 64 bit Build 22621 (10.0.22621.1485)
OS uptime: 2 days 2:29 hours
Hyper-V role detected

CPU: total 12 (initial active 12) (6 cores per cpu, 2 threads per core) family 6 model 154 stepping 4 microcode 0x416, cx8, cmov, fxsr, ht, mmx, 3dnowpref, sse, sse2, sse3, ssse3, sse4.1, sse4.2, popcnt, lzcnt, tsc, tscinvbit, avx, avx2, aes, erms, clmul, bmi1, bmi2, adx, sha, fma, vzeroupper, clflush, clflushopt, clwb, hv

Memory: 4k page, system-wide physical 16088M (5390M free)
TotalPageFile size 17112M (AvailPageFile size 4321M)
current process WorkingSet (physical memory assigned to process): 185M, peak: 185M
current process commit charge ("private bytes"): 228M, peak: 382M

vm_info: Java HotSpot(TM) 64-Bit Server VM (17.0.6+9-LTS-190) for windows-amd64 JRE (17.0.6+9-LTS-190), built on Dec  6 2022 15:53:54 by "mach5one" with MS VC++ 17.1 (VS2022)

END.
