#
# A fatal error has been detected by the Java Runtime Environment:
#
#  EXCEPTION_ACCESS_VIOLATION (0xc0000005) at pc=0x00007ffa54f7168d, pid=13096, tid=2440
#
# JRE version: Java(TM) SE Runtime Environment (17.0.6+9) (build 17.0.6+9-LTS-190)
# Java VM: Java HotSpot(TM) 64-Bit Server VM (17.0.6+9-LTS-190, mixed mode, emulated-client, sharing, tiered, compressed oops, compressed class ptrs, g1 gc, windows-amd64)
# Problematic frame:
# C  [ntdll.dll+0x2168d]
#
# No core dump will be written. Minidumps are not enabled by default on client versions of Windows
#
# If you would like to submit a bug report, please visit:
#   https://bugreport.java.com/bugreport/crash.jsp
# The crash happened outside the Java Virtual Machine in native code.
# See problematic frame for where to report the bug.
#

---------------  S U M M A R Y ------------

Command Line: -XX:TieredStopAtLevel=1 -Dspring.output.ansi.enabled=always -Dcom.sun.management.jmxremote -Dspring.jmx.enabled=true -Dspring.liveBeansView.mbeanDomain -Dspring.application.admin.enabled=true -Dmanagement.endpoints.jmx.exposure.include=* -javaagent:C:\Program Files\JetBrains\IntelliJ IDEA 2023.1\lib\idea_rt.jar=64859:C:\Program Files\JetBrains\IntelliJ IDEA 2023.1\bin -Dfile.encoding=UTF-8 com.company.enroller.App

Host: 12th Gen Intel(R) Core(TM) i5-1235U, 12 cores, 15G,  Windows 11 , 64 bit Build 22621 (10.0.22621.1485)
Time: Thu Apr 27 23:22:05 2023  Windows 11 , 64 bit Build 22621 (10.0.22621.1485) elapsed time: 162.189998 seconds (0d 0h 2m 42s)

---------------  T H R E A D  ---------------

Current thread (0x0000023374248750):  JavaThread "http-nio-8080-exec-3" daemon [_thread_in_native, id=2440, stack(0x000000e351700000,0x000000e351800000)]

Stack: [0x000000e351700000,0x000000e351800000],  sp=0x000000e3517fa950,  free space=1002k
Native frames: (J=compiled Java code, j=interpreted, Vv=VM code, C=native code)
C  [ntdll.dll+0x2168d]
C  [sqlite-3.36.0.3-bc171b3a-aacf-4002-84f4-ce25c181b9f1-sqlitejdbc.dll+0x57edc]

Java frames: (J=compiled Java code, j=interpreted, Vv=VM code)
j  org.sqlite.core.NativeDB.reset(J)I+0
j  org.sqlite.jdbc3.JDBC3PreparedStatement.executeQuery()Ljava/sql/ResultSet;+39
j  org.hibernate.engine.jdbc.internal.ResultSetReturnImpl.extract(Ljava/sql/PreparedStatement;)Ljava/sql/ResultSet;+23
j  org.hibernate.loader.plan.exec.internal.AbstractLoadPlanBasedLoader.getResultSet(Ljava/sql/PreparedStatement;Lorg/hibernate/engine/spi/RowSelection;Lorg/hibernate/dialect/pagination/LimitHandler;ZLorg/hibernate/engine/spi/SharedSessionContractImplementor;)Ljava/sql/ResultSet;+13
j  org.hibernate.loader.plan.exec.internal.AbstractLoadPlanBasedLoader.executeQueryStatement(Ljava/lang/String;Lorg/hibernate/engine/spi/QueryParameters;ZLorg/hibernate/engine/spi/SharedSessionContractImplementor;)Lorg/hibernate/loader/plan/exec/internal/AbstractLoadPlanBasedLoader$SqlStatementWrapper;+108
j  org.hibernate.loader.plan.exec.internal.AbstractLoadPlanBasedLoader.executeLoad(Lorg/hibernate/engine/spi/SharedSessionContractImplementor;Lorg/hibernate/engine/spi/QueryParameters;Lorg/hibernate/loader/plan/exec/spi/LoadQueryDetails;ZLorg/hibernate/transform/ResultTransformer;)Ljava/util/List;+73
j  org.hibernate.loader.entity.plan.AbstractLoadPlanBasedEntityLoader.load(Ljava/io/Serializable;Ljava/lang/Object;Lorg/hibernate/engine/spi/SharedSessionContractImplementor;Lorg/hibernate/LockOptions;Ljava/lang/Boolean;)Ljava/lang/Object;+101
j  org.hibernate.persister.entity.AbstractEntityPersister.doLoad(Ljava/io/Serializable;Ljava/lang/Object;Lorg/hibernate/LockOptions;Lorg/hibernate/engine/spi/SharedSessionContractImplementor;Ljava/lang/Boolean;)Ljava/lang/Object;+49
j  org.hibernate.persister.entity.AbstractEntityPersister.load(Ljava/io/Serializable;Ljava/lang/Object;Lorg/hibernate/LockOptions;Lorg/hibernate/engine/spi/SharedSessionContractImplementor;Ljava/lang/Boolean;)Ljava/lang/Object;+8
j  org.hibernate.event.internal.DefaultLoadEventListener.loadFromDatasource(Lorg/hibernate/event/spi/LoadEvent;Lorg/hibernate/persister/entity/EntityPersister;)Ljava/lang/Object;+21
j  org.hibernate.event.internal.DefaultLoadEventListener.doLoad(Lorg/hibernate/event/spi/LoadEvent;Lorg/hibernate/persister/entity/EntityPersister;Lorg/hibernate/engine/spi/EntityKey;Lorg/hibernate/event/spi/LoadEventListener$LoadType;)Ljava/lang/Object;+167
j  org.hibernate.event.internal.DefaultLoadEventListener.load(Lorg/hibernate/event/spi/LoadEvent;Lorg/hibernate/persister/entity/EntityPersister;Lorg/hibernate/engine/spi/EntityKey;Lorg/hibernate/event/spi/LoadEventListener$LoadType;)Ljava/lang/Object;+95
j  org.hibernate.event.internal.DefaultLoadEventListener.proxyOrLoad(Lorg/hibernate/event/spi/LoadEvent;Lorg/hibernate/persister/entity/EntityPersister;Lorg/hibernate/engine/spi/EntityKey;Lorg/hibernate/event/spi/LoadEventListener$LoadType;)Ljava/lang/Object;+386
j  org.hibernate.event.internal.DefaultLoadEventListener.doOnLoad(Lorg/hibernate/persister/entity/EntityPersister;Lorg/hibernate/event/spi/LoadEvent;Lorg/hibernate/event/spi/LoadEventListener$LoadType;)V+60
j  org.hibernate.event.internal.DefaultLoadEventListener.onLoad(Lorg/hibernate/event/spi/LoadEvent;Lorg/hibernate/event/spi/LoadEventListener$LoadType;)V+95
j  org.hibernate.internal.SessionImpl$$Lambda$850+0x0000000801377b90.applyEventToListener(Ljava/lang/Object;Ljava/lang/Object;Ljava/lang/Object;)V+12
j  org.hibernate.event.service.internal.EventListenerGroupImpl.fireEventOnEachListener(Ljava/lang/Object;Ljava/lang/Object;Lorg/hibernate/event/service/spi/EventActionWithParameter;)V+30
j  org.hibernate.internal.SessionImpl.fireLoadNoChecks(Lorg/hibernate/event/spi/LoadEvent;Lorg/hibernate/event/spi/LoadEventListener$LoadType;)V+18
j  org.hibernate.internal.SessionImpl.fireLoad(Lorg/hibernate/event/spi/LoadEvent;Lorg/hibernate/event/spi/LoadEventListener$LoadType;)V+7
j  org.hibernate.internal.SessionImpl.access$2100(Lorg/hibernate/internal/SessionImpl;Lorg/hibernate/event/spi/LoadEvent;Lorg/hibernate/event/spi/LoadEventListener$LoadType;)V+3
j  org.hibernate.internal.SessionImpl$IdentifierLoadAccessImpl.doLoad(Ljava/io/Serializable;)Ljava/lang/Object;+103
j  org.hibernate.internal.SessionImpl$IdentifierLoadAccessImpl.lambda$load$1(Ljava/io/Serializable;)Ljava/lang/Object;+2
j  org.hibernate.internal.SessionImpl$IdentifierLoadAccessImpl$$Lambda$849+0x0000000801376df8.get()Ljava/lang/Object;+8
j  org.hibernate.internal.SessionImpl$IdentifierLoadAccessImpl.perform(Ljava/util/function/Supplier;)Ljava/lang/Object;+84
j  org.hibernate.internal.SessionImpl$IdentifierLoadAccessImpl.load(Ljava/io/Serializable;)Ljava/lang/Object;+8
j  org.hibernate.internal.SessionImpl.get(Ljava/lang/Class;Ljava/io/Serializable;)Ljava/lang/Object;+6
j  com.company.enroller.persistence.MeetingService.findById(J)Lcom/company/enroller/model/Meeting;+10
j  com.company.enroller.controllers.MeetingRestController.getMeeting(J)Lorg/springframework/http/ResponseEntity;+5
j  jdk.internal.reflect.GeneratedMethodAccessor53.invoke(Ljava/lang/Object;[Ljava/lang/Object;)Ljava/lang/Object;+135
J 2269 c1 jdk.internal.reflect.DelegatingMethodAccessorImpl.invoke(Ljava/lang/Object;[Ljava/lang/Object;)Ljava/lang/Object; java.base@17.0.6 (10 bytes) @ 0x0000023362275be4 [0x0000023362275ba0+0x0000000000000044]
J 2282 c1 java.lang.reflect.Method.invoke(Ljava/lang/Object;[Ljava/lang/Object;)Ljava/lang/Object; java.base@17.0.6 (65 bytes) @ 0x000002336227af6c [0x000002336227ae60+0x000000000000010c]
j  org.springframework.web.method.support.InvocableHandlerMethod.doInvoke([Ljava/lang/Object;)Ljava/lang/Object;+28
j  org.springframework.web.method.support.InvocableHandlerMethod.invokeForRequest(Lorg/springframework/web/context/request/NativeWebRequest;Lorg/springframework/web/method/support/ModelAndViewContainer;[Ljava/lang/Object;)Ljava/lang/Object;+54
j  org.springframework.web.servlet.mvc.method.annotation.ServletInvocableHandlerMethod.invokeAndHandle(Lorg/springframework/web/context/request/ServletWebRequest;Lorg/springframework/web/method/support/ModelAndViewContainer;[Ljava/lang/Object;)V+4
j  org.springframework.web.servlet.mvc.method.annotation.RequestMappingHandlerAdapter.invokeHandlerMethod(Ljavax/servlet/http/HttpServletRequest;Ljavax/servlet/http/HttpServletResponse;Lorg/springframework/web/method/HandlerMethod;)Lorg/springframework/web/servlet/ModelAndView;+244
j  org.springframework.web.servlet.mvc.method.annotation.RequestMappingHandlerAdapter.handleInternal(Ljavax/servlet/http/HttpServletRequest;Ljavax/servlet/http/HttpServletResponse;Lorg/springframework/web/method/HandlerMethod;)Lorg/springframework/web/servlet/ModelAndView;+81
j  org.springframework.web.servlet.mvc.method.AbstractHandlerMethodAdapter.handle(Ljavax/servlet/http/HttpServletRequest;Ljavax/servlet/http/HttpServletResponse;Ljava/lang/Object;)Lorg/springframework/web/servlet/ModelAndView;+7
j  org.springframework.web.servlet.DispatcherServlet.doDispatch(Ljavax/servlet/http/HttpServletRequest;Ljavax/servlet/http/HttpServletResponse;)V+259
j  org.springframework.web.servlet.DispatcherServlet.doService(Ljavax/servlet/http/HttpServletRequest;Ljavax/servlet/http/HttpServletResponse;)V+241
j  org.springframework.web.servlet.FrameworkServlet.processRequest(Ljavax/servlet/http/HttpServletRequest;Ljavax/servlet/http/HttpServletResponse;)V+71
j  org.springframework.web.servlet.FrameworkServlet.doGet(Ljavax/servlet/http/HttpServletRequest;Ljavax/servlet/http/HttpServletResponse;)V+3
j  javax.servlet.http.HttpServlet.service(Ljavax/servlet/http/HttpServletRequest;Ljavax/servlet/http/HttpServletResponse;)V+35
j  org.springframework.web.servlet.FrameworkServlet.service(Ljavax/servlet/http/HttpServletRequest;Ljavax/servlet/http/HttpServletResponse;)V+33
j  javax.servlet.http.HttpServlet.service(Ljavax/servlet/ServletRequest;Ljavax/servlet/ServletResponse;)V+36
j  org.apache.catalina.core.ApplicationFilterChain.internalDoFilter(Ljavax/servlet/ServletRequest;Ljavax/servlet/ServletResponse;)V+304
j  org.apache.catalina.core.ApplicationFilterChain.doFilter(Ljavax/servlet/ServletRequest;Ljavax/servlet/ServletResponse;)V+99
j  org.apache.tomcat.websocket.server.WsFilter.doFilter(Ljavax/servlet/ServletRequest;Ljavax/servlet/ServletResponse;Ljavax/servlet/FilterChain;)V+21
j  org.apache.catalina.core.ApplicationFilterChain.internalDoFilter(Ljavax/servlet/ServletRequest;Ljavax/servlet/ServletResponse;)V+135
j  org.apache.catalina.core.ApplicationFilterChain.doFilter(Ljavax/servlet/ServletRequest;Ljavax/servlet/ServletResponse;)V+99
J 4597 c1 org.springframework.security.web.FilterChainProxy$VirtualFilterChain.doFilter(Ljavax/servlet/ServletRequest;Ljavax/servlet/ServletResponse;)V (142 bytes) @ 0x0000023361e99c1c [0x0000023361e996a0+0x000000000000057c]
j  org.springframework.security.web.access.intercept.FilterSecurityInterceptor.invoke(Lorg/springframework/security/web/FilterInvocation;)V+79
j  org.springframework.security.web.access.intercept.FilterSecurityInterceptor.doFilter(Ljavax/servlet/ServletRequest;Ljavax/servlet/ServletResponse;Ljavax/servlet/FilterChain;)V+11
J 4597 c1 org.springframework.security.web.FilterChainProxy$VirtualFilterChain.doFilter(Ljavax/servlet/ServletRequest;Ljavax/servlet/ServletResponse;)V (142 bytes) @ 0x0000023361e99b84 [0x0000023361e996a0+0x00000000000004e4]
j  org.springframework.security.web.access.ExceptionTranslationFilter.doFilter(Ljavax/servlet/http/HttpServletRequest;Ljavax/servlet/http/HttpServletResponse;Ljavax/servlet/FilterChain;)V+3
j  org.springframework.security.web.access.ExceptionTranslationFilter.doFilter(Ljavax/servlet/ServletRequest;Ljavax/servlet/ServletResponse;Ljavax/servlet/FilterChain;)V+10
J 4597 c1 org.springframework.security.web.FilterChainProxy$VirtualFilterChain.doFilter(Ljavax/servlet/ServletRequest;Ljavax/servlet/ServletResponse;)V (142 bytes) @ 0x0000023361e99b84 [0x0000023361e996a0+0x00000000000004e4]
j  org.springframework.security.web.session.SessionManagementFilter.doFilter(Ljavax/servlet/http/HttpServletRequest;Ljavax/servlet/http/HttpServletResponse;Ljavax/servlet/FilterChain;)V+210
j  org.springframework.security.web.session.SessionManagementFilter.doFilter(Ljavax/servlet/ServletRequest;Ljavax/servlet/ServletResponse;Ljavax/servlet/FilterChain;)V+10
J 4597 c1 org.springframework.security.web.FilterChainProxy$VirtualFilterChain.doFilter(Ljavax/servlet/ServletRequest;Ljavax/servlet/ServletResponse;)V (142 bytes) @ 0x0000023361e99b84 [0x0000023361e996a0+0x00000000000004e4]
j  org.springframework.security.web.authentication.AnonymousAuthenticationFilter.doFilter(Ljavax/servlet/ServletRequest;Ljavax/servlet/ServletResponse;Ljavax/servlet/FilterChain;)V+118
J 4597 c1 org.springframework.security.web.FilterChainProxy$VirtualFilterChain.doFilter(Ljavax/servlet/ServletRequest;Ljavax/servlet/ServletResponse;)V (142 bytes) @ 0x0000023361e99b84 [0x0000023361e996a0+0x00000000000004e4]
j  org.springframework.security.web.servletapi.SecurityContextHolderAwareRequestFilter.doFilter(Ljavax/servlet/ServletRequest;Ljavax/servlet/ServletResponse;Ljavax/servlet/FilterChain;)V+19
J 4597 c1 org.springframework.security.web.FilterChainProxy$VirtualFilterChain.doFilter(Ljavax/servlet/ServletRequest;Ljavax/servlet/ServletResponse;)V (142 bytes) @ 0x0000023361e99b84 [0x0000023361e996a0+0x00000000000004e4]
j  org.springframework.security.web.savedrequest.RequestCacheAwareFilter.doFilter(Ljavax/servlet/ServletRequest;Ljavax/servlet/ServletResponse;Ljavax/servlet/FilterChain;)V+32
J 4597 c1 org.springframework.security.web.FilterChainProxy$VirtualFilterChain.doFilter(Ljavax/servlet/ServletRequest;Ljavax/servlet/ServletResponse;)V (142 bytes) @ 0x0000023361e99b84 [0x0000023361e996a0+0x00000000000004e4]
j  com.company.enroller.security.JWTAuthorizationFilter.doFilterInternal(Ljavax/servlet/http/HttpServletRequest;Ljavax/servlet/http/HttpServletResponse;Ljavax/servlet/FilterChain;)V+58
j  org.springframework.web.filter.OncePerRequestFilter.doFilter(Ljavax/servlet/ServletRequest;Ljavax/servlet/ServletResponse;Ljavax/servlet/FilterChain;)V+147
J 4597 c1 org.springframework.security.web.FilterChainProxy$VirtualFilterChain.doFilter(Ljavax/servlet/ServletRequest;Ljavax/servlet/ServletResponse;)V (142 bytes) @ 0x0000023361e99b84 [0x0000023361e996a0+0x00000000000004e4]
j  org.springframework.security.web.authentication.AbstractAuthenticationProcessingFilter.doFilter(Ljavax/servlet/http/HttpServletRequest;Ljavax/servlet/http/HttpServletResponse;Ljavax/servlet/FilterChain;)V+12
j  org.springframework.security.web.authentication.AbstractAuthenticationProcessingFilter.doFilter(Ljavax/servlet/ServletRequest;Ljavax/servlet/ServletResponse;Ljavax/servlet/FilterChain;)V+10
J 4597 c1 org.springframework.security.web.FilterChainProxy$VirtualFilterChain.doFilter(Ljavax/servlet/ServletRequest;Ljavax/servlet/ServletResponse;)V (142 bytes) @ 0x0000023361e99b84 [0x0000023361e996a0+0x00000000000004e4]
j  org.springframework.security.web.authentication.logout.LogoutFilter.doFilter(Ljavax/servlet/http/HttpServletRequest;Ljavax/servlet/http/HttpServletResponse;Ljavax/servlet/FilterChain;)V+77
j  org.springframework.security.web.authentication.logout.LogoutFilter.doFilter(Ljavax/servlet/ServletRequest;Ljavax/servlet/ServletResponse;Ljavax/servlet/FilterChain;)V+10
J 4597 c1 org.springframework.security.web.FilterChainProxy$VirtualFilterChain.doFilter(Ljavax/servlet/ServletRequest;Ljavax/servlet/ServletResponse;)V (142 bytes) @ 0x0000023361e99b84 [0x0000023361e996a0+0x00000000000004e4]
j  org.springframework.security.web.header.HeaderWriterFilter.doHeadersAfter(Ljavax/servlet/http/HttpServletRequest;Ljavax/servlet/http/HttpServletResponse;Ljavax/servlet/FilterChain;)V+29
j  org.springframework.security.web.header.HeaderWriterFilter.doFilterInternal(Ljavax/servlet/http/HttpServletRequest;Ljavax/servlet/http/HttpServletResponse;Ljavax/servlet/FilterChain;)V+21
j  org.springframework.web.filter.OncePerRequestFilter.doFilter(Ljavax/servlet/ServletRequest;Ljavax/servlet/ServletResponse;Ljavax/servlet/FilterChain;)V+147
J 4597 c1 org.springframework.security.web.FilterChainProxy$VirtualFilterChain.doFilter(Ljavax/servlet/ServletRequest;Ljavax/servlet/ServletResponse;)V (142 bytes) @ 0x0000023361e99b84 [0x0000023361e996a0+0x00000000000004e4]
j  org.springframework.security.web.context.SecurityContextPersistenceFilter.doFilter(Ljavax/servlet/http/HttpServletRequest;Ljavax/servlet/http/HttpServletResponse;Ljavax/servlet/FilterChain;)V+181
j  org.springframework.security.web.context.SecurityContextPersistenceFilter.doFilter(Ljavax/servlet/ServletRequest;Ljavax/servlet/ServletResponse;Ljavax/servlet/FilterChain;)V+10
J 4597 c1 org.springframework.security.web.FilterChainProxy$VirtualFilterChain.doFilter(Ljavax/servlet/ServletRequest;Ljavax/servlet/ServletResponse;)V (142 bytes) @ 0x0000023361e99b84 [0x0000023361e996a0+0x00000000000004e4]
j  org.springframework.security.web.context.request.async.WebAsyncManagerIntegrationFilter.doFilterInternal(Ljavax/servlet/http/HttpServletRequest;Ljavax/servlet/http/HttpServletResponse;Ljavax/servlet/FilterChain;)V+42
j  org.springframework.web.filter.OncePerRequestFilter.doFilter(Ljavax/servlet/ServletRequest;Ljavax/servlet/ServletResponse;Ljavax/servlet/FilterChain;)V+147
J 4597 c1 org.springframework.security.web.FilterChainProxy$VirtualFilterChain.doFilter(Ljavax/servlet/ServletRequest;Ljavax/servlet/ServletResponse;)V (142 bytes) @ 0x0000023361e99b84 [0x0000023361e996a0+0x00000000000004e4]
j  org.springframework.security.web.FilterChainProxy.doFilterInternal(Ljavax/servlet/ServletRequest;Ljavax/servlet/ServletResponse;Ljavax/servlet/FilterChain;)V+148
j  org.springframework.security.web.FilterChainProxy.doFilter(Ljavax/servlet/ServletRequest;Ljavax/servlet/ServletResponse;Ljavax/servlet/FilterChain;)V+48
j  org.springframework.web.filter.DelegatingFilterProxy.invokeDelegate(Ljavax/servlet/Filter;Ljavax/servlet/ServletRequest;Ljavax/servlet/ServletResponse;Ljavax/servlet/FilterChain;)V+5
j  org.springframework.web.filter.DelegatingFilterProxy.doFilter(Ljavax/servlet/ServletRequest;Ljavax/servlet/ServletResponse;Ljavax/servlet/FilterChain;)V+85
j  org.apache.catalina.core.ApplicationFilterChain.internalDoFilter(Ljavax/servlet/ServletRequest;Ljavax/servlet/ServletResponse;)V+135
j  org.apache.catalina.core.ApplicationFilterChain.doFilter(Ljavax/servlet/ServletRequest;Ljavax/servlet/ServletResponse;)V+99
j  org.springframework.web.filter.RequestContextFilter.doFilterInternal(Ljavax/servlet/http/HttpServletRequest;Ljavax/servlet/http/HttpServletResponse;Ljavax/servlet/FilterChain;)V+21
j  org.springframework.web.filter.OncePerRequestFilter.doFilter(Ljavax/servlet/ServletRequest;Ljavax/servlet/ServletResponse;Ljavax/servlet/FilterChain;)V+147
j  org.apache.catalina.core.ApplicationFilterChain.internalDoFilter(Ljavax/servlet/ServletRequest;Ljavax/servlet/ServletResponse;)V+135
j  org.apache.catalina.core.ApplicationFilterChain.doFilter(Ljavax/servlet/ServletRequest;Ljavax/servlet/ServletResponse;)V+99
j  org.springframework.web.filter.FormContentFilter.doFilterInternal(Ljavax/servlet/http/HttpServletRequest;Ljavax/servlet/http/HttpServletResponse;Ljavax/servlet/FilterChain;)V+38
j  org.springframework.web.filter.OncePerRequestFilter.doFilter(Ljavax/servlet/ServletRequest;Ljavax/servlet/ServletResponse;Ljavax/servlet/FilterChain;)V+147
j  org.apache.catalina.core.ApplicationFilterChain.internalDoFilter(Ljavax/servlet/ServletRequest;Ljavax/servlet/ServletResponse;)V+135
j  org.apache.catalina.core.ApplicationFilterChain.doFilter(Ljavax/servlet/ServletRequest;Ljavax/servlet/ServletResponse;)V+99
j  org.springframework.web.filter.CharacterEncodingFilter.doFilterInternal(Ljavax/servlet/http/HttpServletRequest;Ljavax/servlet/http/HttpServletResponse;Ljavax/servlet/FilterChain;)V+53
j  org.springframework.web.filter.OncePerRequestFilter.doFilter(Ljavax/servlet/ServletRequest;Ljavax/servlet/ServletResponse;Ljavax/servlet/FilterChain;)V+147
j  org.apache.catalina.core.ApplicationFilterChain.internalDoFilter(Ljavax/servlet/ServletRequest;Ljavax/servlet/ServletResponse;)V+135
j  org.apache.catalina.core.ApplicationFilterChain.doFilter(Ljavax/servlet/ServletRequest;Ljavax/servlet/ServletResponse;)V+99
j  org.apache.catalina.core.StandardWrapperValve.invoke(Lorg/apache/catalina/connector/Request;Lorg/apache/catalina/connector/Response;)V+694
j  org.apache.catalina.core.StandardContextValve.invoke(Lorg/apache/catalina/connector/Request;Lorg/apache/catalina/connector/Response;)V+169
j  org.apache.catalina.authenticator.AuthenticatorBase.invoke(Lorg/apache/catalina/connector/Request;Lorg/apache/catalina/connector/Response;)V+260
j  org.apache.catalina.core.StandardHostValve.invoke(Lorg/apache/catalina/connector/Request;Lorg/apache/catalina/connector/Response;)V+128
j  org.apache.catalina.valves.ErrorReportValve.invoke(Lorg/apache/catalina/connector/Request;Lorg/apache/catalina/connector/Response;)V+6
j  org.apache.catalina.core.StandardEngineValve.invoke(Lorg/apache/catalina/connector/Request;Lorg/apache/catalina/connector/Response;)V+59
j  org.apache.catalina.connector.CoyoteAdapter.service(Lorg/apache/coyote/Request;Lorg/apache/coyote/Response;)V+203
j  org.apache.coyote.http11.Http11Processor.service(Lorg/apache/tomcat/util/net/SocketWrapperBase;)Lorg/apache/tomcat/util/net/AbstractEndpoint$Handler$SocketState;+796
j  org.apache.coyote.AbstractProcessorLight.process(Lorg/apache/tomcat/util/net/SocketWrapperBase;Lorg/apache/tomcat/util/net/SocketEvent;)Lorg/apache/tomcat/util/net/AbstractEndpoint$Handler$SocketState;+170
j  org.apache.coyote.AbstractProtocol$ConnectionHandler.process(Lorg/apache/tomcat/util/net/SocketWrapperBase;Lorg/apache/tomcat/util/net/SocketEvent;)Lorg/apache/tomcat/util/net/AbstractEndpoint$Handler$SocketState;+495
j  org.apache.tomcat.util.net.NioEndpoint$SocketProcessor.doRun()V+216
j  org.apache.tomcat.util.net.SocketProcessorBase.run()V+21
j  org.apache.tomcat.util.threads.ThreadPoolExecutor.runWorker(Lorg/apache/tomcat/util/threads/ThreadPoolExecutor$Worker;)V+92
j  org.apache.tomcat.util.threads.ThreadPoolExecutor$Worker.run()V+5
j  org.apache.tomcat.util.threads.TaskThread$WrappingRunnable.run()V+4
j  java.lang.Thread.run()V+11 java.base@17.0.6
v  ~StubRoutines::call_stub

siginfo: EXCEPTION_ACCESS_VIOLATION (0xc0000005), writing address 0x0000000100000009


Register to memory mapping:

RIP=0x00007ffa54f7168d ntdll.dll
RAX=0x000000e34e6a2000 points into unknown readable memory: 0x0000000000000000 | 00 00 00 00 00 00 00 00
RBX=0x0000023372cbe7c8 points into unknown readable memory: 0x0000023372cbaad8 | d8 aa cb 72 33 02 00 00
RCX=0x0000000100000001 is an unknown value
RDX=0x000000e3517faa90 is pointing into the stack for thread: 0x0000023374248750
RSP=0x000000e3517fa950 is pointing into the stack for thread: 0x0000023374248750
RBP=0x000000e3517faa60 is pointing into the stack for thread: 0x0000023374248750
RSI=0x0000023372cbaad8 points into unknown readable memory: 0x0000023372cb8eb8 | b8 8e cb 72 33 02 00 00
RDI=0x0 is NULL
R8 =0x0000023372cbe7c8 points into unknown readable memory: 0x0000023372cbaad8 | d8 aa cb 72 33 02 00 00
R9 =0x0000000000000001 is an unknown value
R10=0x0000023361c5dafd is at code_begin+1149 in an Interpreter codelet
method entry point (kind = native_synchronized)  [0x0000023361c5d680, 0x0000023361c5e0e0]  2656 bytes
R11=0x0000000000000121 is an unknown value
R12=0x0 is NULL
R13=0x00000233751ac488 is pointing into metadata
R14=0x000000e3517faa90 is pointing into the stack for thread: 0x0000023374248750
R15=0x0000023374248750 is a thread


Registers:
RAX=0x000000e34e6a2000, RBX=0x0000023372cbe7c8, RCX=0x0000000100000001, RDX=0x000000e3517faa90
RSP=0x000000e3517fa950, RBP=0x000000e3517faa60, RSI=0x0000023372cbaad8, RDI=0x0000000000000000
R8 =0x0000023372cbe7c8, R9 =0x0000000000000001, R10=0x0000023361c5dafd, R11=0x0000000000000121
R12=0x0000000000000000, R13=0x00000233751ac488, R14=0x000000e3517faa90, R15=0x0000023374248750
RIP=0x00007ffa54f7168d, EFLAGS=0x0000000000010206

Top of Stack: (sp=0x000000e3517fa950)
0x000000e3517fa950:   0000000000000000 000000e3517faa08
0x000000e3517fa960:   0000023374248750 000000e3517faa08
0x000000e3517fa970:   000002337456c158 0000000070c17edc
0x000000e3517fa980:   000002337456c100 0000000000000005
0x000000e3517fa990:   000000e300000002 00000233743ac260
0x000000e3517fa9a0:   00000233743ac1a0 00007ff9f056c25d
0x000000e3517fa9b0:   0000023374248750 00000233756bb1f0
0x000000e3517fa9c0:   0000000000000000 0000023361c5db2c
0x000000e3517fa9d0:   0000000000000000 0000023361c5d88b
0x000000e3517fa9e0:   00000233756bb1f0 000000e3517faa60
0x000000e3517fa9f0:   0000000000000000 000000e3517faa70
0x000000e3517faa00:   0000023361c5d832 0000000000000003
0x000000e3517faa10:   0000000704f12cf0 000000e3517faa08
0x000000e3517faa20:   00000233751ac488 000000e3517faa90
0x000000e3517faa30:   0000023374eec4f0 0000000000000000
0x000000e3517faa40:   0000000704fa48e8 00000233756bb1f0 

Instructions: (pc=0x00007ffa54f7168d)
0x00007ffa54f7158d:   00 00 00 3b a9 84 00 00 00 73 7a 8b 94 e9 88 00
0x00007ffa54f7159d:   00 00 85 d2 74 32 8b 84 e9 8c 00 00 00 41 89 07
0x00007ffa54f715ad:   40 84 f6 74 3d 48 8d 04 17 49 89 06 8b c3 48 8b
0x00007ffa54f715bd:   5c 24 48 48 8b 6c 24 50 48 8b 74 24 58 48 83 c4
0x00007ffa54f715cd:   20 41 5f 41 5e 5f c3 cc bb 02 00 00 c0 eb dd 3b
0x00007ffa54f715dd:   69 74 73 31 8b 54 e9 78 85 d2 74 ec 8b 44 e9 7c
0x00007ffa54f715ed:   eb bb 3b 51 54 72 be 44 8b c2 48 8b d7 e8 71 95
0x00007ffa54f715fd:   00 00 49 89 06 bb 0d 00 00 c0 48 f7 d8 1b c9 f7
0x00007ffa54f7160d:   d1 23 d9 eb a7 bb 0d 00 00 c0 eb a0 cc cc cc cc
0x00007ffa54f7161d:   cc cc cc 33 c0 48 39 05 8f 7d 17 00 74 1d f6 05
0x00007ffa54f7162d:   6a 7d 17 00 01 75 14 48 8b 0d 65 7d 17 00 48 c1
0x00007ffa54f7163d:   e9 28 80 e1 03 80 f9 03 0f 94 c0 c3 cc cc cc cc
0x00007ffa54f7164d:   cc cc cc 48 83 ec 28 48 85 c9 74 10 48 8b 05 b8
0x00007ffa54f7165d:   2b 16 00 48 85 c0 0f 85 6b 64 09 00 32 c0 48 83
0x00007ffa54f7166d:   c4 28 c3 cc cc cc cc cc cc cc cc 71 b9 df 5a a1
0x00007ffa54f7167d:   8f 48 c5 48 83 ec 28 65 48 8b 04 25 30 00 00 00
0x00007ffa54f7168d:   f0 0f ba 71 08 00 48 8b 40 48 73 13 48 89 41 10
0x00007ffa54f7169d:   33 c0 c7 41 0c 01 00 00 00 48 83 c4 28 c3 cc 48
0x00007ffa54f716ad:   39 41 10 75 0b ff 41 0c 33 c0 48 83 c4 28 c3 cc
0x00007ffa54f716bd:   e8 0e 00 00 00 eb e2 cc cc cc cc cc cc cc cc cc
0x00007ffa54f716cd:   cc cc cc 40 53 55 56 57 41 54 41 55 41 56 41 57
0x00007ffa54f716dd:   48 83 ec 38 8b 41 20 4c 8b e9 48 0f ba e0 1a 0f
0x00007ffa54f716ed:   82 29 03 00 00 33 ff 66 83 3c 25 6a 03 fe 7f 01
0x00007ffa54f716fd:   40 88 bc 24 88 00 00 00 76 1d 49 8b 7d 20 48 8b
0x00007ffa54f7170d:   c7 81 e7 ff ff ff 00 25 00 00 00 02 48 85 c0 0f
0x00007ffa54f7171d:   95 84 24 88 00 00 00 40 32 f6 40 32 ed 40 88 ac
0x00007ffa54f7172d:   24 80 00 00 00 41 8b 45 08 4d 8d 65 08 40 84 ed
0x00007ffa54f7173d:   ba 01 00 00 00 41 bf 03 00 00 00 41 bb 6a 03 fe
0x00007ffa54f7174d:   7f 44 0f 44 fa 44 0f b6 d6 48 8b df 84 c2 0f 85
0x00007ffa54f7175d:   b1 01 00 00 45 33 c0 8d 0c bf 03 c9 66 41 83 3b
0x00007ffa54f7176d:   01 0f 86 ec 00 00 00 4d 85 e4 74 0e 80 3c 25 97
0x00007ffa54f7177d:   02 fe 7f 00 0f 85 73 8f 08 00 0f b7 1c 25 d6 02 


Stack slot to memory mapping:
stack at sp + 0 slots: 0x0 is NULL
stack at sp + 1 slots: 0x000000e3517faa08 is pointing into the stack for thread: 0x0000023374248750
stack at sp + 2 slots: 0x0000023374248750 is a thread
stack at sp + 3 slots: 0x000000e3517faa08 is pointing into the stack for thread: 0x0000023374248750
stack at sp + 4 slots: 0x000002337456c158 points into unknown readable memory: 0x0000000704f12cf0 | f0 2c f1 04 07 00 00 00
stack at sp + 5 slots: 0x0000000070c17edc sqlite-3.36.0.3-bc171b3a-aacf-4002-84f4-ce25c181b9f1-sqlitejdbc.dll
stack at sp + 6 slots: 0x000002337456c100 points into unknown readable memory: 0x65646165482f7372 | 72 73 2f 48 65 61 64 65
stack at sp + 7 slots: 0x0000000000000005 is an unknown value


---------------  P R O C E S S  ---------------

Threads class SMR info:
_java_thread_list=0x0000023372458d00, length=33, elements={
0x00000233712314b0, 0x0000023371234590, 0x000002337124c0c0, 0x000002337124c980,
0x000002337124d240, 0x000002337124db00, 0x0000023371251490, 0x0000023371251d90,
0x0000023370eea370, 0x000002337201b6f0, 0x0000023372022150, 0x00000233721d7fb0,
0x0000023373c2ed20, 0x0000023373e19040, 0x0000023373e19510, 0x0000023373dba9b0,
0x00000233742495c0, 0x0000023374249a90, 0x0000023374248c20, 0x0000023374248750,
0x00000233742490f0, 0x0000023374249f60, 0x0000023374759240, 0x00000233747588a0,
0x0000023374756220, 0x0000023374755d50, 0x0000023374758d70, 0x000002337475b3f0,
0x000002337475b8c0, 0x0000023374755880, 0x000002337475a0b0, 0x000002337237e070,
0x00000233720466f0
}

Java Threads: ( => current thread )
  0x00000233712314b0 JavaThread "Reference Handler" daemon [_thread_blocked, id=23048, stack(0x000000e34f300000,0x000000e34f400000)]
  0x0000023371234590 JavaThread "Finalizer" daemon [_thread_blocked, id=19920, stack(0x000000e34f400000,0x000000e34f500000)]
  0x000002337124c0c0 JavaThread "Signal Dispatcher" daemon [_thread_blocked, id=17628, stack(0x000000e34f500000,0x000000e34f600000)]
  0x000002337124c980 JavaThread "Attach Listener" daemon [_thread_blocked, id=5220, stack(0x000000e34f600000,0x000000e34f700000)]
  0x000002337124d240 JavaThread "Service Thread" daemon [_thread_blocked, id=3756, stack(0x000000e34f700000,0x000000e34f800000)]
  0x000002337124db00 JavaThread "Monitor Deflation Thread" daemon [_thread_blocked, id=6504, stack(0x000000e34f800000,0x000000e34f900000)]
  0x0000023371251490 JavaThread "C1 CompilerThread0" daemon [_thread_blocked, id=16632, stack(0x000000e34f900000,0x000000e34fa00000)]
  0x0000023371251d90 JavaThread "Sweeper thread" daemon [_thread_blocked, id=13896, stack(0x000000e34fa00000,0x000000e34fb00000)]
  0x0000023370eea370 JavaThread "Common-Cleaner" daemon [_thread_blocked, id=12840, stack(0x000000e34fb00000,0x000000e34fc00000)]
  0x000002337201b6f0 JavaThread "Monitor Ctrl-Break" daemon [_thread_in_native, id=23276, stack(0x000000e34ff00000,0x000000e350000000)]
  0x0000023372022150 JavaThread "Notification Thread" daemon [_thread_blocked, id=16644, stack(0x000000e350000000,0x000000e350100000)]
  0x00000233721d7fb0 JavaThread "RMI TCP Accept-0" daemon [_thread_in_native, id=7860, stack(0x000000e350100000,0x000000e350200000)]
  0x0000023373c2ed20 JavaThread "RMI Scheduler(0)" daemon [_thread_blocked, id=17780, stack(0x000000e350e00000,0x000000e350f00000)]
  0x0000023373e19040 JavaThread "Catalina-utility-1" [_thread_blocked, id=13184, stack(0x000000e351100000,0x000000e351200000)]
  0x0000023373e19510 JavaThread "Catalina-utility-2" [_thread_blocked, id=22404, stack(0x000000e351200000,0x000000e351300000)]
  0x0000023373dba9b0 JavaThread "container-0" [_thread_blocked, id=23512, stack(0x000000e351300000,0x000000e351400000)]
  0x00000233742495c0 JavaThread "Hibernate Connection Pool Validation Thread" daemon [_thread_blocked, id=6132, stack(0x000000e351400000,0x000000e351500000)]
  0x0000023374249a90 JavaThread "http-nio-8080-exec-1" daemon [_thread_blocked, id=8944, stack(0x000000e351500000,0x000000e351600000)]
  0x0000023374248c20 JavaThread "http-nio-8080-exec-2" daemon [_thread_blocked, id=19992, stack(0x000000e351600000,0x000000e351700000)]
=>0x0000023374248750 JavaThread "http-nio-8080-exec-3" daemon [_thread_in_native, id=2440, stack(0x000000e351700000,0x000000e351800000)]
  0x00000233742490f0 JavaThread "http-nio-8080-exec-4" daemon [_thread_blocked, id=12896, stack(0x000000e351800000,0x000000e351900000)]
  0x0000023374249f60 JavaThread "http-nio-8080-exec-5" daemon [_thread_blocked, id=19060, stack(0x000000e351900000,0x000000e351a00000)]
  0x0000023374759240 JavaThread "http-nio-8080-exec-6" daemon [_thread_blocked, id=20320, stack(0x000000e351a00000,0x000000e351b00000)]
  0x00000233747588a0 JavaThread "http-nio-8080-exec-7" daemon [_thread_blocked, id=22332, stack(0x000000e351b00000,0x000000e351c00000)]
  0x0000023374756220 JavaThread "http-nio-8080-exec-8" daemon [_thread_blocked, id=23424, stack(0x000000e351c00000,0x000000e351d00000)]
  0x0000023374755d50 JavaThread "http-nio-8080-exec-9" daemon [_thread_blocked, id=7304, stack(0x000000e351d00000,0x000000e351e00000)]
  0x0000023374758d70 JavaThread "http-nio-8080-exec-10" daemon [_thread_blocked, id=6064, stack(0x000000e351e00000,0x000000e351f00000)]
  0x000002337475b3f0 JavaThread "http-nio-8080-Poller" daemon [_thread_in_native, id=19348, stack(0x000000e351f00000,0x000000e352000000)]
  0x000002337475b8c0 JavaThread "http-nio-8080-Acceptor" daemon [_thread_in_native, id=21248, stack(0x000000e352000000,0x000000e352100000)]
  0x0000023374755880 JavaThread "DestroyJavaVM" [_thread_blocked, id=20348, stack(0x000000e34ec00000,0x000000e34ed00000)]
  0x000002337475a0b0 JavaThread "RMI TCP Connection(idle)" daemon [_thread_blocked, id=22052, stack(0x000000e34e800000,0x000000e34e900000)]
  0x000002337237e070 JavaThread "C1 CompilerThread1" daemon [_thread_blocked, id=8744, stack(0x000000e34e900000,0x000000e34ea00000)]
  0x00000233720466f0 JavaThread "C1 CompilerThread2" daemon [_thread_blocked, id=16364, stack(0x000000e34fd00000,0x000000e34fe00000)]

Other Threads:
  0x000002337122c510 VMThread "VM Thread" [stack: 0x000000e34f200000,0x000000e34f300000] [id=1452]
  0x000002335a400c40 WatcherThread [stack: 0x000000e350200000,0x000000e350300000] [id=12516]
  0x000002335a46a9c0 GCTaskThread "GC Thread#0" [stack: 0x000000e34ed00000,0x000000e34ee00000] [id=19496]
  0x00000233725703d0 GCTaskThread "GC Thread#1" [stack: 0x000000e350300000,0x000000e350400000] [id=8964]
  0x0000023372570ae0 GCTaskThread "GC Thread#2" [stack: 0x000000e350400000,0x000000e350500000] [id=7764]
  0x0000023372570d90 GCTaskThread "GC Thread#3" [stack: 0x000000e350500000,0x000000e350600000] [id=15016]
  0x0000023372571250 GCTaskThread "GC Thread#4" [stack: 0x000000e350600000,0x000000e350700000] [id=17244]
  0x0000023372526e30 GCTaskThread "GC Thread#5" [stack: 0x000000e350700000,0x000000e350800000] [id=1744]
  0x00000233725cedd0 GCTaskThread "GC Thread#6" [stack: 0x000000e350800000,0x000000e350900000] [id=12608]
  0x00000233725cf080 GCTaskThread "GC Thread#7" [stack: 0x000000e350900000,0x000000e350a00000] [id=22872]
  0x00000233725cf330 GCTaskThread "GC Thread#8" [stack: 0x000000e350a00000,0x000000e350b00000] [id=7344]
  0x000002337380e190 GCTaskThread "GC Thread#9" [stack: 0x000000e350d00000,0x000000e350e00000] [id=13976]
  0x000002335a47c3a0 ConcurrentGCThread "G1 Main Marker" [stack: 0x000000e34ee00000,0x000000e34ef00000] [id=19708]
  0x000002335a47cf70 ConcurrentGCThread "G1 Conc#0" [stack: 0x000000e34ef00000,0x000000e34f000000] [id=592]
  0x0000023373c42d00 ConcurrentGCThread "G1 Conc#1" [stack: 0x000000e350f00000,0x000000e351000000] [id=12412]
  0x0000023373c8a050 ConcurrentGCThread "G1 Conc#2" [stack: 0x000000e351000000,0x000000e351100000] [id=19132]
  0x000002335a49e970 ConcurrentGCThread "G1 Refine#0" [stack: 0x000000e34f000000,0x000000e34f100000] [id=22096]
  0x00000233725ab3b0 ConcurrentGCThread "G1 Refine#1" [stack: 0x000000e350b00000,0x000000e350c00000] [id=12052]
  0x000002335a49ec50 ConcurrentGCThread "G1 Service" [stack: 0x000000e34f100000,0x000000e34f200000] [id=6772]

Threads with active compile tasks:

VM state: not at safepoint (normal execution)

VM Mutex/Monitor currently owned by a thread: None

Heap address: 0x0000000704800000, size: 4024 MB, Compressed Oops mode: Zero based, Oop shift amount: 3

CDS archive(s) mapped at: [0x0000000800000000-0x0000000800bd0000-0x0000000800bd0000), size 12386304, SharedBaseAddress: 0x0000000800000000, ArchiveRelocationMode: 0.
Compressed class space mapped at: 0x0000000800c00000-0x0000000840c00000, reserved size: 1073741824
Narrow klass base: 0x0000000800000000, Narrow klass shift: 0, Narrow klass range: 0x100000000

GC Precious Log:
 CPUs: 12 total, 12 available
 Memory: 16088M
 Large Page Support: Disabled
 NUMA Support: Disabled
 Compressed Oops: Enabled (Zero based)
 Heap Region Size: 2M
 Heap Min Capacity: 8M
 Heap Initial Capacity: 252M
 Heap Max Capacity: 4024M
 Pre-touch: Disabled
 Parallel Workers: 10
 Concurrent Workers: 3
 Concurrent Refinement Workers: 10
 Periodic GC: Disabled

Heap:
 garbage-first heap   total 61440K, used 40787K [0x0000000704800000, 0x0000000800000000)
  region size 2048K, 12 young (24576K), 1 survivors (2048K)
 Metaspace       used 55426K, committed 55936K, reserved 1097728K
  class space    used 7747K, committed 8000K, reserved 1048576K

Heap Regions: E=young(eden), S=young(survivor), O=old, HS=humongous(starts), HC=humongous(continues), CS=collection set, F=free, OA=open archive, CA=closed archive, TAMS=top-at-mark-start (previous, next)
|   0|0x0000000704800000, 0x0000000704a00000, 0x0000000704a00000|100%| O|  |TAMS 0x0000000704a00000, 0x0000000704800000| Untracked 
|   1|0x0000000704a00000, 0x0000000704c00000, 0x0000000704c00000|100%| O|  |TAMS 0x0000000704c00000, 0x0000000704a00000| Untracked 
|   2|0x0000000704c00000, 0x0000000704e00000, 0x0000000704e00000|100%| O|  |TAMS 0x0000000704e00000, 0x0000000704c00000| Untracked 
|   3|0x0000000704e00000, 0x0000000705000000, 0x0000000705000000|100%| O|  |TAMS 0x0000000704e00000, 0x0000000704e00000| Untracked 
|   4|0x0000000705000000, 0x0000000705200000, 0x0000000705200000|100%| O|  |TAMS 0x0000000705200000, 0x0000000705000000| Untracked 
|   5|0x0000000705200000, 0x0000000705400000, 0x0000000705400000|100%| O|  |TAMS 0x0000000705400000, 0x0000000705200000| Untracked 
|   6|0x0000000705400000, 0x0000000705600000, 0x0000000705600000|100%| O|  |TAMS 0x0000000705400000, 0x0000000705400000| Untracked 
|   7|0x0000000705600000, 0x0000000705800000, 0x0000000705800000|100%| O|  |TAMS 0x0000000705600000, 0x0000000705600000| Untracked 
|   8|0x0000000705800000, 0x000000070582fa00, 0x0000000705a00000|  9%| O|  |TAMS 0x0000000705800000, 0x0000000705800000| Untracked 
|   9|0x0000000705a00000, 0x0000000705a00000, 0x0000000705c00000|  0%| F|  |TAMS 0x0000000705a00000, 0x0000000705a00000| Untracked 
|  10|0x0000000705c00000, 0x0000000705e00000, 0x0000000705e00000|100%| O|  |TAMS 0x0000000705e00000, 0x0000000705c00000| Untracked 
|  11|0x0000000705e00000, 0x0000000705e00000, 0x0000000706000000|  0%| F|  |TAMS 0x0000000705e00000, 0x0000000705e00000| Untracked 
|  12|0x0000000706000000, 0x0000000706000000, 0x0000000706200000|  0%| F|  |TAMS 0x0000000706000000, 0x0000000706000000| Untracked 
|  13|0x0000000706200000, 0x0000000706200000, 0x0000000706400000|  0%| F|  |TAMS 0x0000000706200000, 0x0000000706200000| Untracked 
|  14|0x0000000706400000, 0x0000000706400000, 0x0000000706600000|  0%| F|  |TAMS 0x0000000706400000, 0x0000000706400000| Untracked 
|  15|0x0000000706600000, 0x0000000706600000, 0x0000000706800000|  0%| F|  |TAMS 0x0000000706600000, 0x0000000706600000| Untracked 
|  16|0x0000000706800000, 0x0000000706800000, 0x0000000706a00000|  0%| F|  |TAMS 0x0000000706800000, 0x0000000706800000| Untracked 
|  17|0x0000000706a00000, 0x0000000706ba55e8, 0x0000000706c00000| 82%| S|CS|TAMS 0x0000000706a00000, 0x0000000706a00000| Complete 
|  18|0x0000000706c00000, 0x0000000706c00000, 0x0000000706e00000|  0%| F|  |TAMS 0x0000000706c00000, 0x0000000706c00000| Untracked 
|  19|0x0000000706e00000, 0x0000000706e4c270, 0x0000000707000000| 14%| E|  |TAMS 0x0000000706e00000, 0x0000000706e00000| Complete 
|  20|0x0000000707000000, 0x0000000707200000, 0x0000000707200000|100%| E|CS|TAMS 0x0000000707000000, 0x0000000707000000| Complete 
|  21|0x0000000707200000, 0x0000000707400000, 0x0000000707400000|100%| E|CS|TAMS 0x0000000707200000, 0x0000000707200000| Complete 
|  22|0x0000000707400000, 0x0000000707600000, 0x0000000707600000|100%| E|CS|TAMS 0x0000000707400000, 0x0000000707400000| Complete 
|  23|0x0000000707600000, 0x0000000707800000, 0x0000000707800000|100%| E|CS|TAMS 0x0000000707600000, 0x0000000707600000| Complete 
|  24|0x0000000707800000, 0x0000000707a00000, 0x0000000707a00000|100%| E|CS|TAMS 0x0000000707800000, 0x0000000707800000| Complete 
|  25|0x0000000707a00000, 0x0000000707c00000, 0x0000000707c00000|100%| E|CS|TAMS 0x0000000707a00000, 0x0000000707a00000| Complete 
|  26|0x0000000707c00000, 0x0000000707e00000, 0x0000000707e00000|100%| E|CS|TAMS 0x0000000707c00000, 0x0000000707c00000| Complete 
|  27|0x0000000707e00000, 0x0000000708000000, 0x0000000708000000|100%| E|CS|TAMS 0x0000000707e00000, 0x0000000707e00000| Complete 
|  60|0x000000070c000000, 0x000000070c200000, 0x000000070c200000|100%| E|CS|TAMS 0x000000070c000000, 0x000000070c000000| Complete 
| 125|0x0000000714200000, 0x0000000714400000, 0x0000000714400000|100%| E|CS|TAMS 0x0000000714200000, 0x0000000714200000| Complete 

Card table byte_map: [0x0000023365760000,0x0000023365f40000] _byte_map_base: 0x0000023361f3c000

Marking Bits (Prev, Next): (CMBitMap*) 0x000002335a46aee0, (CMBitMap*) 0x000002335a46af20
 Prev Bits: [0x0000023366720000, 0x000002336a600000)
 Next Bits: [0x000002336a600000, 0x000002336e4e0000)

Polling page: 0x0000023359ba0000

Metaspace:

Usage:
  Non-class:     46.56 MB used.
      Class:      7.57 MB used.
       Both:     54.13 MB used.

Virtual space:
  Non-class space:       48.00 MB reserved,      46.81 MB ( 98%) committed,  6 nodes.
      Class space:        1.00 GB reserved,       7.81 MB ( <1%) committed,  1 nodes.
             Both:        1.05 GB reserved,      54.62 MB (  5%) committed. 

Chunk freelists:
   Non-Class:  1.02 MB
       Class:  176.00 KB
        Both:  1.19 MB

MaxMetaspaceSize: unlimited
CompressedClassSpaceSize: 1.00 GB
Initial GC threshold: 21.00 MB
Current GC threshold: 58.69 MB
CDS: on
MetaspaceReclaimPolicy: balanced
 - commit_granule_bytes: 65536.
 - commit_granule_words: 8192.
 - virtual_space_node_default_size: 1048576.
 - enlarge_chunks_in_place: 1.
 - new_chunks_are_fully_committed: 0.
 - uncommit_free_chunks: 1.
 - use_allocation_guard: 0.
 - handle_deallocations: 1.


Internal statistics:

num_allocs_failed_limit: 6.
num_arena_births: 534.
num_arena_deaths: 0.
num_vsnodes_births: 7.
num_vsnodes_deaths: 0.
num_space_committed: 874.
num_space_uncommitted: 0.
num_chunks_returned_to_freelist: 6.
num_chunks_taken_from_freelist: 2420.
num_chunk_merges: 6.
num_chunk_splits: 1738.
num_chunks_enlarged: 1366.
num_purges: 0.
num_inconsistent_stats: 0.

CodeCache: size=49152Kb used=9548Kb max_used=9548Kb free=39603Kb
 bounds [0x0000023361c50000, 0x0000023362600000, 0x0000023364c50000]
 total_blobs=5279 nmethods=4646 adapters=558
 compilation: enabled
              stopped_count=0, restarted_count=0
 full_count=0

Compilation events (20 events):
Event: 162.172 Thread 0x0000023371251490 4623       1       org.springframework.web.servlet.mvc.condition.RequestMethodsRequestCondition::getMatchingCondition (73 bytes)
Event: 162.173 Thread 0x000002337237e070 nmethod 4622 0x0000023361e8ac10 code [0x0000023361e8aee0, 0x0000023361e8b7c8]
Event: 162.173 Thread 0x00000233720466f0 nmethod 4621 0x0000023361e89b90 code [0x0000023361e89e80, 0x0000023361e8a8c8]
Event: 162.173 Thread 0x00000233720466f0 4624       1       org.hibernate.tuple.entity.EntityMetamodel::getName (5 bytes)
Event: 162.173 Thread 0x00000233720466f0 nmethod 4624 0x0000023361e89890 code [0x0000023361e89a20, 0x0000023361e89af8]
Event: 162.173 Thread 0x0000023371251490 nmethod 4623 0x0000023361e89190 code [0x0000023361e893c0, 0x0000023361e896f8]
Event: 162.173 Thread 0x000002337237e070 4625       1       org.apache.tomcat.util.buf.MessageBytes::setBytes (31 bytes)
Event: 162.173 Thread 0x00000233720466f0 4626       1       com.fasterxml.jackson.databind.DeserializationConfig::isEnabled (18 bytes)
Event: 162.173 Thread 0x0000023371251490 4627       1       org.apache.tomcat.util.descriptor.web.FilterDef::getFilterName (5 bytes)
Event: 162.173 Thread 0x000002337237e070 nmethod 4625 0x0000023361e88e10 code [0x0000023361e88fa0, 0x0000023361e890f8]
Event: 162.173 Thread 0x0000023371251490 nmethod 4627 0x0000023361e88b10 code [0x0000023361e88ca0, 0x0000023361e88d78]
Event: 162.173 Thread 0x00000233720466f0 nmethod 4626 0x0000023361e88810 code [0x0000023361e889a0, 0x0000023361e88a98]
Event: 162.173 Thread 0x00000233720466f0 4629       1       sun.nio.ch.SelectionKeyImpl::ensureValid (16 bytes)
Event: 162.173 Thread 0x0000023371251490 4628       1       com.fasterxml.jackson.core.base.ParserMinimalBase::currentToken (5 bytes)
Event: 162.173 Thread 0x0000023371251490 nmethod 4628 0x0000023361e88510 code [0x0000023361e886a0, 0x0000023361e88778]
Event: 162.173 Thread 0x00000233720466f0 nmethod 4629 0x0000023361e88110 code [0x0000023361e882a0, 0x0000023361e88428]
Event: 162.173 Thread 0x00000233720466f0 4630       1       sun.security.provider.SHA2::implCompress (13 bytes)
Event: 162.173 Thread 0x0000023371251490 4631       1       sun.security.provider.SHA2::implCompressCheck (27 bytes)
Event: 162.173 Thread 0x00000233720466f0 nmethod 4630 0x0000023361e87b90 code [0x0000023361e87d40, 0x0000023361e87f88]
Event: 162.173 Thread 0x0000023371251490 nmethod 4631 0x0000023361e87690 code [0x0000023361e87840, 0x0000023361e87a78]

GC Heap History (20 events):
Event: 0.402 GC heap before
{Heap before GC invocations=0 (full 0):
 garbage-first heap   total 258048K, used 20480K [0x0000000704800000, 0x0000000800000000)
  region size 2048K, 11 young (22528K), 0 survivors (0K)
 Metaspace       used 7183K, committed 7296K, reserved 1056768K
  class space    used 904K, committed 960K, reserved 1048576K
}
Event: 0.407 GC heap after
{Heap after GC invocations=1 (full 0):
 garbage-first heap   total 258048K, used 6866K [0x0000000704800000, 0x0000000800000000)
  region size 2048K, 2 young (4096K), 2 survivors (4096K)
 Metaspace       used 7183K, committed 7296K, reserved 1056768K
  class space    used 904K, committed 960K, reserved 1048576K
}
Event: 0.629 GC heap before
{Heap before GC invocations=1 (full 0):
 garbage-first heap   total 258048K, used 29394K [0x0000000704800000, 0x0000000800000000)
  region size 2048K, 14 young (28672K), 2 survivors (4096K)
 Metaspace       used 12731K, committed 12992K, reserved 1064960K
  class space    used 1710K, committed 1792K, reserved 1048576K
}
Event: 0.632 GC heap after
{Heap after GC invocations=2 (full 0):
 garbage-first heap   total 258048K, used 8077K [0x0000000704800000, 0x0000000800000000)
  region size 2048K, 1 young (2048K), 1 survivors (2048K)
 Metaspace       used 12731K, committed 12992K, reserved 1064960K
  class space    used 1710K, committed 1792K, reserved 1048576K
}
Event: 1.064 GC heap before
{Heap before GC invocations=2 (full 0):
 garbage-first heap   total 258048K, used 63373K [0x0000000704800000, 0x0000000800000000)
  region size 2048K, 29 young (59392K), 1 survivors (2048K)
 Metaspace       used 21229K, committed 21504K, reserved 1073152K
  class space    used 2876K, committed 3008K, reserved 1048576K
}
Event: 1.067 GC heap after
{Heap after GC invocations=3 (full 0):
 garbage-first heap   total 258048K, used 11259K [0x0000000704800000, 0x0000000800000000)
  region size 2048K, 3 young (6144K), 3 survivors (6144K)
 Metaspace       used 21229K, committed 21504K, reserved 1073152K
  class space    used 2876K, committed 3008K, reserved 1048576K
}
Event: 1.331 GC heap before
{Heap before GC invocations=4 (full 0):
 garbage-first heap   total 55296K, used 37883K [0x0000000704800000, 0x0000000800000000)
  region size 2048K, 17 young (34816K), 3 survivors (6144K)
 Metaspace       used 26169K, committed 26496K, reserved 1073152K
  class space    used 3513K, committed 3712K, reserved 1048576K
}
Event: 1.334 GC heap after
{Heap after GC invocations=5 (full 0):
 garbage-first heap   total 55296K, used 14065K [0x0000000704800000, 0x0000000800000000)
  region size 2048K, 4 young (8192K), 4 survivors (8192K)
 Metaspace       used 26169K, committed 26496K, reserved 1073152K
  class space    used 3513K, committed 3712K, reserved 1048576K
}
Event: 1.354 GC heap before
{Heap before GC invocations=5 (full 0):
 garbage-first heap   total 55296K, used 14065K [0x0000000704800000, 0x0000000800000000)
  region size 2048K, 5 young (10240K), 4 survivors (8192K)
 Metaspace       used 26518K, committed 26944K, reserved 1073152K
  class space    used 3591K, committed 3776K, reserved 1048576K
}
Event: 1.359 GC heap after
{Heap after GC invocations=6 (full 0):
 garbage-first heap   total 157696K, used 14822K [0x0000000704800000, 0x0000000800000000)
  region size 2048K, 1 young (2048K), 1 survivors (2048K)
 Metaspace       used 26518K, committed 26944K, reserved 1073152K
  class space    used 3591K, committed 3776K, reserved 1048576K
}
Event: 1.645 GC heap before
{Heap before GC invocations=6 (full 0):
 garbage-first heap   total 157696K, used 43494K [0x0000000704800000, 0x0000000800000000)
  region size 2048K, 16 young (32768K), 1 survivors (2048K)
 Metaspace       used 35583K, committed 35968K, reserved 1081344K
  class space    used 4955K, committed 5184K, reserved 1048576K
}
Event: 1.648 GC heap after
{Heap after GC invocations=7 (full 0):
 garbage-first heap   total 157696K, used 15317K [0x0000000704800000, 0x0000000800000000)
  region size 2048K, 1 young (2048K), 1 survivors (2048K)
 Metaspace       used 35583K, committed 35968K, reserved 1081344K
  class space    used 4955K, committed 5184K, reserved 1048576K
}
Event: 2.061 GC heap before
{Heap before GC invocations=8 (full 0):
 garbage-first heap   total 61440K, used 50133K [0x0000000704800000, 0x0000000800000000)
  region size 2048K, 18 young (36864K), 1 survivors (2048K)
 Metaspace       used 43501K, committed 43904K, reserved 1089536K
  class space    used 6146K, committed 6336K, reserved 1048576K
}
Event: 2.063 GC heap after
{Heap after GC invocations=9 (full 0):
 garbage-first heap   total 61440K, used 16625K [0x0000000704800000, 0x0000000800000000)
  region size 2048K, 2 young (4096K), 2 survivors (4096K)
 Metaspace       used 43501K, committed 43904K, reserved 1089536K
  class space    used 6146K, committed 6336K, reserved 1048576K
}
Event: 2.084 GC heap before
{Heap before GC invocations=9 (full 0):
 garbage-first heap   total 61440K, used 18673K [0x0000000704800000, 0x0000000800000000)
  region size 2048K, 3 young (6144K), 2 survivors (4096K)
 Metaspace       used 43938K, committed 44352K, reserved 1089536K
  class space    used 6215K, committed 6400K, reserved 1048576K
}
Event: 2.087 GC heap after
{Heap after GC invocations=10 (full 0):
 garbage-first heap   total 61440K, used 16815K [0x0000000704800000, 0x0000000800000000)
  region size 2048K, 1 young (2048K), 1 survivors (2048K)
 Metaspace       used 43938K, committed 44352K, reserved 1089536K
  class space    used 6215K, committed 6400K, reserved 1048576K
}
Event: 2.369 GC heap before
{Heap before GC invocations=10 (full 0):
 garbage-first heap   total 61440K, used 41391K [0x0000000704800000, 0x0000000800000000)
  region size 2048K, 14 young (28672K), 1 survivors (2048K)
 Metaspace       used 48746K, committed 49088K, reserved 1097728K
  class space    used 6895K, committed 7040K, reserved 1048576K
}
Event: 2.370 GC heap after
{Heap after GC invocations=11 (full 0):
 garbage-first heap   total 61440K, used 18801K [0x0000000704800000, 0x0000000800000000)
  region size 2048K, 2 young (4096K), 2 survivors (4096K)
 Metaspace       used 48746K, committed 49088K, reserved 1097728K
  class space    used 6895K, committed 7040K, reserved 1048576K
}
Event: 14.613 GC heap before
{Heap before GC invocations=11 (full 0):
 garbage-first heap   total 61440K, used 41329K [0x0000000704800000, 0x0000000800000000)
  region size 2048K, 14 young (28672K), 2 survivors (4096K)
 Metaspace       used 53152K, committed 53632K, reserved 1097728K
  class space    used 7468K, committed 7680K, reserved 1048576K
}
Event: 14.621 GC heap after
{Heap after GC invocations=12 (full 0):
 garbage-first heap   total 61440K, used 20307K [0x0000000704800000, 0x0000000800000000)
  region size 2048K, 1 young (2048K), 1 survivors (2048K)
 Metaspace       used 53152K, committed 53632K, reserved 1097728K
  class space    used 7468K, committed 7680K, reserved 1048576K
}

Deoptimization events (8 events):
Event: 0.654 Thread 0x000002335a3fffc0 DEOPT PACKING pc=0x00000233621d41f9 sp=0x000000e34ecfd4d0
Event: 0.654 Thread 0x000002335a3fffc0 DEOPT UNPACKING pc=0x0000023361ca2b43 sp=0x000000e34ecfc9b0 mode 3
Event: 1.189 Thread 0x000002335a3fffc0 DEOPT PACKING pc=0x00000233623e13a5 sp=0x000000e34ecfd500
Event: 1.189 Thread 0x000002335a3fffc0 DEOPT UNPACKING pc=0x0000023361ca2b43 sp=0x000000e34ecfca68 mode 3
Event: 1.309 Thread 0x000002335a3fffc0 DEOPT PACKING pc=0x00000233621f3f89 sp=0x000000e34ecfe9e0
Event: 1.309 Thread 0x000002335a3fffc0 DEOPT UNPACKING pc=0x0000023361ca2b43 sp=0x000000e34ecfde70 mode 3
Event: 1.309 Thread 0x0000023373e19040 DEOPT PACKING pc=0x00000233621c551f sp=0x000000e3511ff210
Event: 1.309 Thread 0x0000023373e19040 DEOPT UNPACKING pc=0x0000023361ca2b43 sp=0x000000e3511fe668 mode 3

Classes unloaded (0 events):
No events

Classes redefined (0 events):
No events

Internal exceptions (20 events):
Event: 2.196 Thread 0x000002335a3fffc0 Exception <a 'java/lang/ClassNotFoundException'{0x000000070789ee98}: org/springframework/web/context/ServletContextAwareCustomizer> (0x000000070789ee98) 
thrown [s\open\src\hotspot\share\classfile\systemDictionary.cpp, line 256]
Event: 2.197 Thread 0x000002335a3fffc0 Exception <a 'java/lang/ClassNotFoundException'{0x00000007078a5058}: org/springframework/beans/factory/AwareCustomizer> (0x00000007078a5058) 
thrown [s\open\src\hotspot\share\classfile\systemDictionary.cpp, line 256]
Event: 2.209 Thread 0x000002335a3fffc0 Exception <a 'java/lang/ClassNotFoundException'{0x000000070797cf80}: java/lang/ObjectCustomizer> (0x000000070797cf80) 
thrown [s\open\src\hotspot\share\classfile\systemDictionary.cpp, line 256]
Event: 2.210 Thread 0x000002335a3fffc0 Exception <a 'java/lang/ClassNotFoundException'{0x0000000707986150}: org/springframework/security/config/annotation/web/configuration/WebSecurityConfigurationCustomizer> (0x0000000707986150) 
thrown [s\open\src\hotspot\share\classfile\systemDictionary.cpp, line 256]
Event: 2.210 Thread 0x000002335a3fffc0 Exception <a 'java/lang/ClassNotFoundException'{0x0000000707995a30}: org/springframework/context/annotation/ImportAwareCustomizer> (0x0000000707995a30) 
thrown [s\open\src\hotspot\share\classfile\systemDictionary.cpp, line 256]
Event: 2.210 Thread 0x000002335a3fffc0 Exception <a 'java/lang/ClassNotFoundException'{0x000000070799bc58}: org/springframework/beans/factory/AwareCustomizer> (0x000000070799bc58) 
thrown [s\open\src\hotspot\share\classfile\systemDictionary.cpp, line 256]
Event: 2.211 Thread 0x000002335a3fffc0 Exception <a 'java/lang/ClassNotFoundException'{0x00000007079a0fb8}: org/springframework/beans/factory/BeanClassLoaderAwareCustomizer> (0x00000007079a0fb8) 
thrown [s\open\src\hotspot\share\classfile\systemDictionary.cpp, line 256]
Event: 2.211 Thread 0x000002335a3fffc0 Exception <a 'java/lang/ClassNotFoundException'{0x00000007079a77c0}: org/springframework/beans/factory/AwareCustomizer> (0x00000007079a77c0) 
thrown [s\open\src\hotspot\share\classfile\systemDictionary.cpp, line 256]
Event: 2.265 Thread 0x000002335a3fffc0 Exception <a 'java/lang/NoSuchMethodError'{0x000000070701d148}: 'java.lang.Object java.lang.invoke.DirectMethodHandle$Holder.newInvokeSpecial(java.lang.Object, java.lang.Object, long)'> (0x000000070701d148) 
thrown [s\open\src\hotspot\share\interpreter\linkResolver.cpp, line 759]
Event: 2.289 Thread 0x000002335a3fffc0 Exception <a 'java/lang/ClassNotFoundException'{0x0000000706e48e98}: java/lang/ObjectCustomizer> (0x0000000706e48e98) 
thrown [s\open\src\hotspot\share\classfile\systemDictionary.cpp, line 256]
Event: 2.289 Thread 0x000002335a3fffc0 Exception <a 'java/lang/ClassNotFoundException'{0x0000000706e52088}: org/springframework/security/config/annotation/web/configuration/HttpSecurityConfigurationCustomizer> (0x0000000706e52088) 
thrown [s\open\src\hotspot\share\classfile\systemDictionary.cpp, line 256]
Event: 2.340 Thread 0x000002335a3fffc0 Exception <a 'java/lang/NoSuchMethodError'{0x0000000706abd4c0}: 'void java.lang.invoke.DirectMethodHandle$Holder.invokeVirtual(java.lang.Object, java.lang.Object, int)'> (0x0000000706abd4c0) 
thrown [s\open\src\hotspot\share\interpreter\linkResolver.cpp, line 759]
Event: 2.340 Thread 0x000002335a3fffc0 Exception <a 'java/lang/NoSuchMethodError'{0x0000000706ad8018}: 'void java.lang.invoke.DirectMethodHandle$Holder.invokeVirtual(java.lang.Object, java.lang.Object, long)'> (0x0000000706ad8018) 
thrown [s\open\src\hotspot\share\interpreter\linkResolver.cpp, line 759]
Event: 2.397 Thread 0x000002335a3fffc0 Exception <a 'java/lang/IncompatibleClassChangeError'{0x000000070c017d88}: Found class java.lang.Object, but interface was expected> (0x000000070c017d88) 
thrown [s\open\src\hotspot\share\interpreter\linkResolver.cpp, line 826]
Event: 2.412 Thread 0x000002335a3fffc0 Exception <a 'java/lang/NoSuchMethodError'{0x000000070c15e0a0}: 'int java.lang.invoke.DirectMethodHandle$Holder.invokeStaticInit(java.lang.Object, java.lang.Object, java.lang.Object, java.lang.Object)'> (0x000000070c15e0a0) 
thrown [s\open\src\hotspot\share\interpreter\linkResolver.cpp, line 759]
Event: 2.441 Thread 0x000002335a3fffc0 Exception <a 'java/lang/NoSuchMethodError'{0x0000000707fddf40}: 'java.lang.Object java.lang.invoke.DirectMethodHandle$Holder.invokeSpecial(java.lang.Object, java.lang.Object, int, java.lang.Object, int, java.lang.Object)'> (0x0000000707fddf40) 
thrown [s\open\src\hotspot\share\interpreter\linkResolver.cpp, line 759]
Event: 2.441 Thread 0x000002335a3fffc0 Exception <a 'java/lang/NoSuchMethodError'{0x0000000707fe5d40}: 'java.lang.Object java.lang.invoke.DirectMethodHandle$Holder.newInvokeSpecial(java.lang.Object, java.lang.Object, int, java.lang.Object, int)'> (0x0000000707fe5d40) 
thrown [s\open\src\hotspot\share\interpreter\linkResolver.cpp, line 759]
Event: 2.441 Thread 0x000002335a3fffc0 Exception <a 'java/lang/NoSuchMethodError'{0x0000000707fe9e40}: 'java.lang.Object java.lang.invoke.DirectMethodHandle$Holder.invokeSpecial(java.lang.Object, java.lang.Object, java.lang.Object, int, java.lang.Object, int)'> (0x0000000707fe9e40) 
thrown [s\open\src\hotspot\share\interpreter\linkResolver.cpp, line 759]
Event: 18.111 Thread 0x00000233742490f0 Exception <a 'java/lang/NoSuchMethodError'{0x0000000707a9fb98}: 'java.lang.Object java.lang.invoke.DirectMethodHandle$Holder.invokeStatic(java.lang.Object, int, java.lang.Object)'> (0x0000000707a9fb98) 
thrown [s\open\src\hotspot\share\interpreter\linkResolver.cpp, line 759]
Event: 18.119 Thread 0x00000233742490f0 Exception <a 'sun/nio/fs/WindowsException'{0x0000000707af7078}> (0x0000000707af7078) 
thrown [s\open\src\hotspot\share\prims\jni.cpp, line 516]

VM Operations (20 events):
Event: 17.639 Executing VM operation: Cleanup
Event: 17.640 Executing VM operation: Cleanup done
Event: 18.121 Executing VM operation: HandshakeAllThreads
Event: 18.121 Executing VM operation: HandshakeAllThreads done
Event: 18.124 Executing VM operation: HandshakeAllThreads
Event: 18.124 Executing VM operation: HandshakeAllThreads done
Event: 19.134 Executing VM operation: Cleanup
Event: 19.134 Executing VM operation: Cleanup done
Event: 20.155 Executing VM operation: Cleanup
Event: 20.155 Executing VM operation: Cleanup done
Event: 26.213 Executing VM operation: Cleanup
Event: 26.214 Executing VM operation: Cleanup done
Event: 130.044 Executing VM operation: Cleanup
Event: 130.045 Executing VM operation: Cleanup done
Event: 140.117 Executing VM operation: Cleanup
Event: 140.117 Executing VM operation: Cleanup done
Event: 152.209 Executing VM operation: Cleanup
Event: 152.209 Executing VM operation: Cleanup done
Event: 153.222 Executing VM operation: Cleanup
Event: 153.222 Executing VM operation: Cleanup done

Events (20 events):
Event: 18.126 loading class javax/crypto/MacSpi
Event: 18.126 loading class javax/crypto/MacSpi done
Event: 18.126 loading class com/sun/crypto/provider/HmacCore done
Event: 18.126 loading class com/sun/crypto/provider/HmacCore$HmacSHA256 done
Event: 18.141 loading class java/util/Base64$Decoder
Event: 18.141 loading class java/util/Base64$Decoder done
Event: 18.795 Thread 0x0000023374705820 Thread added: 0x0000023374705820
Event: 18.804 loading class java/util/concurrent/locks/ReentrantReadWriteLock$Sync$HoldCounter
Event: 18.804 loading class java/util/concurrent/locks/ReentrantReadWriteLock$Sync$HoldCounter done
Event: 25.559 Thread 0x0000023374705820 Thread exited: 0x0000023374705820
Event: 25.727 Thread 0x000002337237e070 Thread added: 0x000002337237e070
Event: 30.732 Thread 0x000002337237e070 Thread exited: 0x000002337237e070
Event: 91.065 Thread 0x0000023373bcaba0 Thread exited: 0x0000023373bcaba0
Event: 91.065 Thread 0x0000023374756bc0 Thread exited: 0x0000023374756bc0
Event: 91.065 Thread 0x00000233747566f0 Thread exited: 0x00000233747566f0
Event: 129.380 Thread 0x000002337475a0b0 Thread added: 0x000002337475a0b0
Event: 151.909 Thread 0x000002337237e070 Thread added: 0x000002337237e070
Event: 160.681 Thread 0x000002337237e070 Thread exited: 0x000002337237e070
Event: 161.849 Thread 0x000002337237e070 Thread added: 0x000002337237e070
Event: 161.850 Thread 0x00000233720466f0 Thread added: 0x00000233720466f0


Dynamic libraries:
0x00007ff60b350000 - 0x00007ff60b360000 	C:\Program Files\Java\jdk-17\bin\java.exe
0x00007ffa54f50000 - 0x00007ffa55164000 	C:\WINDOWS\SYSTEM32\ntdll.dll
0x00007ffa540b0000 - 0x00007ffa54172000 	C:\WINDOWS\System32\KERNEL32.DLL
0x00007ffa52880000 - 0x00007ffa52c1c000 	C:\WINDOWS\System32\KERNELBASE.dll
0x00000000656b0000 - 0x00000000659e1000 	C:\Program Files\Norton Security\NortonData\22.23.1.21\Definitions\IPSDefs\20230426.061\IPSEng64.dll
0x00007ffa539e0000 - 0x00007ffa53a8e000 	C:\WINDOWS\System32\ADVAPI32.dll
0x00007ffa53e50000 - 0x00007ffa53ef7000 	C:\WINDOWS\System32\msvcrt.dll
0x00007ffa54e60000 - 0x00007ffa54f04000 	C:\WINDOWS\System32\sechost.dll
0x00007ffa52d60000 - 0x00007ffa52e77000 	C:\WINDOWS\System32\RPCRT4.dll
0x00007ffa53aa0000 - 0x00007ffa53aa8000 	C:\WINDOWS\System32\PSAPI.DLL
0x00007ffa524d0000 - 0x00007ffa525e1000 	C:\WINDOWS\System32\ucrtbase.dll
0x00007ffa2e160000 - 0x00007ffa2e17b000 	C:\Program Files\Java\jdk-17\bin\VCRUNTIME140.dll
0x00007ffa306c0000 - 0x00007ffa306d8000 	C:\Program Files\Java\jdk-17\bin\jli.dll
0x00007ffa537d0000 - 0x00007ffa5397b000 	C:\WINDOWS\System32\USER32.dll
0x00007ffa52400000 - 0x00007ffa52426000 	C:\WINDOWS\System32\win32u.dll
0x00007ffa53f00000 - 0x00007ffa53f29000 	C:\WINDOWS\System32\GDI32.dll
0x00007ffa525f0000 - 0x00007ffa52703000 	C:\WINDOWS\System32\gdi32full.dll
0x00007ffa52430000 - 0x00007ffa524ca000 	C:\WINDOWS\System32\msvcp_win.dll
0x00007ffa33bd0000 - 0x00007ffa33e5e000 	C:\WINDOWS\WinSxS\amd64_microsoft.windows.common-controls_6595b64144ccf1df_6.0.22621.608_none_a9444ca7c10bb01d\COMCTL32.dll
0x00007ffa3afb0000 - 0x00007ffa3afba000 	C:\WINDOWS\SYSTEM32\VERSION.dll
0x00007ffa54180000 - 0x00007ffa541b1000 	C:\WINDOWS\System32\IMM32.DLL
0x00007ffa3b0d0000 - 0x00007ffa3b0dc000 	C:\Program Files\Java\jdk-17\bin\vcruntime140_1.dll
0x00007ffa18150000 - 0x00007ffa181de000 	C:\Program Files\Java\jdk-17\bin\msvcp140.dll
0x00007ff9f01f0000 - 0x00007ff9f0dc7000 	C:\Program Files\Java\jdk-17\bin\server\jvm.dll
0x00007ffa49da0000 - 0x00007ffa49dd4000 	C:\WINDOWS\SYSTEM32\WINMM.dll
0x00007ffa4f100000 - 0x00007ffa4f109000 	C:\WINDOWS\SYSTEM32\WSOCK32.dll
0x00007ffa54030000 - 0x00007ffa540a1000 	C:\WINDOWS\System32\ws2_32.DLL
0x00007ffa51350000 - 0x00007ffa51368000 	C:\WINDOWS\SYSTEM32\kernel.appcore.dll
0x00007ffa2ec10000 - 0x00007ffa2ec1a000 	C:\Program Files\Java\jdk-17\bin\jimage.dll
0x00007ffa4fc50000 - 0x00007ffa4fe7e000 	C:\WINDOWS\SYSTEM32\DBGHELP.DLL
0x00007ffa53ab0000 - 0x00007ffa53e39000 	C:\WINDOWS\System32\combase.dll
0x00007ffa536f0000 - 0x00007ffa537c7000 	C:\WINDOWS\System32\OLEAUT32.dll
0x00007ffa37cf0000 - 0x00007ffa37d22000 	C:\WINDOWS\SYSTEM32\dbgcore.DLL
0x00007ffa52c20000 - 0x00007ffa52c9b000 	C:\WINDOWS\System32\bcryptPrimitives.dll
0x00007ffa4f090000 - 0x00007ffa4f09e000 	C:\Program Files\Java\jdk-17\bin\instrument.dll
0x00007ffa2c980000 - 0x00007ffa2c9a5000 	C:\Program Files\Java\jdk-17\bin\java.dll
0x00007ffa17fc0000 - 0x00007ffa18097000 	C:\Program Files\Java\jdk-17\bin\jsvml.dll
0x00007ffa54510000 - 0x00007ffa54d00000 	C:\WINDOWS\System32\SHELL32.dll
0x00007ffa50350000 - 0x00007ffa50c1d000 	C:\WINDOWS\SYSTEM32\windows.storage.dll
0x00007ffa50210000 - 0x00007ffa5034e000 	C:\WINDOWS\SYSTEM32\wintypes.dll
0x00007ffa54240000 - 0x00007ffa54331000 	C:\WINDOWS\System32\SHCORE.dll
0x00007ffa53980000 - 0x00007ffa539de000 	C:\WINDOWS\System32\shlwapi.dll
0x00007ffa522c0000 - 0x00007ffa522e1000 	C:\WINDOWS\SYSTEM32\profapi.dll
0x00007ffa27c00000 - 0x00007ffa27c18000 	C:\Program Files\Java\jdk-17\bin\zip.dll
0x00007ffa2d070000 - 0x00007ffa2d089000 	C:\Program Files\Java\jdk-17\bin\net.dll
0x00007ffa4ca30000 - 0x00007ffa4cb67000 	C:\WINDOWS\SYSTEM32\WINHTTP.dll
0x00007ffa51820000 - 0x00007ffa51889000 	C:\WINDOWS\system32\mswsock.dll
0x00007ffa29380000 - 0x00007ffa29396000 	C:\Program Files\Java\jdk-17\bin\nio.dll
0x00007ffa4d100000 - 0x00007ffa4d11a000 	C:\Program Files\JetBrains\IntelliJ IDEA 2023.1\bin\breakgen64.dll
0x00007ffa50ee0000 - 0x00007ffa50fd3000 	C:\WINDOWS\SYSTEM32\DNSAPI.dll
0x00007ffa50e70000 - 0x00007ffa50e9d000 	C:\WINDOWS\SYSTEM32\IPHLPAPI.DLL
0x00007ffa53e40000 - 0x00007ffa53e49000 	C:\WINDOWS\System32\NSI.dll
0x00007ffa49450000 - 0x00007ffa4945a000 	C:\Windows\System32\rasadhlp.dll
0x00007ffa47370000 - 0x00007ffa473f3000 	C:\WINDOWS\System32\fwpuclnt.dll
0x00007ffa4f080000 - 0x00007ffa4f08a000 	C:\Program Files\Java\jdk-17\bin\management.dll
0x00007ffa4f060000 - 0x00007ffa4f06b000 	C:\Program Files\Java\jdk-17\bin\management_ext.dll
0x00007ffa51a90000 - 0x00007ffa51aab000 	C:\WINDOWS\SYSTEM32\CRYPTSP.dll
0x00007ffa51310000 - 0x00007ffa51345000 	C:\WINDOWS\system32\rsaenh.dll
0x00007ffa518f0000 - 0x00007ffa51918000 	C:\WINDOWS\SYSTEM32\USERENV.dll
0x00007ffa51c50000 - 0x00007ffa51c78000 	C:\WINDOWS\SYSTEM32\bcrypt.dll
0x00007ffa51ab0000 - 0x00007ffa51abc000 	C:\WINDOWS\SYSTEM32\CRYPTBASE.dll
0x00007ffa4aed0000 - 0x00007ffa4aee9000 	C:\WINDOWS\SYSTEM32\dhcpcsvc6.DLL
0x00007ffa4a0d0000 - 0x00007ffa4a0ef000 	C:\WINDOWS\SYSTEM32\dhcpcsvc.DLL
0x00007ff9ec300000 - 0x00007ff9ec317000 	C:\WINDOWS\system32\napinsp.dll
0x00007ff9ec2e0000 - 0x00007ff9ec2fb000 	C:\WINDOWS\system32\pnrpnsp.dll
0x00007ff9ec2c0000 - 0x00007ff9ec2d1000 	C:\WINDOWS\System32\winrnr.dll
0x00007ffa25e70000 - 0x00007ffa25e85000 	C:\WINDOWS\system32\wshbth.dll
0x00007ff9f3730000 - 0x00007ff9f3751000 	C:\WINDOWS\system32\nlansp_c.dll
0x00007ffa25d30000 - 0x00007ffa25d40000 	C:\Program Files\Java\jdk-17\bin\verify.dll
0x00007ffa4d520000 - 0x00007ffa4d52d000 	C:\Program Files\Java\jdk-17\bin\sunmscapi.dll
0x00007ffa52710000 - 0x00007ffa52876000 	C:\WINDOWS\System32\CRYPT32.dll
0x00007ffa51c20000 - 0x00007ffa51c4e000 	C:\WINDOWS\SYSTEM32\ncrypt.dll
0x00007ffa51be0000 - 0x00007ffa51c17000 	C:\WINDOWS\SYSTEM32\NTASN1.dll
0x0000000070bc0000 - 0x0000000070c9c000 	C:\Users\longs\AppData\Local\Temp\sqlite-3.36.0.3-bc171b3a-aacf-4002-84f4-ce25c181b9f1-sqlitejdbc.dll
0x00007ffa2b410000 - 0x00007ffa2b418000 	C:\WINDOWS\system32\wshunix.dll

dbghelp: loaded successfully - version: 4.0.5 - missing functions: none
symbol engine: initialized successfully - sym options: 0x614 - pdb path: .;C:\Program Files\Java\jdk-17\bin;C:\WINDOWS\SYSTEM32;C:\Program Files\Norton Security\NortonData\22.23.1.21\Definitions\IPSDefs\20230426.061;C:\WINDOWS\WinSxS\amd64_microsoft.windows.common-controls_6595b64144ccf1df_6.0.22621.608_none_a9444ca7c10bb01d;C:\Program Files\Java\jdk-17\bin\server;C:\Program Files\JetBrains\IntelliJ IDEA 2023.1\bin;C:\Users\longs\AppData\Local\Temp

VM Arguments:
jvm_args: -XX:TieredStopAtLevel=1 -Dspring.output.ansi.enabled=always -Dcom.sun.management.jmxremote -Dspring.jmx.enabled=true -Dspring.liveBeansView.mbeanDomain -Dspring.application.admin.enabled=true -Dmanagement.endpoints.jmx.exposure.include=* -javaagent:C:\Program Files\JetBrains\IntelliJ IDEA 2023.1\lib\idea_rt.jar=64859:C:\Program Files\JetBrains\IntelliJ IDEA 2023.1\bin -Dfile.encoding=UTF-8 
java_command: com.company.enroller.App
java_class_path (initial): C:\Users\longs\Desktop\IT_15032023\AGH najwaniejsze\z zajec sem2 part2\webowka front part2\target\classes;C:\Users\longs\.m2\repository\org\springframework\boot\spring-boot-starter-web\2.6.6\spring-boot-starter-web-2.6.6.jar;C:\Users\longs\.m2\repository\org\springframework\boot\spring-boot-starter\2.6.6\spring-boot-starter-2.6.6.jar;C:\Users\longs\.m2\repository\org\springframework\boot\spring-boot\2.6.6\spring-boot-2.6.6.jar;C:\Users\longs\.m2\repository\org\springframework\boot\spring-boot-autoconfigure\2.6.6\spring-boot-autoconfigure-2.6.6.jar;C:\Users\longs\.m2\repository\org\springframework\boot\spring-boot-starter-logging\2.6.6\spring-boot-starter-logging-2.6.6.jar;C:\Users\longs\.m2\repository\ch\qos\logback\logback-classic\1.2.11\logback-classic-1.2.11.jar;C:\Users\longs\.m2\repository\ch\qos\logback\logback-core\1.2.11\logback-core-1.2.11.jar;C:\Users\longs\.m2\repository\org\apache\logging\log4j\log4j-to-slf4j\2.17.2\log4j-to-slf4j-2.17.2.jar;C:\Users\longs\.m2\repository\org\apache\logging\log4j\log4j-api\2.17.2\log4j-api-2.17.2.jar;C:\Users\longs\.m2\repository\org\slf4j\jul-to-slf4j\1.7.36\jul-to-slf4j-1.7.36.jar;C:\Users\longs\.m2\repository\jakarta\annotation\jakarta.annotation-api\1.3.5\jakarta.annotation-api-1.3.5.jar;C:\Users\longs\.m2\repository\org\yaml\snakeyaml\1.29\snakeyaml-1.29.jar;C:\Users\longs\.m2\repository\org\springframework\boot\spring-boot-starter-json\2.6.6\spring-boot-starter-json-2.6.6.jar;C:\Users\longs\.m2\repository\com\fasterxml\jackson\datatype\jackson-datatype-jdk8\2.13.2\jackson-datatype-jdk8-2.13.2.jar;C:\Users\longs\.m2\repository\com\fasterxml\jackson\datatype\jackson-datatype-jsr310\2.13.2\jackson-datatype-jsr310-2.13.2.jar;C:\Users\longs\.m2\repository\com\fasterxml\jackson\module\jackson-module-parameter-names\2.13.2\jackson-module-parameter-names-2.13.2.jar;C:\Users\longs\.m2\repository\org\springframework\boot\spring-boot-starter-tomcat\2.6.6\spring-boot-starter-tomcat-2.6.6.jar;C:\Use
Launcher Type: SUN_STANDARD

[Global flags]
     intx CICompilerCount                          = 4                                         {product} {ergonomic}
     uint ConcGCThreads                            = 3                                         {product} {ergonomic}
     uint G1ConcRefinementThreads                  = 10                                        {product} {ergonomic}
   size_t G1HeapRegionSize                         = 2097152                                   {product} {ergonomic}
    uintx GCDrainStackTargetSize                   = 64                                        {product} {ergonomic}
   size_t InitialHeapSize                          = 264241152                                 {product} {ergonomic}
     bool ManagementServer                         = true                                      {product} {command line}
   size_t MarkStackSize                            = 4194304                                   {product} {ergonomic}
   size_t MaxHeapSize                              = 4219469824                                {product} {ergonomic}
   size_t MaxNewSize                               = 2531262464                                {product} {ergonomic}
   size_t MinHeapDeltaBytes                        = 2097152                                   {product} {ergonomic}
   size_t MinHeapSize                              = 8388608                                   {product} {ergonomic}
    uintx NonProfiledCodeHeapSize                  = 0                                      {pd product} {ergonomic}
     bool ProfileInterpreter                       = false                                  {pd product} {command line}
    uintx ProfiledCodeHeapSize                     = 0                                      {pd product} {ergonomic}
   size_t SoftMaxHeapSize                          = 4219469824                             {manageable} {ergonomic}
     intx TieredStopAtLevel                        = 1                                         {product} {command line}
     bool UseCompressedClassPointers               = true                           {product lp64_product} {ergonomic}
     bool UseCompressedOops                        = true                           {product lp64_product} {ergonomic}
     bool UseG1GC                                  = true                                      {product} {ergonomic}
     bool UseLargePagesIndividualAllocation        = false                                  {pd product} {ergonomic}

Logging:
Log output configuration:
 #0: stdout all=warning uptime,level,tags
 #1: stderr all=off uptime,level,tags

Environment Variables:
PATH=C:\Python311\Scripts\;C:\Python311\;C:\Program Files\Common Files\Oracle\Java\javapath;C:\WINDOWS\system32;C:\WINDOWS;C:\WINDOWS\System32\Wbem;C:\WINDOWS\System32\WindowsPowerShell\v1.0\;C:\WINDOWS\System32\OpenSSH\;C:\Program Files\dotnet\;C:\ProgramData\chocolatey\bin;C:\Program Files\Git\cmd;C:\msys64\mingw64\bin;C:\Program Files\PuTTY\;C:\Program Files (x86)\nodejs\;C:\Users\longs\AppData\Local\Microsoft\WindowsApps;C:\Program Files\JetBrains\IntelliJ IDEA 2023.1\bin;;C:\Program Files\JetBrains\IntelliJ IDEA Community Edition 2022.3.2\bin;;C:\Users\longs\.dotnet\tools;C:\Users\longs\AppData\Local\Programs\Microsoft VS Code\bin;C:\Users\longs\Desktop\Maven\apache-maven-3.9.0-bin\apache-maven-3.9.0;C:\Users\longs\Desktop\Maven\apache-maven-3.9.0-bin\apache-maven-3.9.0\bin;C:\Program Files (x86)\Nmap;C:\Program Files\JetBrains\WebStorm 2023.1\bin;;C:\Users\longs\AppData\Roaming\npm
USERNAME=longs
OS=Windows_NT
PROCESSOR_IDENTIFIER=Intel64 Family 6 Model 154 Stepping 4, GenuineIntel



---------------  S Y S T E M  ---------------

OS:
 Windows 11 , 64 bit Build 22621 (10.0.22621.1485)
OS uptime: 2 days 2:22 hours
Hyper-V role detected

CPU: total 12 (initial active 12) (6 cores per cpu, 2 threads per core) family 6 model 154 stepping 4 microcode 0x416, cx8, cmov, fxsr, ht, mmx, 3dnowpref, sse, sse2, sse3, ssse3, sse4.1, sse4.2, popcnt, lzcnt, tsc, tscinvbit, avx, avx2, aes, erms, clmul, bmi1, bmi2, adx, sha, fma, vzeroupper, clflush, clflushopt, clwb, hv

Memory: 4k page, system-wide physical 16088M (5316M free)
TotalPageFile size 17112M (AvailPageFile size 4243M)
current process WorkingSet (physical memory assigned to process): 188M, peak: 188M
current process commit charge ("private bytes"): 230M, peak: 380M

vm_info: Java HotSpot(TM) 64-Bit Server VM (17.0.6+9-LTS-190) for windows-amd64 JRE (17.0.6+9-LTS-190), built on Dec  6 2022 15:53:54 by "mach5one" with MS VC++ 17.1 (VS2022)

END.
